#
# A fatal error has been detected by the Java Runtime Environment:
#
#  SIGSEGV (0xb) at pc=0x00007f27840e2c1e, pid=13352, tid=0x00007f274cafe700
#
# JRE version: OpenJDK Runtime Environment (8.0_171-b11) (build 1.8.0_171-8u171-b11-0ubuntu0.18.04.1-b11)
# Java VM: OpenJDK 64-Bit Server VM (25.171-b11 mixed mode linux-amd64 compressed oops)
# Problematic frame:
# C  [libpcap.so.1.8.1+0x6c1e]
#
# Failed to write core dump. Core dumps have been disabled. To enable core dumping, try "ulimit -c unlimited" before starting Java again
#
# If you would like to submit a bug report, please visit:
#   http://bugreport.java.com/bugreport/crash.jsp
# The crash happened outside the Java Virtual Machine in native code.
# See problematic frame for where to report the bug.
#

---------------  T H R E A D  ---------------

Current thread (0x00007f27b08f7800):  JavaThread "nzyme-loop-0" daemon [_thread_in_native, id=13408, stack(0x00007f274c9fe000,0x00007f274caff000)]

siginfo: si_signo: 11 (SIGSEGV), si_code: 1 (SEGV_MAPERR), si_addr: 0x00007f274caff008

Registers:
RAX=0x00007f274caff000, RBX=0x00007f27b08c57d0, RCX=0x0000000000000000, RDX=0x0000000000000000
RSP=0x00007f274cafc8d0, RBP=0x00007f27b08dfb20, RSI=0x0000000000000001, RDI=0x0000000000000000
R8 =0x0000000000000000, R9 =0x00007f27b08f7800, R10=0x000000000000000c, R11=0x0000000000000000
R12=0x0000000000000000, R13=0x00007f27b08df8b0, R14=0x00007f27840e13c0, R15=0x0000000000000003
RIP=0x00007f27840e2c1e, EFLAGS=0x0000000000010246, CSGSFS=0x002b000000000033, ERR=0x0000000000000004
  TRAPNO=0x000000000000000e

Top of Stack: (sp=0x00007f274cafc8d0)
0x00007f274cafc8d0:   00007f274cafc930 00007f27b08f7800
0x00007f274cafc8e0:   00007f274caff000 8b927ec000000001
0x00007f274cafc8f0:   000000844cafc970 00007f27b08c57d0
0x00007f274cafc900:   00007f274cafc960 0000000000000000
0x00007f274cafc910:   00007f27b08c5720 00007f274cafc8b0
0x00007f274cafc920:   0000000000000003 00007f27840ea66a
0x00007f274cafc930:   00007f27b08dfab0 00007f2714002240
0x00007f274cafc940:   00007f27b08df8b0 8b927ec0d032e100
0x00007f274cafc950:   00007f274cafcb70 00007f278436865c
0x00007f274cafc960:   000000000000000a 00007f274cafd550
0x00007f274cafc970:   00007f274cafca50 00007f2784368164
0x00007f274cafc980:   0000000000000000 0000000000000000
0x00007f274cafc990:   0000000000000000 00007f274cafd4c0
0x00007f274cafc9a0:   00007f274cafcc40 00007f274cafca1c
0x00007f274cafc9b0:   00007f274cafca18 00007f274cafca00
0x00007f274cafc9c0:   00007f274cafd3b0 00007f274cafd550
0x00007f274cafc9d0:   00007f27840ea620 00007f274cafc960
0x00007f274cafc9e0:   00007f27b08c57c0 0000000000000003
0x00007f274cafc9f0:   0000000300000003 0000000000000001
0x00007f274cafca00:   00007f2700000001 0000000000000010
0x00007f274cafca10:   0000000000000002 0000000100000000
0x00007f274cafca20:   00007f274cafca50 00007f274cafd4c0
0x00007f274cafca30:   0000000000000005 0000000000000010
0x00007f274cafca40:   0000000000000002 0000000000000003
0x00007f274cafca50:   00007f274cafd390 00007f278435d489
0x00007f274cafca60:   407aa00000000000 0000000000000000
0x00007f274cafca70:   00000007196044a0 0000000000000000
0x00007f274cafca80:   0000000000000051 00007f278435d1d2
0x00007f274cafca90:   0000000000000000 0000000000000000
0x00007f274cafcaa0:   0000000000000000 205d653032313739
0x00007f274cafcab0:   312e32303820676e 00007f278435d19d
0x00007f274cafcac0:   0000000000000000 0000000000000000 

Instructions: (pc=0x00007f27840e2c1e)
0x00007f27840e2bfe:   89 ef e8 8b fd ff ff 85 c0 0f 85 3e 02 00 00 49
0x00007f27840e2c0e:   63 55 78 49 8b 45 20 48 8b 04 d0 48 89 44 24 10
0x00007f27840e2c1e:   8b 40 08 85 c0 74 c1 0f 1f 00 8b 4c 24 18 c7 44
0x00007f27840e2c2e:   24 0c 00 00 00 00 85 c9 0f 9e 44 24 1f 8b 74 24 

Register to memory mapping:

RAX=0x00007f274caff000 is pointing into the stack for thread: 0x00007f27b08f7800
RBX=0x00007f27b08c57d0 is an unknown value
RCX=0x0000000000000000 is an unknown value
RDX=0x0000000000000000 is an unknown value
RSP=0x00007f274cafc8d0 is pointing into the stack for thread: 0x00007f27b08f7800
RBP=0x00007f27b08dfb20 is an unknown value
RSI=0x0000000000000001 is an unknown value
RDI=0x0000000000000000 is an unknown value
R8 =0x0000000000000000 is an unknown value
R9 =0x00007f27b08f7800 is a thread
R10=0x000000000000000c is an unknown value
R11=0x0000000000000000 is an unknown value
R12=0x0000000000000000 is an unknown value
R13=0x00007f27b08df8b0 is an unknown value
R14=0x00007f27840e13c0: <offset 0x53c0> in /usr/lib/x86_64-linux-gnu/libpcap.so.1.8.1 at 0x00007f27840dc000
R15=0x0000000000000003 is an unknown value


Stack: [0x00007f274c9fe000,0x00007f274caff000],  sp=0x00007f274cafc8d0,  free space=1018k
Native frames: (J=compiled Java code, j=interpreted, Vv=VM code, C=native code)
C  [libpcap.so.1.8.1+0x6c1e]

Java frames: (J=compiled Java code, j=interpreted, Vv=VM code)
j  org.pcap4j.core.NativeMappings.pcap_next_ex(Lcom/sun/jna/Pointer;Lcom/sun/jna/ptr/PointerByReference;Lcom/sun/jna/ptr/PointerByReference;)I+0
j  org.pcap4j.core.PcapHandle.getNextRawPacketEx()[B+73
j  org.pcap4j.core.PcapHandle.getNextPacketEx()Lorg/pcap4j/packet/Packet;+1
j  horse.wtf.nzyme.NzymeImpl.lambda$loop$0(Lhorse/wtf/nzyme/Nzyme;)V+33
j  horse.wtf.nzyme.NzymeImpl$$Lambda$13.run()V+8
j  java.util.concurrent.Executors$RunnableAdapter.call()Ljava/lang/Object;+4
j  java.util.concurrent.FutureTask.run()V+42
j  java.util.concurrent.ThreadPoolExecutor.runWorker(Ljava/util/concurrent/ThreadPoolExecutor$Worker;)V+95
j  java.util.concurrent.ThreadPoolExecutor$Worker.run()V+5
j  java.lang.Thread.run()V+11
v  ~StubRoutines::call_stub

---------------  P R O C E S S  ---------------

Java Threads: ( => current thread )
  0x00007f275c001800 JavaThread "SIGINT handler" daemon [_thread_blocked, id=13411, stack(0x00007f274c8fd000,0x00007f274c9fe000)]
=>0x00007f27b08f7800 JavaThread "nzyme-loop-0" daemon [_thread_in_native, id=13408, stack(0x00007f274c9fe000,0x00007f274caff000)]
  0x00007f272c077800 JavaThread "periodicals-1" daemon [_thread_blocked, id=13407, stack(0x00007f276c05d000,0x00007f276c15e000)]
  0x00007f272c042800 JavaThread "Okio Watchdog" daemon [_thread_blocked, id=13406, stack(0x00007f276c35e000,0x00007f276c45f000)]
  0x00007f272c041800 JavaThread "OkHttp ConnectionPool" daemon [_thread_blocked, id=13405, stack(0x00007f276c45f000,0x00007f276c560000)]
  0x00007f27b08bf000 JavaThread "process reaper" daemon [_thread_blocked, id=13402, stack(0x00007f278431d000,0x00007f2784356000)]
  0x00007f27b088c000 JavaThread "channel-hopper-0" daemon [_thread_blocked, id=13399, stack(0x00007f2784cb3000,0x00007f2784db4000)]
  0x00007f27b087d800 JavaThread "periodicals-0" daemon [_thread_blocked, id=13398, stack(0x00007f2784db4000,0x00007f2784eb5000)]
  0x00007f27b06b4000 JavaThread "statistics-0" daemon [_thread_blocked, id=13396, stack(0x00007f27854e8000,0x00007f27855e9000)]
  0x00007f27b03f9800 JavaThread "Service Thread" daemon [_thread_blocked, id=13391, stack(0x00007f2785f07000,0x00007f2786008000)]
  0x00007f27b03f6800 JavaThread "C1 CompilerThread3" daemon [_thread_blocked, id=13390, stack(0x00007f2786009000,0x00007f2786109000)]
  0x00007f27b03f4000 JavaThread "C2 CompilerThread2" daemon [_thread_blocked, id=13389, stack(0x00007f2786322000,0x00007f2786422000)]
  0x00007f27b03f2000 JavaThread "C2 CompilerThread1" daemon [_thread_blocked, id=13388, stack(0x00007f2786423000,0x00007f2786523000)]
  0x00007f27b03f0000 JavaThread "C2 CompilerThread0" daemon [_thread_blocked, id=13386, stack(0x00007f2786524000,0x00007f2786624000)]
  0x00007f27b03ee000 JavaThread "Monitor Ctrl-Break" daemon [_thread_in_native, id=13384, stack(0x00007f2786624000,0x00007f2786725000)]
  0x00007f27b01d7000 JavaThread "Finalizer" daemon [_thread_blocked, id=13375, stack(0x00007f2786bec000,0x00007f2786ced000)]
  0x00007f27b01d2800 JavaThread "Reference Handler" daemon [_thread_blocked, id=13374, stack(0x00007f2786ced000,0x00007f2786dee000)]
  0x00007f27b000d800 JavaThread "main" [_thread_blocked, id=13361, stack(0x00007f27b738a000,0x00007f27b748a000)]

Other Threads:
  0x00007f27b01ca800 VMThread [stack: 0x00007f2786def000,0x00007f2786eef000] [id=13372]

VM state:at safepoint (shutting down)

VM Mutex/Monitor currently owned by a thread:  ([mutex/lock_event])
[0x00007f27b000a130] Threads_lock - owner thread: 0x00007f27b01ca800

Heap:
 PSYoungGen      total 150016K, used 12988K [0x0000000718f00000, 0x0000000723600000, 0x00000007c0000000)
  eden space 129024K, 10% used [0x0000000718f00000,0x0000000719baf1e8,0x0000000720d00000)
  from space 20992K, 0% used [0x0000000720d00000,0x0000000720d00000,0x0000000722180000)
  to   space 20992K, 0% used [0x0000000722180000,0x0000000722180000,0x0000000723600000)
 ParOldGen       total 233472K, used 12957K [0x00000005cac00000, 0x00000005d9000000, 0x0000000718f00000)
  object space 233472K, 5% used [0x00000005cac00000,0x00000005cb8a74b8,0x00000005d9000000)
 Metaspace       used 21256K, capacity 21544K, committed 21888K, reserved 1069056K
  class space    used 2470K, capacity 2570K, committed 2688K, reserved 1048576K

Card table byte_map: [0x00007f279f660000,0x00007f27a060b000] byte_map_base: 0x00007f279c80a000

Marking Bits: (ParMarkBitMap*) 0x00007f27b662a140
 Begin Bits: [0x00007f276c560000, 0x00007f27742b0000)
 End Bits:   [0x00007f27742b0000, 0x00007f277c000000)

Polling page: 0x00007f27b74ab000

CodeCache: size=245760Kb used=5207Kb max_used=5207Kb free=240552Kb
 bounds [0x00007f27a09cb000, 0x00007f27a0eeb000, 0x00007f27af9cb000]
 total_blobs=1960 nmethods=1483 adapters=391
 compilation: enabled

Compilation events (10 events):
Event: 2.339 Thread 0x00007f27b03f6800 nmethod 1479 0x00007f27a0ee5550 code [0x00007f27a0ee56e0, 0x00007f27a0ee5ad8]
Event: 2.339 Thread 0x00007f27b03f6800 1480       1       java.util.logging.LogManager::access$500 (5 bytes)
Event: 2.339 Thread 0x00007f27b03f6800 nmethod 1480 0x00007f27a0ee5290 code [0x00007f27a0ee53e0, 0x00007f27a0ee54d0]
Event: 2.339 Thread 0x00007f27b03f6800 1481       3       java.util.regex.Pattern$GroupHead::match (47 bytes)
Event: 2.339 Thread 0x00007f27b03f6800 nmethod 1481 0x00007f27a0ee4c90 code [0x00007f27a0ee4e00, 0x00007f27a0ee50a8]
Event: 2.339 Thread 0x00007f27b03f6800 1483       3       java.util.Formatter$Flags::contains (22 bytes)
Event: 2.340 Thread 0x00007f27b03f6800 nmethod 1483 0x00007f27a0ee4850 code [0x00007f27a0ee49c0, 0x00007f27a0ee4bd0]
Event: 2.340 Thread 0x00007f27b03f6800 1482       3       java.util.regex.Matcher::group (112 bytes)
Event: 2.340 Thread 0x00007f27b03f6800 nmethod 1482 0x00007f27a0ee3290 code [0x00007f27a0ee34e0, 0x00007f27a0ee4268]
Event: 2.340 Thread 0x00007f27b03f6800 1484       3       org.apache.logging.log4j.status.StatusLogger::isEnabled (39 bytes)

GC Heap History (4 events):
Event: 1.311 GC heap before
{Heap before GC invocations=1 (full 0):
 PSYoungGen      total 150016K, used 113838K [0x0000000718f00000, 0x0000000723600000, 0x00000007c0000000)
  eden space 129024K, 88% used [0x0000000718f00000,0x000000071fe2bb68,0x0000000720d00000)
  from space 20992K, 0% used [0x0000000722180000,0x0000000722180000,0x0000000723600000)
  to   space 20992K, 0% used [0x0000000720d00000,0x0000000720d00000,0x0000000722180000)
 ParOldGen       total 343040K, used 0K [0x00000005cac00000, 0x00000005dfb00000, 0x0000000718f00000)
  object space 343040K, 0% used [0x00000005cac00000,0x00000005cac00000,0x00000005dfb00000)
 Metaspace       used 20767K, capacity 21000K, committed 21248K, reserved 1069056K
  class space    used 2412K, capacity 2500K, committed 2560K, reserved 1048576K
Event: 1.318 GC heap after
Heap after GC invocations=1 (full 0):
 PSYoungGen      total 150016K, used 13595K [0x0000000718f00000, 0x0000000723600000, 0x00000007c0000000)
  eden space 129024K, 0% used [0x0000000718f00000,0x0000000718f00000,0x0000000720d00000)
  from space 20992K, 64% used [0x0000000720d00000,0x0000000721a46cf8,0x0000000722180000)
  to   space 20992K, 0% used [0x0000000722180000,0x0000000722180000,0x0000000723600000)
 ParOldGen       total 343040K, used 80K [0x00000005cac00000, 0x00000005dfb00000, 0x0000000718f00000)
  object space 343040K, 0% used [0x00000005cac00000,0x00000005cac14010,0x00000005dfb00000)
 Metaspace       used 20767K, capacity 21000K, committed 21248K, reserved 1069056K
  class space    used 2412K, capacity 2500K, committed 2560K, reserved 1048576K
}
Event: 1.318 GC heap before
{Heap before GC invocations=2 (full 1):
 PSYoungGen      total 150016K, used 13595K [0x0000000718f00000, 0x0000000723600000, 0x00000007c0000000)
  eden space 129024K, 0% used [0x0000000718f00000,0x0000000718f00000,0x0000000720d00000)
  from space 20992K, 64% used [0x0000000720d00000,0x0000000721a46cf8,0x0000000722180000)
  to   space 20992K, 0% used [0x0000000722180000,0x0000000722180000,0x0000000723600000)
 ParOldGen       total 343040K, used 80K [0x00000005cac00000, 0x00000005dfb00000, 0x0000000718f00000)
  object space 343040K, 0% used [0x00000005cac00000,0x00000005cac14010,0x00000005dfb00000)
 Metaspace       used 20767K, capacity 21000K, committed 21248K, reserved 1069056K
  class space    used 2412K, capacity 2500K, committed 2560K, reserved 1048576K
Event: 1.334 GC heap after
Heap after GC invocations=2 (full 1):
 PSYoungGen      total 150016K, used 0K [0x0000000718f00000, 0x0000000723600000, 0x00000007c0000000)
  eden space 129024K, 0% used [0x0000000718f00000,0x0000000718f00000,0x0000000720d00000)
  from space 20992K, 0% used [0x0000000720d00000,0x0000000720d00000,0x0000000722180000)
  to   space 20992K, 0% used [0x0000000722180000,0x0000000722180000,0x0000000723600000)
 ParOldGen       total 233472K, used 12957K [0x00000005cac00000, 0x00000005d9000000, 0x0000000718f00000)
  object space 233472K, 5% used [0x00000005cac00000,0x00000005cb8a74b8,0x00000005d9000000)
 Metaspace       used 20767K, capacity 21000K, committed 21248K, reserved 1069056K
  class space    used 2412K, capacity 2500K, committed 2560K, reserved 1048576K
}

Deoptimization events (10 events):
Event: 0.775 Thread 0x00007f27b087d800 Uncommon trap: reason=unstable_if action=reinterpret pc=0x00007f27a0d1171c method=java.lang.CharacterDataLatin1.digit(II)I @ 82
Event: 0.798 Thread 0x00007f27b000d800 Uncommon trap: reason=unstable_if action=reinterpret pc=0x00007f27a0df441c method=java.lang.String.lastIndexOf([CII[CIII)I @ 118
Event: 0.806 Thread 0x00007f27b000d800 Uncommon trap: reason=bimorphic action=maybe_recompile pc=0x00007f27a0e22804 method=java.lang.ThreadLocal.get()Ljava/lang/Object; @ 6
Event: 0.806 Thread 0x00007f27b000d800 Uncommon trap: reason=bimorphic action=maybe_recompile pc=0x00007f27a0e22804 method=java.lang.ThreadLocal.get()Ljava/lang/Object; @ 6
Event: 0.806 Thread 0x00007f27b000d800 Uncommon trap: reason=bimorphic action=maybe_recompile pc=0x00007f27a0e22804 method=java.lang.ThreadLocal.get()Ljava/lang/Object; @ 6
Event: 0.946 Thread 0x00007f27b087d800 Uncommon trap: reason=predicate action=maybe_recompile pc=0x00007f27a0de4ee8 method=java.util.regex.Pattern$SliceI.match(Ljava/util/regex/Matcher;ILjava/lang/CharSequence;)Z @ 21
Event: 1.044 Thread 0x00007f27b087d800 Uncommon trap: reason=unstable_if action=reinterpret pc=0x00007f27a0e53288 method=java.util.Arrays.equals([B[B)Z @ 12
Event: 1.336 Thread 0x00007f27b01d7000 Uncommon trap: reason=unstable_if action=reinterpret pc=0x00007f27a0e704bc method=java.lang.ref.ReferenceQueue.poll()Ljava/lang/ref/Reference; @ 4
Event: 1.792 Thread 0x00007f27b000d800 Uncommon trap: reason=bimorphic action=maybe_recompile pc=0x00007f27a0e22804 method=java.lang.ThreadLocal.get()Ljava/lang/Object; @ 6
Event: 2.203 Thread 0x00007f27b08f7800 Uncommon trap: reason=unstable_if action=reinterpret pc=0x00007f27a0af3be0 method=sun.nio.cs.UTF_8$Encoder.encode([CII[B)I @ 33

Classes redefined (0 events):
No events

Internal exceptions (10 events):
Event: 0.395 Thread 0x00007f27b000d800 Exception <a 'java/lang/NoSuchFieldError': method resolution failed> (0x000000071b36e2d0) thrown at [/build/openjdk-8-TuolsG/openjdk-8-8u171-b11/src/hotspot/src/share/vm/prims/methodHandles.cpp, line 1167]
Event: 0.395 Thread 0x00007f27b000d800 Exception <a 'java/lang/NoSuchFieldError': method resolution failed> (0x000000071b37be60) thrown at [/build/openjdk-8-TuolsG/openjdk-8-8u171-b11/src/hotspot/src/share/vm/prims/methodHandles.cpp, line 1167]
Event: 0.753 Thread 0x00007f27b000d800 Implicit null exception at 0x00007f27a0dbb478 to 0x00007f27a0dbb975
Event: 0.753 Thread 0x00007f27b000d800 Implicit null exception at 0x00007f27a0d1f97b to 0x00007f27a0d1fe29
Event: 0.753 Thread 0x00007f27b000d800 Implicit null exception at 0x00007f27a0ba03af to 0x00007f27a0ba0419
Event: 0.794 Thread 0x00007f27b000d800 Exception <a 'java/lang/UnsatisfiedLinkError': libpcap.so: cannot open shared object file: No such file or directory> (0x000000071eb8e7a8) thrown at [/build/openjdk-8-TuolsG/openjdk-8-8u171-b11/src/hotspot/src/share/vm/prims/jni.cpp, line 735]
Event: 0.795 Thread 0x00007f27b000d800 Exception <a 'java/lang/UnsatisfiedLinkError': libpcap.so: cannot open shared object file: No such file or directory> (0x000000071eb905c8) thrown at [/build/openjdk-8-TuolsG/openjdk-8-8u171-b11/src/hotspot/src/share/vm/prims/jni.cpp, line 735]
Event: 1.044 Thread 0x00007f27b087d800 Implicit null exception at 0x00007f27a0e53138 to 0x00007f27a0e53275
Event: 1.844 Thread 0x00007f27b000d800 Exception <a 'java/lang/UnsatisfiedLinkError': libpcap.so: cannot open shared object file: No such file or directory> (0x000000071938f968) thrown at [/build/openjdk-8-TuolsG/openjdk-8-8u171-b11/src/hotspot/src/share/vm/prims/jni.cpp, line 735]
Event: 1.844 Thread 0x00007f27b000d800 Exception <a 'java/lang/UnsatisfiedLinkError': libpcap.so: cannot open shared object file: No such file or directory> (0x0000000719391788) thrown at [/build/openjdk-8-TuolsG/openjdk-8-8u171-b11/src/hotspot/src/share/vm/prims/jni.cpp, line 735]

Events (10 events):
Event: 2.338 loading class java/util/IdentityHashMap$IdentityHashMapIterator done
Event: 2.338 loading class java/util/IdentityHashMap$KeyIterator done
Event: 2.339 Thread 0x00007f2718001800 Thread added: 0x00007f2718001800
Event: 2.339 Thread 0x00007f2718003000 Thread added: 0x00007f2718003000
Event: 2.339 Thread 0x00007f2718005000 Thread added: 0x00007f2718005000
Event: 2.339 Thread 0x00007f2718003000 Thread exited: 0x00007f2718003000
Event: 2.339 Thread 0x00007f2718001800 Thread exited: 0x00007f2718001800
Event: 2.340 Thread 0x00007f2718005000 Thread exited: 0x00007f2718005000
Event: 2.340 Thread 0x00007f27b0209800 Thread exited: 0x00007f27b0209800
Event: 2.340 Executing VM operation: Exit


Dynamic libraries:
5cac00000-5d9000000 rw-p 00000000 00:00 0 
5d9000000-718f00000 ---p 00000000 00:00 0 
718f00000-723600000 rw-p 00000000 00:00 0 
723600000-7c0000000 ---p 00000000 00:00 0 
7c0000000-7c02a0000 rw-p 00000000 00:00 0 
7c02a0000-800000000 ---p 00000000 00:00 0 
55eaf5e77000-55eaf5e78000 r-xp 00000000 fd:01 20188080                   /usr/lib/jvm/java-8-openjdk-amd64/jre/bin/java
55eaf6077000-55eaf6078000 r--p 00000000 fd:01 20188080                   /usr/lib/jvm/java-8-openjdk-amd64/jre/bin/java
55eaf6078000-55eaf6079000 rw-p 00001000 fd:01 20188080                   /usr/lib/jvm/java-8-openjdk-amd64/jre/bin/java
55eaf6b00000-55eaf6b21000 rw-p 00000000 00:00 0                          [heap]
7f2704000000-7f2704021000 rw-p 00000000 00:00 0 
7f2704021000-7f2708000000 ---p 00000000 00:00 0 
7f270c000000-7f270c021000 rw-p 00000000 00:00 0 
7f270c021000-7f2710000000 ---p 00000000 00:00 0 
7f2710000000-7f2710021000 rw-p 00000000 00:00 0 
7f2710021000-7f2714000000 ---p 00000000 00:00 0 
7f2714000000-7f2714021000 rw-p 00000000 00:00 0 
7f2714021000-7f2718000000 ---p 00000000 00:00 0 
7f2718000000-7f2718021000 rw-p 00000000 00:00 0 
7f2718021000-7f271c000000 ---p 00000000 00:00 0 
7f271c000000-7f271c021000 rw-p 00000000 00:00 0 
7f271c021000-7f2720000000 ---p 00000000 00:00 0 
7f2720000000-7f2720021000 rw-p 00000000 00:00 0 
7f2720021000-7f2724000000 ---p 00000000 00:00 0 
7f2724000000-7f2724021000 rw-p 00000000 00:00 0 
7f2724021000-7f2728000000 ---p 00000000 00:00 0 
7f2728000000-7f2728021000 rw-p 00000000 00:00 0 
7f2728021000-7f272c000000 ---p 00000000 00:00 0 
7f272c000000-7f272c08b000 rw-p 00000000 00:00 0 
7f272c08b000-7f2730000000 ---p 00000000 00:00 0 
7f2730000000-7f2730021000 rw-p 00000000 00:00 0 
7f2730021000-7f2734000000 ---p 00000000 00:00 0 
7f2734000000-7f2734021000 rw-p 00000000 00:00 0 
7f2734021000-7f2738000000 ---p 00000000 00:00 0 
7f2738000000-7f2738021000 rw-p 00000000 00:00 0 
7f2738021000-7f273c000000 ---p 00000000 00:00 0 
7f273c000000-7f273c0ee000 rw-p 00000000 00:00 0 
7f273c0ee000-7f273c17d000 rw-p 00000000 00:00 0 
7f273c17d000-7f273c180000 rw-p 00000000 00:00 0 
7f273c180000-7f273c1d7000 rw-p 00000000 00:00 0 
7f273c1d7000-7f273c21e000 ---p 00000000 00:00 0 
7f273c21e000-7f2740000000 ---p 00000000 00:00 0 
7f2740000000-7f2740021000 rw-p 00000000 00:00 0 
7f2740021000-7f2744000000 ---p 00000000 00:00 0 
7f2744000000-7f27442b7000 rw-p 00000000 00:00 0 
7f27442b7000-7f2748000000 ---p 00000000 00:00 0 
7f2748000000-7f27480c5000 rw-p 00000000 00:00 0 
7f27480c5000-7f274810e000 rw-p 00000000 00:00 0 
7f274810e000-7f2748170000 rw-p 00000000 00:00 0 
7f2748170000-7f274c000000 ---p 00000000 00:00 0 
7f274c5fa000-7f274c5fd000 ---p 00000000 00:00 0 
7f274c5fd000-7f274c6fb000 rw-p 00000000 00:00 0 
7f274c6fb000-7f274c6fe000 ---p 00000000 00:00 0 
7f274c6fe000-7f274c7fc000 rw-p 00000000 00:00 0 
7f274c7fc000-7f274c7ff000 ---p 00000000 00:00 0 
7f274c7ff000-7f274c8fd000 rw-p 00000000 00:00 0 
7f274c8fd000-7f274c900000 ---p 00000000 00:00 0 
7f274c900000-7f274c9fe000 rw-p 00000000 00:00 0 
7f274c9fe000-7f274ca01000 ---p 00000000 00:00 0 
7f274ca01000-7f274caff000 rw-p 00000000 00:00 0 
7f274cfff000-7f2750000000 rw-p 00000000 00:00 0 
7f2750000000-7f2750024000 rw-p 00000000 00:00 0 
7f2750024000-7f2754000000 ---p 00000000 00:00 0 
7f2754000000-7f27541af000 rw-p 00000000 00:00 0 
7f27541af000-7f2754223000 rw-p 00000000 00:00 0 
7f2754223000-7f27542ab000 rw-p 00000000 00:00 0 
7f27542ab000-7f2758000000 ---p 00000000 00:00 0 
7f2758000000-7f2758021000 rw-p 00000000 00:00 0 
7f2758021000-7f275c000000 ---p 00000000 00:00 0 
7f275c000000-7f275c021000 rw-p 00000000 00:00 0 
7f275c021000-7f2760000000 ---p 00000000 00:00 0 
7f2760000000-7f2760021000 rw-p 00000000 00:00 0 
7f2760021000-7f2764000000 ---p 00000000 00:00 0 
7f2764000000-7f2764021000 rw-p 00000000 00:00 0 
7f2764021000-7f2768000000 ---p 00000000 00:00 0 
7f2768000000-7f2768021000 rw-p 00000000 00:00 0 
7f2768021000-7f276c000000 ---p 00000000 00:00 0 
7f276c05d000-7f276c060000 ---p 00000000 00:00 0 
7f276c060000-7f276c21e000 rw-p 00000000 00:00 0 
7f276c21e000-7f276c35e000 ---p 00000000 00:00 0 
7f276c35e000-7f276c361000 ---p 00000000 00:00 0 
7f276c361000-7f276c45f000 rw-p 00000000 00:00 0 
7f276c45f000-7f276c462000 ---p 00000000 00:00 0 
7f276c462000-7f277c000000 rw-p 00000000 00:00 0 
7f277c000000-7f277c021000 rw-p 00000000 00:00 0 
7f277c021000-7f2780000000 ---p 00000000 00:00 0 
7f2780000000-7f2780021000 rw-p 00000000 00:00 0 
7f2780021000-7f2784000000 ---p 00000000 00:00 0 
7f27840dc000-7f278411b000 r-xp 00000000 fd:01 20185901                   /usr/lib/x86_64-linux-gnu/libpcap.so.1.8.1
7f278411b000-7f278431a000 ---p 0003f000 fd:01 20185901                   /usr/lib/x86_64-linux-gnu/libpcap.so.1.8.1
7f278431a000-7f278431c000 r--p 0003e000 fd:01 20185901                   /usr/lib/x86_64-linux-gnu/libpcap.so.1.8.1
7f278431c000-7f278431d000 rw-p 00040000 fd:01 20185901                   /usr/lib/x86_64-linux-gnu/libpcap.so.1.8.1
7f278431d000-7f2784320000 ---p 00000000 00:00 0 
7f2784320000-7f2784356000 rw-p 00000000 00:00 0 
7f2784356000-7f278436d000 r-xp 00000000 fd:01 60032572                   /tmp/jna-3571654/jna1811738785931309443.tmp (deleted)
7f278436d000-7f278446c000 ---p 00017000 fd:01 60032572                   /tmp/jna-3571654/jna1811738785931309443.tmp (deleted)
7f278446c000-7f278446e000 rw-p 00016000 fd:01 60032572                   /tmp/jna-3571654/jna1811738785931309443.tmp (deleted)
7f278446e000-7f2784485000 r-xp 00000000 fd:01 21498336                   /lib/x86_64-linux-gnu/libresolv-2.27.so
7f2784485000-7f2784685000 ---p 00017000 fd:01 21498336                   /lib/x86_64-linux-gnu/libresolv-2.27.so
7f2784685000-7f2784686000 r--p 00017000 fd:01 21498336                   /lib/x86_64-linux-gnu/libresolv-2.27.so
7f2784686000-7f2784687000 rw-p 00018000 fd:01 21498336                   /lib/x86_64-linux-gnu/libresolv-2.27.so
7f2784687000-7f2784689000 rw-p 00000000 00:00 0 
7f2784689000-7f278468e000 r-xp 00000000 fd:01 21498329                   /lib/x86_64-linux-gnu/libnss_dns-2.27.so
7f278468e000-7f278488e000 ---p 00005000 fd:01 21498329                   /lib/x86_64-linux-gnu/libnss_dns-2.27.so
7f278488e000-7f278488f000 r--p 00005000 fd:01 21498329                   /lib/x86_64-linux-gnu/libnss_dns-2.27.so
7f278488f000-7f2784890000 rw-p 00006000 fd:01 21498329                   /lib/x86_64-linux-gnu/libnss_dns-2.27.so
7f2784890000-7f2784892000 r-xp 00000000 fd:01 21500405                   /lib/x86_64-linux-gnu/libnss_mdns4_minimal.so.2
7f2784892000-7f2784a91000 ---p 00002000 fd:01 21500405                   /lib/x86_64-linux-gnu/libnss_mdns4_minimal.so.2
7f2784a91000-7f2784a92000 r--p 00001000 fd:01 21500405                   /lib/x86_64-linux-gnu/libnss_mdns4_minimal.so.2
7f2784a92000-7f2784a93000 rw-p 00002000 fd:01 21500405                   /lib/x86_64-linux-gnu/libnss_mdns4_minimal.so.2
7f2784ab1000-7f2784ab2000 r--p 00000000 00:00 0 
7f2784ab2000-7f2784ab3000 rwxp 00000000 00:00 0 
7f2784ab3000-7f2784cb3000 rw-p 00000000 00:00 0 
7f2784cb3000-7f2784cb6000 ---p 00000000 00:00 0 
7f2784cb6000-7f2784db4000 rw-p 00000000 00:00 0 
7f2784db4000-7f2784db7000 ---p 00000000 00:00 0 
7f2784db7000-7f27850b5000 rw-p 00000000 00:00 0 
7f27850b5000-7f27852b5000 rw-p 00000000 00:00 0 
7f27852b5000-7f27852dd000 r-xp 00000000 fd:01 20193289                   /usr/lib/jvm/java-8-openjdk-amd64/jre/lib/amd64/libsunec.so
7f27852dd000-7f27854dc000 ---p 00028000 fd:01 20193289                   /usr/lib/jvm/java-8-openjdk-amd64/jre/lib/amd64/libsunec.so
7f27854dc000-7f27854e0000 r--p 00027000 fd:01 20193289                   /usr/lib/jvm/java-8-openjdk-amd64/jre/lib/amd64/libsunec.so
7f27854e0000-7f27854e1000 rw-p 0002b000 fd:01 20193289                   /usr/lib/jvm/java-8-openjdk-amd64/jre/lib/amd64/libsunec.so
7f27854e1000-7f27854e3000 r--s 00016000 fd:01 20193524                   /usr/lib/jvm/java-8-openjdk-amd64/jre/lib/jce.jar
7f27854e3000-7f27854e8000 r--s 0009d000 fd:01 20193539                   /usr/lib/jvm/java-8-openjdk-amd64/jre/lib/jsse.jar
7f27854e8000-7f27854eb000 ---p 00000000 00:00 0 
7f27854eb000-7f27857e9000 rw-p 00000000 00:00 0 
7f27857e9000-7f27857fa000 r-xp 00000000 fd:01 20193270                   /usr/lib/jvm/java-8-openjdk-amd64/jre/lib/amd64/libnio.so
7f27857fa000-7f27859fa000 ---p 00011000 fd:01 20193270                   /usr/lib/jvm/java-8-openjdk-amd64/jre/lib/amd64/libnio.so
7f27859fa000-7f27859fb000 r--p 00011000 fd:01 20193270                   /usr/lib/jvm/java-8-openjdk-amd64/jre/lib/amd64/libnio.so
7f27859fb000-7f27859fc000 rw-p 00012000 fd:01 20193270                   /usr/lib/jvm/java-8-openjdk-amd64/jre/lib/amd64/libnio.so
7f27859fc000-7f2785bfc000 rw-p 00000000 00:00 0 
7f2785bfc000-7f2785c05000 r-xp 00000000 fd:01 20193258                   /usr/lib/jvm/java-8-openjdk-amd64/jre/lib/amd64/libmanagement.so
7f2785c05000-7f2785e04000 ---p 00009000 fd:01 20193258                   /usr/lib/jvm/java-8-openjdk-amd64/jre/lib/amd64/libmanagement.so
7f2785e04000-7f2785e05000 r--p 00008000 fd:01 20193258                   /usr/lib/jvm/java-8-openjdk-amd64/jre/lib/amd64/libmanagement.so
7f2785e05000-7f2785e06000 rw-p 00009000 fd:01 20193258                   /usr/lib/jvm/java-8-openjdk-amd64/jre/lib/amd64/libmanagement.so
7f2785e06000-7f2785e07000 ---p 00000000 00:00 0 
7f2785e07000-7f2785f07000 rw-p 00000000 00:00 0 
7f2785f07000-7f2785f0a000 ---p 00000000 00:00 0 
7f2785f0a000-7f2786008000 rw-p 00000000 00:00 0 
7f2786008000-7f2786009000 ---p 00000000 00:00 0 
7f2786009000-7f278600c000 ---p 00000000 00:00 0 
7f278600c000-7f2786109000 rw-p 00000000 00:00 0 
7f2786109000-7f278611f000 r-xp 00000000 fd:01 20193262                   /usr/lib/jvm/java-8-openjdk-amd64/jre/lib/amd64/libnet.so
7f278611f000-7f278631f000 ---p 00016000 fd:01 20193262                   /usr/lib/jvm/java-8-openjdk-amd64/jre/lib/amd64/libnet.so
7f278631f000-7f2786320000 r--p 00016000 fd:01 20193262                   /usr/lib/jvm/java-8-openjdk-amd64/jre/lib/amd64/libnet.so
7f2786320000-7f2786321000 rw-p 00017000 fd:01 20193262                   /usr/lib/jvm/java-8-openjdk-amd64/jre/lib/amd64/libnet.so
7f2786321000-7f2786322000 ---p 00000000 00:00 0 
7f2786322000-7f2786325000 ---p 00000000 00:00 0 
7f2786325000-7f2786422000 rw-p 00000000 00:00 0 
7f2786422000-7f2786423000 ---p 00000000 00:00 0 
7f2786423000-7f2786426000 ---p 00000000 00:00 0 
7f2786426000-7f2786523000 rw-p 00000000 00:00 0 
7f2786523000-7f2786524000 ---p 00000000 00:00 0 
7f2786524000-7f2786527000 ---p 00000000 00:00 0 
7f2786527000-7f2786624000 rw-p 00000000 00:00 0 
7f2786624000-7f2786627000 ---p 00000000 00:00 0 
7f2786627000-7f2786725000 rw-p 00000000 00:00 0 
7f2786725000-7f2786727000 r--s 0001a000 00:36 59246573                   /home/tun3/intellijidea/lib/idea_rt.jar
7f2786727000-7f2786738000 r--s 0008c000 00:36 64357049                   /home/tun3/.m2/repository/joda-time/joda-time/2.10/joda-time-2.10.jar
7f2786738000-7f278673a000 r--s 0000f000 00:36 64357091                   /home/tun3/.m2/repository/com/fasterxml/jackson/datatype/jackson-datatype-joda/2.9.3/jackson-datatype-joda-2.9.3.jar
7f278673a000-7f278673d000 r--s 0000e000 00:36 62522541                   /home/tun3/.m2/repository/com/fasterxml/jackson/core/jackson-annotations/2.9.0/jackson-annotations-2.9.0.jar
7f278673d000-7f2786750000 r--s 00134000 00:36 65015988                   /home/tun3/.m2/repository/com/fasterxml/jackson/core/jackson-databind/2.9.3/jackson-databind-2.9.3.jar
7f2786750000-7f2786754000 r--s 0004b000 00:36 65281725                   /home/tun3/.m2/repository/com/fasterxml/jackson/core/jackson-core/2.9.3/jackson-core-2.9.3.jar
7f2786754000-7f2786755000 r--s 00014000 00:36 65015708                   /home/tun3/.m2/repository/com/squareup/okio/okio/1.14.0/okio-1.14.0.jar
7f2786755000-7f278675a000 r--s 00060000 00:36 65015707                   /home/tun3/.m2/repository/com/squareup/okhttp3/okhttp/3.10.0/okhttp-3.10.0.jar
7f278675a000-7f278675e000 r--s 0001a000 00:36 62785043                   /home/tun3/.m2/repository/com/github/joschi/jadconfig/0.13.0/jadconfig-0.13.0.jar
7f278675e000-7f2786760000 r--s 0000f000 00:36 62522525                   /home/tun3/.m2/repository/com/beust/jcommander/1.72/jcommander-1.72.jar
7f2786760000-7f2786761000 r--s 00000000 00:36 62522577                   /home/tun3/.m2/repository/org/codehaus/mojo/animal-sniffer-annotations/1.14/animal-sniffer-annotations-1.14.jar
7f2786761000-7f2786763000 r--s 00001000 00:36 62522575                   /home/tun3/.m2/repository/com/google/j2objc/j2objc-annotations/1.1/j2objc-annotations-1.1.jar
7f2786763000-7f2786793000 r--s 00245000 00:36 62522569                   /home/tun3/.m2/repository/com/google/guava/guava/22.0/guava-22.0.jar
7f2786793000-7f27867b5000 r--s 001d4000 00:36 65669603                   /home/tun3/.m2/repository/io/netty/netty-all/4.0.29.Final/netty-all-4.0.29.Final.jar
7f27867b5000-7f27867b8000 ---p 00000000 00:00 0 
7f27867b8000-7f27868b6000 rw-p 00000000 00:00 0 
7f27868b6000-7f2786bec000 r--p 00000000 fd:01 20189819                   /usr/lib/locale/locale-archive
7f2786bec000-7f2786bef000 ---p 00000000 00:00 0 
7f2786bef000-7f2786ced000 rw-p 00000000 00:00 0 
7f2786ced000-7f2786cf0000 ---p 00000000 00:00 0 
7f2786cf0000-7f2786dee000 rw-p 00000000 00:00 0 
7f2786dee000-7f2786def000 ---p 00000000 00:00 0 
7f2786def000-7f2788000000 rw-p 00000000 00:00 0 
7f2788000000-7f2788021000 rw-p 00000000 00:00 0 
7f2788021000-7f278c000000 ---p 00000000 00:00 0 
7f278c000000-7f278c021000 rw-p 00000000 00:00 0 
7f278c021000-7f2790000000 ---p 00000000 00:00 0 
7f2790000000-7f2790021000 rw-p 00000000 00:00 0 
7f2790021000-7f2794000000 ---p 00000000 00:00 0 
7f2794000000-7f2794021000 rw-p 00000000 00:00 0 
7f2794021000-7f2798000000 ---p 00000000 00:00 0 
7f2798000000-7f2798021000 rw-p 00000000 00:00 0 
7f2798021000-7f279c000000 ---p 00000000 00:00 0 
7f279c000000-7f279c001000 r--s 00002000 00:36 62522573                   /home/tun3/.m2/repository/com/google/errorprone/error_prone_annotations/2.0.18/error_prone_annotations-2.0.18.jar
7f279c001000-7f279c004000 r--s 00006000 00:36 62522571                   /home/tun3/.m2/repository/com/google/code/findbugs/jsr305/1.3.9/jsr305-1.3.9.jar
7f279c004000-7f279c00a000 r--s 0001e000 00:36 64228271                   /home/tun3/.m2/repository/org/pcap4j/pcap4j-packetfactory-static/1.7.1/pcap4j-packetfactory-static-1.7.1.jar
7f279c00a000-7f279c01d000 r--s 0011c000 00:36 64228261                   /home/tun3/.m2/repository/org/pcap4j/pcap4j-core/1.7.1/pcap4j-core-1.7.1.jar
7f279c01d000-7f279c032000 r--s 000dd000 00:36 62522519                   /home/tun3/.m2/repository/org/apache/logging/log4j/log4j-core/2.4.1/log4j-core-2.4.1.jar
7f279c032000-7f279c045000 r--s 00346000 fd:01 20193555                   /usr/lib/jvm/java-8-openjdk-amd64/jre/lib/resources.jar
7f279c045000-7f279ca9d000 rw-p 00000000 00:00 0 
7f279ca9d000-7f279cc6c000 r--s 03c2f000 fd:01 20193556                   /usr/lib/jvm/java-8-openjdk-amd64/jre/lib/rt.jar
7f279cc6c000-7f279e4e7000 rw-p 00000000 00:00 0 
7f279e4e7000-7f279e4e8000 ---p 00000000 00:00 0 
7f279e4e8000-7f279e5e8000 rw-p 00000000 00:00 0 
7f279e5e8000-7f279e5e9000 ---p 00000000 00:00 0 
7f279e5e9000-7f279e6e9000 rw-p 00000000 00:00 0 
7f279e6e9000-7f279e6ea000 ---p 00000000 00:00 0 
7f279e6ea000-7f279e7ea000 rw-p 00000000 00:00 0 
7f279e7ea000-7f279e7eb000 ---p 00000000 00:00 0 
7f279e7eb000-7f279e8eb000 rw-p 00000000 00:00 0 
7f279e8eb000-7f279e8ec000 ---p 00000000 00:00 0 
7f279e8ec000-7f279e9ec000 rw-p 00000000 00:00 0 
7f279e9ec000-7f279e9ed000 ---p 00000000 00:00 0 
7f279e9ed000-7f279eaed000 rw-p 00000000 00:00 0 
7f279eaed000-7f279eaee000 ---p 00000000 00:00 0 
7f279eaee000-7f279ec60000 rw-p 00000000 00:00 0 
7f279ec60000-7f279f660000 ---p 00000000 00:00 0 
7f279f660000-7f279f6d2000 rw-p 00000000 00:00 0 
7f279f6d2000-7f27a00d1000 ---p 00000000 00:00 0 
7f27a00d1000-7f27a0125000 rw-p 00000000 00:00 0 
7f27a0125000-7f27a060a000 ---p 00000000 00:00 0 
7f27a060a000-7f27a0620000 rw-p 00000000 00:00 0 
7f27a0620000-7f27a09cb000 ---p 00000000 00:00 0 
7f27a09cb000-7f27a0eeb000 rwxp 00000000 00:00 0 
7f27a0eeb000-7f27af9cb000 ---p 00000000 00:00 0 
7f27af9cb000-7f27af9d3000 r-xp 00000000 fd:01 20193295                   /usr/lib/jvm/java-8-openjdk-amd64/jre/lib/amd64/libzip.so
7f27af9d3000-7f27afbd2000 ---p 00008000 fd:01 20193295                   /usr/lib/jvm/java-8-openjdk-amd64/jre/lib/amd64/libzip.so
7f27afbd2000-7f27afbd3000 r--p 00007000 fd:01 20193295                   /usr/lib/jvm/java-8-openjdk-amd64/jre/lib/amd64/libzip.so
7f27afbd3000-7f27afbd4000 rw-p 00008000 fd:01 20193295                   /usr/lib/jvm/java-8-openjdk-amd64/jre/lib/amd64/libzip.so
7f27afbd4000-7f27afbdf000 r-xp 00000000 fd:01 21498330                   /lib/x86_64-linux-gnu/libnss_files-2.27.so
7f27afbdf000-7f27afdde000 ---p 0000b000 fd:01 21498330                   /lib/x86_64-linux-gnu/libnss_files-2.27.so
7f27afdde000-7f27afddf000 r--p 0000a000 fd:01 21498330                   /lib/x86_64-linux-gnu/libnss_files-2.27.so
7f27afddf000-7f27afde0000 rw-p 0000b000 fd:01 21498330                   /lib/x86_64-linux-gnu/libnss_files-2.27.so
7f27afde0000-7f27afde6000 rw-p 00000000 00:00 0 
7f27afde6000-7f27afdfd000 r-xp 00000000 fd:01 21498327                   /lib/x86_64-linux-gnu/libnsl-2.27.so
7f27afdfd000-7f27afffc000 ---p 00017000 fd:01 21498327                   /lib/x86_64-linux-gnu/libnsl-2.27.so
7f27afffc000-7f27afffd000 r--p 00016000 fd:01 21498327                   /lib/x86_64-linux-gnu/libnsl-2.27.so
7f27afffd000-7f27afffe000 rw-p 00017000 fd:01 21498327                   /lib/x86_64-linux-gnu/libnsl-2.27.so
7f27afffe000-7f27b0000000 rw-p 00000000 00:00 0 
7f27b0000000-7f27b08fa000 rw-p 00000000 00:00 0 
7f27b08fa000-7f27b4000000 ---p 00000000 00:00 0 
7f27b4000000-7f27b4002000 r--s 00008000 00:36 65669601                   /home/tun3/.m2/repository/org/graylog2/gelfclient/1.4.0/gelfclient-1.4.0.jar
7f27b4002000-7f27b4006000 r--s 00112000 00:36 64228269                   /home/tun3/.m2/repository/net/java/dev/jna/jna/4.2.1/jna-4.2.1.jar
7f27b4006000-7f27b4007000 r--s 00007000 00:36 62522523                   /home/tun3/.m2/repository/org/slf4j/slf4j-api/1.7.12/slf4j-api-1.7.12.jar
7f27b4007000-7f27b4008000 r--s 00005000 00:36 62522521                   /home/tun3/.m2/repository/org/apache/logging/log4j/log4j-slf4j-impl/2.4.1/log4j-slf4j-impl-2.4.1.jar
7f27b4008000-7f27b400b000 r--s 00020000 00:36 62522517                   /home/tun3/.m2/repository/org/apache/logging/log4j/log4j-api/2.4.1/log4j-api-2.4.1.jar
7f27b400b000-7f27b400c000 r--s 00000000 fd:01 20193551                   /usr/lib/jvm/java-8-openjdk-amd64/jre/lib/management-agent.jar
7f27b400c000-7f27b4011000 r--s 0009d000 fd:01 20193539                   /usr/lib/jvm/java-8-openjdk-amd64/jre/lib/jsse.jar
7f27b4011000-7f27b4013000 r--s 00016000 fd:01 20193524                   /usr/lib/jvm/java-8-openjdk-amd64/jre/lib/jce.jar
7f27b4013000-7f27b4015000 r--s 00007000 fd:01 20578587                   /usr/share/java/java-atk-wrapper.jar
7f27b4015000-7f27b401a000 r--s 002f9000 fd:01 20193307                   /usr/lib/jvm/java-8-openjdk-amd64/jre/lib/charsets.jar
7f27b401a000-7f27b401b000 ---p 00000000 00:00 0 
7f27b401b000-7f27b411b000 rw-p 00000000 00:00 0 
7f27b411b000-7f27b4126000 r-xp 00000000 fd:01 21498332                   /lib/x86_64-linux-gnu/libnss_nis-2.27.so
7f27b4126000-7f27b4325000 ---p 0000b000 fd:01 21498332                   /lib/x86_64-linux-gnu/libnss_nis-2.27.so
7f27b4325000-7f27b4326000 r--p 0000a000 fd:01 21498332                   /lib/x86_64-linux-gnu/libnss_nis-2.27.so
7f27b4326000-7f27b4327000 rw-p 0000b000 fd:01 21498332                   /lib/x86_64-linux-gnu/libnss_nis-2.27.so
7f27b4327000-7f27b432f000 r-xp 00000000 fd:01 21498328                   /lib/x86_64-linux-gnu/libnss_compat-2.27.so
7f27b432f000-7f27b452f000 ---p 00008000 fd:01 21498328                   /lib/x86_64-linux-gnu/libnss_compat-2.27.so
7f27b452f000-7f27b4530000 r--p 00008000 fd:01 21498328                   /lib/x86_64-linux-gnu/libnss_compat-2.27.so
7f27b4530000-7f27b4531000 rw-p 00009000 fd:01 21498328                   /lib/x86_64-linux-gnu/libnss_compat-2.27.so
7f27b4531000-7f27b453b000 r-xp 00000000 fd:01 20191376                   /usr/lib/jvm/java-8-openjdk-amd64/jre/lib/amd64/libinstrument.so
7f27b453b000-7f27b473a000 ---p 0000a000 fd:01 20191376                   /usr/lib/jvm/java-8-openjdk-amd64/jre/lib/amd64/libinstrument.so
7f27b473a000-7f27b473b000 r--p 00009000 fd:01 20191376                   /usr/lib/jvm/java-8-openjdk-amd64/jre/lib/amd64/libinstrument.so
7f27b473b000-7f27b473c000 rw-p 0000a000 fd:01 20191376                   /usr/lib/jvm/java-8-openjdk-amd64/jre/lib/amd64/libinstrument.so
7f27b473c000-7f27b476a000 r-xp 00000000 fd:01 20193217                   /usr/lib/jvm/java-8-openjdk-amd64/jre/lib/amd64/libjava.so
7f27b476a000-7f27b4969000 ---p 0002e000 fd:01 20193217                   /usr/lib/jvm/java-8-openjdk-amd64/jre/lib/amd64/libjava.so
7f27b4969000-7f27b496a000 r--p 0002d000 fd:01 20193217                   /usr/lib/jvm/java-8-openjdk-amd64/jre/lib/amd64/libjava.so
7f27b496a000-7f27b496c000 rw-p 0002e000 fd:01 20193217                   /usr/lib/jvm/java-8-openjdk-amd64/jre/lib/amd64/libjava.so
7f27b496c000-7f27b497c000 r-xp 00000000 fd:01 20193293                   /usr/lib/jvm/java-8-openjdk-amd64/jre/lib/amd64/libverify.so
7f27b497c000-7f27b4b7b000 ---p 00010000 fd:01 20193293                   /usr/lib/jvm/java-8-openjdk-amd64/jre/lib/amd64/libverify.so
7f27b4b7b000-7f27b4b7d000 r--p 0000f000 fd:01 20193293                   /usr/lib/jvm/java-8-openjdk-amd64/jre/lib/amd64/libverify.so
7f27b4b7d000-7f27b4b7e000 rw-p 00011000 fd:01 20193293                   /usr/lib/jvm/java-8-openjdk-amd64/jre/lib/amd64/libverify.so
7f27b4b7e000-7f27b4b85000 r-xp 00000000 fd:01 21498337                   /lib/x86_64-linux-gnu/librt-2.27.so
7f27b4b85000-7f27b4d84000 ---p 00007000 fd:01 21498337                   /lib/x86_64-linux-gnu/librt-2.27.so
7f27b4d84000-7f27b4d85000 r--p 00006000 fd:01 21498337                   /lib/x86_64-linux-gnu/librt-2.27.so
7f27b4d85000-7f27b4d86000 rw-p 00007000 fd:01 21498337                   /lib/x86_64-linux-gnu/librt-2.27.so
7f27b4d86000-7f27b4d9d000 r-xp 00000000 fd:01 21498315                   /lib/x86_64-linux-gnu/libgcc_s.so.1
7f27b4d9d000-7f27b4f9c000 ---p 00017000 fd:01 21498315                   /lib/x86_64-linux-gnu/libgcc_s.so.1
7f27b4f9c000-7f27b4f9d000 r--p 00016000 fd:01 21498315                   /lib/x86_64-linux-gnu/libgcc_s.so.1
7f27b4f9d000-7f27b4f9e000 rw-p 00017000 fd:01 21498315                   /lib/x86_64-linux-gnu/libgcc_s.so.1
7f27b4f9e000-7f27b513b000 r-xp 00000000 fd:01 21498324                   /lib/x86_64-linux-gnu/libm-2.27.so
7f27b513b000-7f27b533a000 ---p 0019d000 fd:01 21498324                   /lib/x86_64-linux-gnu/libm-2.27.so
7f27b533a000-7f27b533b000 r--p 0019c000 fd:01 21498324                   /lib/x86_64-linux-gnu/libm-2.27.so
7f27b533b000-7f27b533c000 rw-p 0019d000 fd:01 21498324                   /lib/x86_64-linux-gnu/libm-2.27.so
7f27b533c000-7f27b54ba000 r-xp 00000000 fd:01 20187860                   /usr/lib/x86_64-linux-gnu/libstdc++.so.6.0.25
7f27b54ba000-7f27b56ba000 ---p 0017e000 fd:01 20187860                   /usr/lib/x86_64-linux-gnu/libstdc++.so.6.0.25
7f27b56ba000-7f27b56c4000 r--p 0017e000 fd:01 20187860                   /usr/lib/x86_64-linux-gnu/libstdc++.so.6.0.25
7f27b56c4000-7f27b56c6000 rw-p 00188000 fd:01 20187860                   /usr/lib/x86_64-linux-gnu/libstdc++.so.6.0.25
7f27b56c6000-7f27b56ca000 rw-p 00000000 00:00 0 
7f27b56ca000-7f27b635b000 r-xp 00000000 fd:01 20193301                   /usr/lib/jvm/java-8-openjdk-amd64/jre/lib/amd64/server/libjvm.so
7f27b635b000-7f27b655b000 ---p 00c91000 fd:01 20193301                   /usr/lib/jvm/java-8-openjdk-amd64/jre/lib/amd64/server/libjvm.so
7f27b655b000-7f27b65ee000 r--p 00c91000 fd:01 20193301                   /usr/lib/jvm/java-8-openjdk-amd64/jre/lib/amd64/server/libjvm.so
7f27b65ee000-7f27b6616000 rw-p 00d24000 fd:01 20193301                   /usr/lib/jvm/java-8-openjdk-amd64/jre/lib/amd64/server/libjvm.so
7f27b6616000-7f27b6647000 rw-p 00000000 00:00 0 
7f27b6647000-7f27b6661000 r-xp 00000000 fd:01 21498335                   /lib/x86_64-linux-gnu/libpthread-2.27.so
7f27b6661000-7f27b6860000 ---p 0001a000 fd:01 21498335                   /lib/x86_64-linux-gnu/libpthread-2.27.so
7f27b6860000-7f27b6861000 r--p 00019000 fd:01 21498335                   /lib/x86_64-linux-gnu/libpthread-2.27.so
7f27b6861000-7f27b6862000 rw-p 0001a000 fd:01 21498335                   /lib/x86_64-linux-gnu/libpthread-2.27.so
7f27b6862000-7f27b6866000 rw-p 00000000 00:00 0 
7f27b6866000-7f27b6869000 r-xp 00000000 fd:01 21498323                   /lib/x86_64-linux-gnu/libdl-2.27.so
7f27b6869000-7f27b6a68000 ---p 00003000 fd:01 21498323                   /lib/x86_64-linux-gnu/libdl-2.27.so
7f27b6a68000-7f27b6a69000 r--p 00002000 fd:01 21498323                   /lib/x86_64-linux-gnu/libdl-2.27.so
7f27b6a69000-7f27b6a6a000 rw-p 00003000 fd:01 21498323                   /lib/x86_64-linux-gnu/libdl-2.27.so
7f27b6a6a000-7f27b6a86000 r-xp 00000000 fd:01 21500485                   /lib/x86_64-linux-gnu/libz.so.1.2.11
7f27b6a86000-7f27b6c85000 ---p 0001c000 fd:01 21500485                   /lib/x86_64-linux-gnu/libz.so.1.2.11
7f27b6c85000-7f27b6c86000 r--p 0001b000 fd:01 21500485                   /lib/x86_64-linux-gnu/libz.so.1.2.11
7f27b6c86000-7f27b6c87000 rw-p 0001c000 fd:01 21500485                   /lib/x86_64-linux-gnu/libz.so.1.2.11
7f27b6c87000-7f27b6e6e000 r-xp 00000000 fd:01 21498320                   /lib/x86_64-linux-gnu/libc-2.27.so
7f27b6e6e000-7f27b706e000 ---p 001e7000 fd:01 21498320                   /lib/x86_64-linux-gnu/libc-2.27.so
7f27b706e000-7f27b7072000 r--p 001e7000 fd:01 21498320                   /lib/x86_64-linux-gnu/libc-2.27.so
7f27b7072000-7f27b7074000 rw-p 001eb000 fd:01 21498320                   /lib/x86_64-linux-gnu/libc-2.27.so
7f27b7074000-7f27b7078000 rw-p 00000000 00:00 0 
7f27b7078000-7f27b7086000 r-xp 00000000 fd:01 20191348                   /usr/lib/jvm/java-8-openjdk-amd64/jre/lib/amd64/jli/libjli.so
7f27b7086000-7f27b7285000 ---p 0000e000 fd:01 20191348                   /usr/lib/jvm/java-8-openjdk-amd64/jre/lib/amd64/jli/libjli.so
7f27b7285000-7f27b7286000 r--p 0000d000 fd:01 20191348                   /usr/lib/jvm/java-8-openjdk-amd64/jre/lib/amd64/jli/libjli.so
7f27b7286000-7f27b7287000 rw-p 0000e000 fd:01 20191348                   /usr/lib/jvm/java-8-openjdk-amd64/jre/lib/amd64/jli/libjli.so
7f27b7287000-7f27b72ae000 r-xp 00000000 fd:01 21498316                   /lib/x86_64-linux-gnu/ld-2.27.so
7f27b72ae000-7f27b72b1000 r--s 0000f000 fd:01 20193379                   /usr/lib/jvm/java-8-openjdk-amd64/jre/lib/ext/icedtea-sound.jar
7f27b72b1000-7f27b72b4000 r--s 00038000 fd:01 20193441                   /usr/lib/jvm/java-8-openjdk-amd64/jre/lib/ext/sunpkcs11.jar
7f27b72b4000-7f27b72b6000 r--s 00001000 fd:01 20193375                   /usr/lib/jvm/java-8-openjdk-amd64/jre/lib/ext/dnsns.jar
7f27b72b6000-7f27b72d1000 r--s 00394000 fd:01 20193374                   /usr/lib/jvm/java-8-openjdk-amd64/jre/lib/ext/cldrdata.jar
7f27b72d1000-7f27b72ec000 r--s 001d6000 fd:01 20193432                   /usr/lib/jvm/java-8-openjdk-amd64/jre/lib/ext/nashorn.jar
7f27b72ec000-7f27b7389000 rw-p 00000000 00:00 0 
7f27b7389000-7f27b738a000 ---p 00000000 00:00 0 
7f27b738a000-7f27b738d000 ---p 00000000 00:00 0 
7f27b738d000-7f27b748c000 rw-p 00000000 00:00 0 
7f27b748c000-7f27b748d000 r--s 0000a000 fd:01 20193409                   /usr/lib/jvm/java-8-openjdk-amd64/jre/lib/ext/jaccess.jar
7f27b748d000-7f27b748e000 r--s 00010000 fd:01 20193443                   /usr/lib/jvm/java-8-openjdk-amd64/jre/lib/ext/zipfs.jar
7f27b748e000-7f27b7490000 r--s 00008000 fd:01 20193437                   /usr/lib/jvm/java-8-openjdk-amd64/jre/lib/ext/sunec.jar
7f27b7490000-7f27b749a000 r--s 00116000 fd:01 20193421                   /usr/lib/jvm/java-8-openjdk-amd64/jre/lib/ext/localedata.jar
7f27b749a000-7f27b749c000 r--s 00007000 fd:01 20578587                   /usr/share/java/java-atk-wrapper.jar
7f27b749c000-7f27b74a2000 r--s 0003b000 fd:01 20193439                   /usr/lib/jvm/java-8-openjdk-amd64/jre/lib/ext/sunjce_provider.jar
7f27b74a2000-7f27b74aa000 rw-s 00000000 fd:01 59246810                   /tmp/hsperfdata_tun3/13352 (deleted)
7f27b74aa000-7f27b74ab000 rw-p 00000000 00:00 0 
7f27b74ab000-7f27b74ac000 ---p 00000000 00:00 0 
7f27b74ac000-7f27b74ae000 rw-p 00000000 00:00 0 
7f27b74ae000-7f27b74af000 r--p 00027000 fd:01 21498316                   /lib/x86_64-linux-gnu/ld-2.27.so
7f27b74af000-7f27b74b0000 rw-p 00028000 fd:01 21498316                   /lib/x86_64-linux-gnu/ld-2.27.so
7f27b74b0000-7f27b74b1000 rw-p 00000000 00:00 0 
7ffe8cd32000-7ffe8cd54000 rw-p 00000000 00:00 0                          [stack]
7ffe8cdcd000-7ffe8cdd0000 r--p 00000000 00:00 0                          [vvar]
7ffe8cdd0000-7ffe8cdd2000 r-xp 00000000 00:00 0                          [vdso]
ffffffffff600000-ffffffffff601000 r-xp 00000000 00:00 0                  [vsyscall]

VM Arguments:
jvm_args: -javaagent:/home/tun3/intellijidea/lib/idea_rt.jar=40629:/home/tun3/intellijidea/bin -Dfile.encoding=UTF-8 
java_command: horse.wtf.nzyme.Main -c nzyme.conf
java_class_path (initial): /usr/lib/jvm/java-1.8.0-openjdk-amd64/jre/lib/charsets.jar:/usr/lib/jvm/java-1.8.0-openjdk-amd64/jre/lib/ext/cldrdata.jar:/usr/lib/jvm/java-1.8.0-openjdk-amd64/jre/lib/ext/dnsns.jar:/usr/lib/jvm/java-1.8.0-openjdk-amd64/jre/lib/ext/icedtea-sound.jar:/usr/lib/jvm/java-1.8.0-openjdk-amd64/jre/lib/ext/jaccess.jar:/usr/lib/jvm/java-1.8.0-openjdk-amd64/jre/lib/ext/java-atk-wrapper.jar:/usr/lib/jvm/java-1.8.0-openjdk-amd64/jre/lib/ext/localedata.jar:/usr/lib/jvm/java-1.8.0-openjdk-amd64/jre/lib/ext/nashorn.jar:/usr/lib/jvm/java-1.8.0-openjdk-amd64/jre/lib/ext/sunec.jar:/usr/lib/jvm/java-1.8.0-openjdk-amd64/jre/lib/ext/sunjce_provider.jar:/usr/lib/jvm/java-1.8.0-openjdk-amd64/jre/lib/ext/sunpkcs11.jar:/usr/lib/jvm/java-1.8.0-openjdk-amd64/jre/lib/ext/zipfs.jar:/usr/lib/jvm/java-1.8.0-openjdk-amd64/jre/lib/jce.jar:/usr/lib/jvm/java-1.8.0-openjdk-amd64/jre/lib/jsse.jar:/usr/lib/jvm/java-1.8.0-openjdk-amd64/jre/lib/management-agent.jar:/usr/lib/jvm/java-1.8.0-openjdk-amd64/jre/lib/resources.jar:/usr/lib/jvm/java-1.8.0-openjdk-amd64/jre/lib/rt.jar:/mnt/workspace/nzyme/target/classes:/home/tun3/.m2/repository/org/apache/logging/log4j/log4j-api/2.4.1/log4j-api-2.4.1.jar:/home/tun3/.m2/repository/org/apache/logging/log4j/log4j-core/2.4.1/log4j-core-2.4.1.jar:/home/tun3/.m2/repository/org/apache/logging/log4j/log4j-slf4j-impl/2.4.1/log4j-slf4j-impl-2.4.1.jar:/home/tun3/.m2/repository/org/slf4j/slf4j-api/1.7.12/slf4j-api-1.7.12.jar:/home/tun3/.m2/repository/org/pcap4j/pcap4j-core/1.7.1/pcap4j-core-1.7.1.jar:/home/tun3/.m2/repository/net/java/dev/jna/jna/4.2.1/jna-4.2.1.jar:/home/tun3/.m2/repository/org/pcap4j/pcap4j-packetfactory-static/1.7.1/pcap4j-packetfactory-static-1.7.1.jar:/home/tun3/.m2/repository/org/graylog2/gelfclient/1.4.0/gelfclient-1.4.0.jar:/home/tun3/.m2/repository/io/netty/netty-all/4.0.29.Final/netty-all-4.0.29.Final.jar:/home/tun3/.m2/repository/com/google/guava/guava/22.0/guava-22.0.jar:/home/tun3/.m2/repository/com/google/code/findb
Launcher Type: SUN_STANDARD

Environment Variables:
PATH=/usr/local/sbin:/usr/local/bin:/usr/sbin:/usr/bin:/sbin:/bin:/usr/games:/usr/local/games:/snap/bin
USERNAME=tun3
SHELL=/bin/bash
DISPLAY=:1

Signal Handlers:
SIGSEGV: [libjvm.so+0xaabcd0], sa_mask[0]=11111111011111111101111111111110, sa_flags=SA_RESTART|SA_SIGINFO
SIGBUS: [libjvm.so+0xaabcd0], sa_mask[0]=11111111011111111101111111111110, sa_flags=SA_RESTART|SA_SIGINFO
SIGFPE: [libjvm.so+0x8e1d50], sa_mask[0]=11111111011111111101111111111110, sa_flags=SA_RESTART|SA_SIGINFO
SIGPIPE: [libjvm.so+0x8e1d50], sa_mask[0]=11111111011111111101111111111110, sa_flags=SA_RESTART|SA_SIGINFO
SIGXFSZ: [libjvm.so+0x8e1d50], sa_mask[0]=11111111011111111101111111111110, sa_flags=SA_RESTART|SA_SIGINFO
SIGILL: [libjvm.so+0x8e1d50], sa_mask[0]=11111111011111111101111111111110, sa_flags=SA_RESTART|SA_SIGINFO
SIGUSR1: SIG_DFL, sa_mask[0]=00000000000000000000000000000000, sa_flags=none
SIGUSR2: [libjvm.so+0x8e1c00], sa_mask[0]=00100000000000000000000000000000, sa_flags=SA_RESTART|SA_SIGINFO
SIGHUP: SIG_IGN, sa_mask[0]=00000000000000000000000000000000, sa_flags=none
SIGINT: [libjvm.so+0x8e20b0], sa_mask[0]=11111111011111111101111111111110, sa_flags=SA_RESTART|SA_SIGINFO
SIGTERM: [libjvm.so+0x8e20b0], sa_mask[0]=11111111011111111101111111111110, sa_flags=SA_RESTART|SA_SIGINFO
SIGQUIT: [libjvm.so+0x8e20b0], sa_mask[0]=11111111011111111101111111111110, sa_flags=SA_RESTART|SA_SIGINFO


---------------  S Y S T E M  ---------------

OS:DISTRIB_ID=Ubuntu
DISTRIB_RELEASE=18.04
DISTRIB_CODENAME=bionic
DISTRIB_DESCRIPTION="Ubuntu 18.04 LTS"

uname:Linux 4.15.0-23-generic #25-Ubuntu SMP Wed May 23 18:02:16 UTC 2018 x86_64
libc:glibc 2.27 NPTL 2.27 
rlimit: STACK 8192k, CORE 0k, NPROC 127702, NOFILE 1048576, AS infinity
load average:1.26 1.02 0.87

/proc/meminfo:
MemTotal:       32842012 kB
MemFree:          267400 kB
MemAvailable:   13119396 kB
Buffers:         1027540 kB
Cached:         11991112 kB
SwapCached:            0 kB
Active:         24902872 kB
Inactive:        6396368 kB
Active(anon):   17124284 kB
Inactive(anon):  1434564 kB
Active(file):    7778588 kB
Inactive(file):  4961804 kB
Unevictable:         588 kB
Mlocked:             588 kB
SwapTotal:      33455612 kB
SwapFree:       33455612 kB
Dirty:              4844 kB
Writeback:             0 kB
AnonPages:      18281288 kB
Mapped:          2286272 kB
Shmem:           1165352 kB
Slab:             802560 kB
SReclaimable:     581884 kB
SUnreclaim:       220676 kB
KernelStack:       22496 kB
PageTables:       120428 kB
NFS_Unstable:          0 kB
Bounce:                0 kB
WritebackTmp:          0 kB
CommitLimit:    49876616 kB
Committed_AS:   22492652 kB
VmallocTotal:   34359738367 kB
VmallocUsed:           0 kB
VmallocChunk:          0 kB
HardwareCorrupted:     0 kB
AnonHugePages:         0 kB
ShmemHugePages:        0 kB
ShmemPmdMapped:        0 kB
CmaTotal:              0 kB
CmaFree:               0 kB
HugePages_Total:       0
HugePages_Free:        0
HugePages_Rsvd:        0
HugePages_Surp:        0
Hugepagesize:       2048 kB
DirectMap4k:     2668472 kB
DirectMap2M:    28690432 kB
DirectMap1G:     2097152 kB


CPU:total 8 (initial active 8) (4 cores per cpu, 2 threads per core) family 6 model 158 stepping 9, cmov, cx8, fxsr, mmx, sse, sse2, sse3, ssse3, sse4.1, sse4.2, popcnt, avx, avx2, aes, clmul, erms, rtm, 3dnowpref, lzcnt, ht, tsc, tscinvbit, bmi1, bmi2, adx

/proc/cpuinfo:
processor	: 0
vendor_id	: GenuineIntel
cpu family	: 6
model		: 158
model name	: Intel(R) Core(TM) i7-7700 CPU @ 3.60GHz
stepping	: 9
microcode	: 0x84
cpu MHz		: 2129.013
cache size	: 8192 KB
physical id	: 0
siblings	: 8
core id		: 0
cpu cores	: 4
apicid		: 0
initial apicid	: 0
fpu		: yes
fpu_exception	: yes
cpuid level	: 22
wp		: yes
flags		: fpu vme de pse tsc msr pae mce cx8 apic sep mtrr pge mca cmov pat pse36 clflush dts acpi mmx fxsr sse sse2 ss ht tm pbe syscall nx pdpe1gb rdtscp lm constant_tsc art arch_perfmon pebs bts rep_good nopl xtopology nonstop_tsc cpuid aperfmperf tsc_known_freq pni pclmulqdq dtes64 monitor ds_cpl vmx smx est tm2 ssse3 sdbg fma cx16 xtpr pdcm pcid sse4_1 sse4_2 x2apic movbe popcnt tsc_deadline_timer aes xsave avx f16c rdrand lahf_lm abm 3dnowprefetch cpuid_fault epb invpcid_single pti ibrs ibpb stibp tpr_shadow vnmi flexpriority ept vpid fsgsbase tsc_adjust bmi1 hle avx2 smep bmi2 erms invpcid rtm mpx rdseed adx smap clflushopt intel_pt xsaveopt xsavec xgetbv1 xsaves dtherm ida arat pln pts hwp hwp_notify hwp_act_window hwp_epp
bugs		: cpu_meltdown spectre_v1 spectre_v2 spec_store_bypass
bogomips	: 7200.00
clflush size	: 64
cache_alignment	: 64
address sizes	: 39 bits physical, 48 bits virtual
power management:

processor	: 1
vendor_id	: GenuineIntel
cpu family	: 6
model		: 158
model name	: Intel(R) Core(TM) i7-7700 CPU @ 3.60GHz
stepping	: 9
microcode	: 0x84
cpu MHz		: 2013.720
cache size	: 8192 KB
physical id	: 0
siblings	: 8
core id		: 1
cpu cores	: 4
apicid		: 2
initial apicid	: 2
fpu		: yes
fpu_exception	: yes
cpuid level	: 22
wp		: yes
flags		: fpu vme de pse tsc msr pae mce cx8 apic sep mtrr pge mca cmov pat pse36 clflush dts acpi mmx fxsr sse sse2 ss ht tm pbe syscall nx pdpe1gb rdtscp lm constant_tsc art arch_perfmon pebs bts rep_good nopl xtopology nonstop_tsc cpuid aperfmperf tsc_known_freq pni pclmulqdq dtes64 monitor ds_cpl vmx smx est tm2 ssse3 sdbg fma cx16 xtpr pdcm pcid sse4_1 sse4_2 x2apic movbe popcnt tsc_deadline_timer aes xsave avx f16c rdrand lahf_lm abm 3dnowprefetch cpuid_fault epb invpcid_single pti ibrs ibpb stibp tpr_shadow vnmi flexpriority ept vpid fsgsbase tsc_adjust bmi1 hle avx2 smep bmi2 erms invpcid rtm mpx rdseed adx smap clflushopt intel_pt xsaveopt xsavec xgetbv1 xsaves dtherm ida arat pln pts hwp hwp_notify hwp_act_window hwp_epp
bugs		: cpu_meltdown spectre_v1 spectre_v2 spec_store_bypass
bogomips	: 7200.00
clflush size	: 64
cache_alignment	: 64
address sizes	: 39 bits physical, 48 bits virtual
power management:

processor	: 2
vendor_id	: GenuineIntel
cpu family	: 6
model		: 158
model name	: Intel(R) Core(TM) i7-7700 CPU @ 3.60GHz
stepping	: 9
microcode	: 0x84
cpu MHz		: 2157.046
cache size	: 8192 KB
physical id	: 0
siblings	: 8
core id		: 2
cpu cores	: 4
apicid		: 4
initial apicid	: 4
fpu		: yes
fpu_exception	: yes
cpuid level	: 22
wp		: yes
flags		: fpu vme de pse tsc msr pae mce cx8 apic sep mtrr pge mca cmov pat pse36 clflush dts acpi mmx fxsr sse sse2 ss ht tm pbe syscall nx pdpe1gb rdtscp lm constant_tsc art arch_perfmon pebs bts rep_good nopl xtopology nonstop_tsc cpuid aperfmperf tsc_known_freq pni pclmulqdq dtes64 monitor ds_cpl vmx smx est tm2 ssse3 sdbg fma cx16 xtpr pdcm pcid sse4_1 sse4_2 x2apic movbe popcnt tsc_deadline_timer aes xsave avx f16c rdrand lahf_lm abm 3dnowprefetch cpuid_fault epb invpcid_single pti ibrs ibpb stibp tpr_shadow vnmi flexpriority ept vpid fsgsbase tsc_adjust bmi1 hle avx2 smep bmi2 erms invpcid rtm mpx rdseed adx smap clflushopt intel_pt xsaveopt xsavec xgetbv1 xsaves dtherm ida arat pln pts hwp hwp_notify hwp_act_window hwp_epp
bugs		: cpu_meltdown spectre_v1 spectre_v2 spec_store_bypass
bogomips	: 7200.00
clflush size	: 64
cache_alignment	: 64
address sizes	: 39 bits physical, 48 bits virtual
power management:

processor	: 3
vendor_id	: GenuineIntel
cpu family	: 6
model		: 158
model name	: Intel(R) Core(TM) i7-7700 CPU @ 3.60GHz
stepping	: 9
microcode	: 0x84
cpu MHz		: 2137.525
cache size	: 8192 KB
physical id	: 0
siblings	: 8
core id		: 3
cpu cores	: 4
apicid		: 6
initial apicid	: 6
fpu		: yes
fpu_exception	: yes
cpuid level	: 22
wp		: yes
flags		: fpu vme de pse tsc msr pae mce cx8 apic sep mtrr pge mca cmov pat pse36 clflush dts acpi mmx fxsr sse sse2 ss ht tm pbe syscall nx pdpe1gb rdtscp lm constant_tsc art arch_perfmon pebs bts rep_good nopl xtopology nonstop_tsc cpuid aperfmperf tsc_known_freq pni pclmulqdq dtes64 monitor ds_cpl vmx smx est tm2 ssse3 sdbg fma cx16 xtpr pdcm pcid sse4_1 sse4_2 x2apic movbe popcnt tsc_deadline_timer aes xsave avx f16c rdrand lahf_lm abm 3dnowprefetch cpuid_fault epb invpcid_single pti ibrs ibpb stibp tpr_shadow vnmi flexpriority ept vpid fsgsbase tsc_adjust bmi1 hle avx2 smep bmi2 erms invpcid rtm mpx rdseed adx smap clflushopt intel_pt xsaveopt xsavec xgetbv1 xsaves dtherm ida arat pln pts hwp hwp_notify hwp_act_window hwp_epp
bugs		: cpu_meltdown spectre_v1 spectre_v2 spec_store_bypass
bogomips	: 7200.00
clflush size	: 64
cache_alignment	: 64
address sizes	: 39 bits physical, 48 bits virtual
power management:

processor	: 4
vendor_id	: GenuineIntel
cpu family	: 6
model		: 158
model name	: Intel(R) Core(TM) i7-7700 CPU @ 3.60GHz
stepping	: 9
microcode	: 0x84
cpu MHz		: 2146.205
cache size	: 8192 KB
physical id	: 0
siblings	: 8
core id		: 0
cpu cores	: 4
apicid		: 1
initial apicid	: 1
fpu		: yes
fpu_exception	: yes
cpuid level	: 22
wp		: yes
flags		: fpu vme de pse tsc msr pae mce cx8 apic sep mtrr pge mca cmov pat pse36 clflush dts acpi mmx fxsr sse sse2 ss ht tm pbe syscall nx pdpe1gb rdtscp lm constant_tsc art arch_perfmon pebs bts rep_good nopl xtopology nonstop_tsc cpuid aperfmperf tsc_known_freq pni pclmulqdq dtes64 monitor ds_cpl vmx smx est tm2 ssse3 sdbg fma cx16 xtpr pdcm pcid sse4_1 sse4_2 x2apic movbe popcnt tsc_deadline_timer aes xsave avx f16c rdrand lahf_lm abm 3dnowprefetch cpuid_fault epb invpcid_single pti ibrs ibpb stibp tpr_shadow vnmi flexpriority ept vpid fsgsbase tsc_adjust bmi1 hle avx2 smep bmi2 erms invpcid rtm mpx rdseed adx smap clflushopt intel_pt xsaveopt xsavec xgetbv1 xsaves dtherm ida arat pln pts hwp hwp_notify hwp_act_window hwp_epp
bugs		: cpu_meltdown spectre_v1 spectre_v2 spec_store_bypass
bogomips	: 7200.00
clflush size	: 64
cache_alignment	: 64
address sizes	: 39 bits physical, 48 bits virtual
power management:

processor	: 5
vendor_id	: GenuineIntel
cpu family	: 6
model		: 158
model name	: Intel(R) Core(TM) i7-7700 CPU @ 3.60GHz
stepping	: 9
microcode	: 0x84
cpu MHz		: 2126.862
cache size	: 8192 KB
physical id	: 0
siblings	: 8
core id		: 1
cpu cores	: 4
apicid		: 3
initial apicid	: 3
fpu		: yes
fpu_exception	: yes
cpuid level	: 22
wp		: yes
flags		: fpu vme de pse tsc msr pae mce cx8 apic sep mtrr pge mca cmov pat pse36 clflush dts acpi mmx fxsr sse sse2 ss ht tm pbe syscall nx pdpe1gb rdtscp lm constant_tsc art arch_perfmon pebs bts rep_good nopl xtopology nonstop_tsc cpuid aperfmperf tsc_known_freq pni pclmulqdq dtes64 monitor ds_cpl vmx smx est tm2 ssse3 sdbg fma cx16 xtpr pdcm pcid sse4_1 sse4_2 x2apic movbe popcnt tsc_deadline_timer aes xsave avx f16c rdrand lahf_lm abm 3dnowprefetch cpuid_fault epb invpcid_single pti ibrs ibpb stibp tpr_shadow vnmi flexpriority ept vpid fsgsbase tsc_adjust bmi1 hle avx2 smep bmi2 erms invpcid rtm mpx rdseed adx smap clflushopt intel_pt xsaveopt xsavec xgetbv1 xsaves dtherm ida arat pln pts hwp hwp_notify hwp_act_window hwp_epp
bugs		: cpu_meltdown spectre_v1 spectre_v2 spec_store_bypass
bogomips	: 7200.00
clflush size	: 64
cache_alignment	: 64
address sizes	: 39 bits physical, 48 bits virtual
power management:

processor	: 6
vendor_id	: GenuineIntel
cpu family	: 6
model		: 158
model name	: Intel(R) Core(TM) i7-7700 CPU @ 3.60GHz
stepping	: 9
microcode	: 0x84
cpu MHz		: 2099.062
cache size	: 8192 KB
physical id	: 0
siblings	: 8
core id		: 2
cpu cores	: 4
apicid		: 5
initial apicid	: 5
fpu		: yes
fpu_exception	: yes
cpuid level	: 22
wp		: yes
flags		: fpu vme de pse tsc msr pae mce cx8 apic sep mtrr pge mca cmov pat pse36 clflush dts acpi mmx fxsr sse sse2 ss ht tm pbe syscall nx pdpe1gb rdtscp lm constant_tsc art arch_perfmon pebs bts rep_good nopl xtopology nonstop_tsc cpuid aperfmperf tsc_known_freq pni pclmulqdq dtes64 monitor ds_cpl vmx smx est tm2 ssse3 sdbg fma cx16 xtpr pdcm pcid sse4_1 sse4_2 x2apic movbe popcnt tsc_deadline_timer aes xsave avx f16c rdrand lahf_lm abm 3dnowprefetch cpuid_fault epb invpcid_single pti ibrs ibpb stibp tpr_shadow vnmi flexpriority ept vpid fsgsbase tsc_adjust bmi1 hle avx2 smep bmi2 erms invpcid rtm mpx rdseed adx smap clflushopt intel_pt xsaveopt xsavec xgetbv1 xsaves dtherm ida arat pln pts hwp hwp_notify hwp_act_window hwp_epp
bugs		: cpu_meltdown spectre_v1 spectre_v2 spec_store_bypass
bogomips	: 7200.00
clflush size	: 64
cache_alignment	: 64
address sizes	: 39 bits physical, 48 bits virtual
power management:

processor	: 7
vendor_id	: GenuineIntel
cpu family	: 6
model		: 158
model name	: Intel(R) Core(TM) i7-7700 CPU @ 3.60GHz
stepping	: 9
microcode	: 0x84
cpu MHz		: 2097.748
cache size	: 8192 KB
physical id	: 0
siblings	: 8
core id		: 3
cpu cores	: 4
apicid		: 7
initial apicid	: 7
fpu		: yes
fpu_exception	: yes
cpuid level	: 22
wp		: yes
flags		: fpu vme de pse tsc msr pae mce cx8 apic sep mtrr pge mca cmov pat pse36 clflush dts acpi mmx fxsr sse sse2 ss ht tm pbe syscall nx pdpe1gb rdtscp lm constant_tsc art arch_perfmon pebs bts rep_good nopl xtopology nonstop_tsc cpuid aperfmperf tsc_known_freq pni pclmulqdq dtes64 monitor ds_cpl vmx smx est tm2 ssse3 sdbg fma cx16 xtpr pdcm pcid sse4_1 sse4_2 x2apic movbe popcnt tsc_deadline_timer aes xsave avx f16c rdrand lahf_lm abm 3dnowprefetch cpuid_fault epb invpcid_single pti ibrs ibpb stibp tpr_shadow vnmi flexpriority ept vpid fsgsbase tsc_adjust bmi1 hle avx2 smep bmi2 erms invpcid rtm mpx rdseed adx smap clflushopt intel_pt xsaveopt xsavec xgetbv1 xsaves dtherm ida arat pln pts hwp hwp_notify hwp_act_window hwp_epp
bugs		: cpu_meltdown spectre_v1 spectre_v2 spec_store_bypass
bogomips	: 7200.00
clflush size	: 64
cache_alignment	: 64
address sizes	: 39 bits physical, 48 bits virtual
power management:



Memory: 4k page, physical 32842012k(267400k free), swap 33455612k(33455612k free)

vm_info: OpenJDK 64-Bit Server VM (25.171-b11) for linux-amd64 JRE (1.8.0_171-8u171-b11-0ubuntu0.18.04.1-b11), built on Apr 26 2018 15:59:34 by "buildd" with gcc 7.3.0

time: Sun Jun 24 13:45:35 2018
elapsed time: 2 seconds (0d 0h 0m 2s)

