#
# A fatal error has been detected by the Java Runtime Environment:
#
#  SIGSEGV (0xb) at pc=0x00007f929ac9fc1e, pid=14704, tid=0x00007f929a598700
#
# JRE version: Java(TM) SE Runtime Environment (8.0_181-b13) (build 1.8.0_181-b13)
# Java VM: Java HotSpot(TM) 64-Bit Server VM (25.181-b13 mixed mode linux-amd64 compressed oops)
# Problematic frame:
# C  [libpcap.so.1.8.1+0x6c1e]
#
# Failed to write core dump. Core dumps have been disabled. To enable core dumping, try "ulimit -c unlimited" before starting Java again
#
# If you would like to submit a bug report, please visit:
#   http://bugreport.java.com/bugreport/crash.jsp
# The crash happened outside the Java Virtual Machine in native code.
# See problematic frame for where to report the bug.
#

---------------  T H R E A D  ---------------

Current thread (0x00007f935d1a8800):  JavaThread "probe-loop-0" daemon [_thread_in_native, id=14795, stack(0x00007f929a498000,0x00007f929a599000)]

siginfo: si_signo: 11 (SIGSEGV), si_code: 1 (SEGV_MAPERR), si_addr: 0x00007f929a719008

Registers:
RAX=0x00007f929a719000, RBX=0x00007f935d12b800, RCX=0x0000000000000000, RDX=0x0000000000000006
RSP=0x00007f929a596790, RBP=0x00007f935d143990, RSI=0x0000000000000001, RDI=0x0000000000000000
R8 =0x0000000000000000, R9 =0x000000019a596f00, R10=0x00007f929a596770, R11=0x0000000000000000
R12=0x0000000000000000, R13=0x00007f935d143720, R14=0x00007f929ac9e3c0, R15=0x0000000000000003
RIP=0x00007f929ac9fc1e, EFLAGS=0x0000000000010246, CSGSFS=0x002b000000000033, ERR=0x0000000000000004
  TRAPNO=0x000000000000000e

Top of Stack: (sp=0x00007f929a596790)
0x00007f929a596790:   00007f929a5967f0 000000019a596f00
0x00007f929a5967a0:   00007f929a719000 00007f9300000001
0x00007f929a5967b0:   0000000000000001 00007f935d12b800
0x00007f929a5967c0:   00007f929a596820 0000000000000000
0x00007f929a5967d0:   00007f935d12b750 00007f929a596770
0x00007f929a5967e0:   0000000000000003 00007f929aca766a
0x00007f929a5967f0:   00007f935d143920 00007f92540a11b0
0x00007f929a596800:   00007f935d143720 61bf2592e3ff0200
0x00007f929a596810:   00007f935d1a8800 00007f929aeec65c
0x00007f929a596820:   000000000000000a 00007f929a597410
0x00007f929a596830:   00007f929a596910 00007f929aeec164
0x00007f929a596840:   0000000000000030 00000007c03eaef8
0x00007f929a596850:   0000000000000000 00007f929a597380
0x00007f929a596860:   00000007c03eaef8 00007f929a5968dc
0x00007f929a596870:   00007f929a5968d8 00007f929a5968c0
0x00007f929a596880:   00007f929a597270 00007f929a597410
0x00007f929a596890:   00007f929aca7620 00007f929a596820
0x00007f929a5968a0:   00007f935d12b7f0 0000000000000003
0x00007f929a5968b0:   0000000300000003 0000000000000001
0x00007f929a5968c0:   0000000000000001 00007f936516ae00
0x00007f929a5968d0:   00007f9365166040 0000000100000000
0x00007f929a5968e0:   00007f929a596910 00007f929a597380
0x00007f929a5968f0:   0000000000000005 0000000000000010
0x00007f929a596900:   0000000000000002 0000000000000003
0x00007f929a596910:   00007f929a597250 00007f929aee1489
0x00007f929a596920:   0000000000000000 00000007732118c8
0x00007f929a596930:   00007f929a596bd0 00007f934d04611a
0x00007f929a596940:   000000001020037f 00007f929aee11d2
0x00007f929a596950:   0000000000000000 0000000000000000
0x00007f929a596960:   0000000000000000 0000000000004000
0x00007f929a596970:   91eb851eb851e800 00007f929aee119d
0x00007f929a596980:   0000000000000000 0000000000000000 

Instructions: (pc=0x00007f929ac9fc1e)
0x00007f929ac9fbfe:   89 ef e8 8b fd ff ff 85 c0 0f 85 3e 02 00 00 49
0x00007f929ac9fc0e:   63 55 78 49 8b 45 20 48 8b 04 d0 48 89 44 24 10
0x00007f929ac9fc1e:   8b 40 08 85 c0 74 c1 0f 1f 00 8b 4c 24 18 c7 44
0x00007f929ac9fc2e:   24 0c 00 00 00 00 85 c9 0f 9e 44 24 1f 8b 74 24 

Register to memory mapping:

RAX=0x00007f929a719000 is an unknown value
RBX=0x00007f935d12b800 is an unknown value
RCX=0x0000000000000000 is an unknown value
RDX=0x0000000000000006 is an unknown value
RSP=0x00007f929a596790 is pointing into the stack for thread: 0x00007f935d1a8800
RBP=0x00007f935d143990 is an unknown value
RSI=0x0000000000000001 is an unknown value
RDI=0x0000000000000000 is an unknown value
R8 =0x0000000000000000 is an unknown value
R9 =0x000000019a596f00 is an unknown value
R10=0x00007f929a596770 is pointing into the stack for thread: 0x00007f935d1a8800
R11=0x0000000000000000 is an unknown value
R12=0x0000000000000000 is an unknown value
R13=0x00007f935d143720 is an unknown value
R14=0x00007f929ac9e3c0: <offset 0x53c0> in /usr/lib/x86_64-linux-gnu/libpcap.so.1.8.1 at 0x00007f929ac99000
R15=0x0000000000000003 is an unknown value


Stack: [0x00007f929a498000,0x00007f929a599000],  sp=0x00007f929a596790,  free space=1017k
Native frames: (J=compiled Java code, j=interpreted, Vv=VM code, C=native code)
C  [libpcap.so.1.8.1+0x6c1e]

Java frames: (J=compiled Java code, j=interpreted, Vv=VM code)
J 5234  org.pcap4j.core.NativeMappings.pcap_next_ex(Lcom/sun/jna/Pointer;Lcom/sun/jna/ptr/PointerByReference;Lcom/sun/jna/ptr/PointerByReference;)I (0 bytes) @ 0x00007f934dd8d1b7 [0x00007f934dd8d140+0x77]
J 4865 C1 org.pcap4j.core.PcapHandle.getNextRawPacketEx()[B (321 bytes) @ 0x00007f934dc3a10c [0x00007f934dc39320+0xdec]
J 4864 C1 org.pcap4j.core.PcapHandle.getNextPacketEx()Lorg/pcap4j/packet/Packet; (31 bytes) @ 0x00007f934dc38724 [0x00007f934dc38620+0x104]
j  horse.wtf.nzyme.dot11.probes.Dot11MonitorProbe.lambda$loop$0(Lhorse/wtf/nzyme/dot11/probes/Dot11Probe;)V+36
j  horse.wtf.nzyme.dot11.probes.Dot11MonitorProbe$$Lambda$185.run()V+8
j  java.util.concurrent.Executors$RunnableAdapter.call()Ljava/lang/Object;+4
J 2126 C1 java.util.concurrent.FutureTask.run()V (126 bytes) @ 0x00007f934d66efd4 [0x00007f934d66ed80+0x254]
j  java.util.concurrent.ThreadPoolExecutor.runWorker(Ljava/util/concurrent/ThreadPoolExecutor$Worker;)V+95
j  java.util.concurrent.ThreadPoolExecutor$Worker.run()V+5
j  java.lang.Thread.run()V+11
v  ~StubRoutines::call_stub

---------------  P R O C E S S  ---------------

Java Threads: ( => current thread )
  0x00007f9304001800 JavaThread "SIGINT handler" daemon [_thread_blocked, id=15178, stack(0x00007f9334efe000,0x00007f9334fff000)]
=>0x00007f935d1a8800 JavaThread "probe-loop-0" daemon [_thread_in_native, id=14795, stack(0x00007f929a498000,0x00007f929a599000)]
  0x00007f935d125000 JavaThread "process reaper" daemon [_thread_blocked, id=14794, stack(0x00007f933c096000,0x00007f933c0cf000)]
  0x00007f935d0f4800 JavaThread "channel-hopper-0" daemon [_thread_blocked, id=14792, stack(0x00007f929aff2000,0x00007f929b0f3000)]
  0x00007f9264008000 JavaThread "GelfSenderThread-63" daemon [_thread_blocked, id=14791, stack(0x00007f929b0f3000,0x00007f929b1f4000)]
  0x00007f935d0e7000 JavaThread "gelfTcpTransport-1-1" daemon [_thread_blocked, id=14790, stack(0x00007f929b1f4000,0x00007f929b2f5000)]
  0x00007f92e80d0000 JavaThread "periodicals-1" daemon [_thread_blocked, id=14788, stack(0x00007f929b4f5000,0x00007f929b5f6000)]
  0x00007f92e8039000 JavaThread "OkHttp ConnectionPool" daemon [_thread_blocked, id=14760, stack(0x00007f933c0cf000,0x00007f933c1d0000)]
  0x00007f935c973000 JavaThread "periodicals-0" daemon [_thread_blocked, id=14759, stack(0x00007f933ce13000,0x00007f933cf14000)]
  0x00007f935c7a9800 JavaThread "statistics-0" daemon [_thread_blocked, id=14757, stack(0x00007f933d99f000,0x00007f933daa0000)]
  0x00007f935c78e000 JavaThread "alerts-cleaner" daemon [_thread_blocked, id=14756, stack(0x00007f933daa0000,0x00007f933dba1000)]
  0x00007f935c4be000 JavaThread "Service Thread" daemon [_thread_blocked, id=14741, stack(0x00007f933e4bc000,0x00007f933e5bd000)]
  0x00007f935c4b1000 JavaThread "C1 CompilerThread3" daemon [_thread_blocked, id=14740, stack(0x00007f933e5be000,0x00007f933e6be000)]
  0x00007f935c4af000 JavaThread "C2 CompilerThread2" daemon [_thread_blocked, id=14739, stack(0x00007f933e6bf000,0x00007f933e7bf000)]
  0x00007f935c4ab800 JavaThread "C2 CompilerThread1" daemon [_thread_blocked, id=14738, stack(0x00007f933e7c0000,0x00007f933e8c0000)]
  0x00007f935c4a9800 JavaThread "C2 CompilerThread0" daemon [_thread_blocked, id=14737, stack(0x00007f933ead8000,0x00007f933ebd8000)]
  0x00007f935c499000 JavaThread "Monitor Ctrl-Break" daemon [_thread_in_native, id=14736, stack(0x00007f933ebd8000,0x00007f933ecd9000)]
  0x00007f935c20b800 JavaThread "Signal Dispatcher" daemon [_thread_blocked, id=14735, stack(0x00007f933ed12000,0x00007f933ee13000)]
  0x00007f935c1d8800 JavaThread "Finalizer" daemon [_thread_blocked, id=14729, stack(0x00007f933f0f1000,0x00007f933f1f2000)]
  0x00007f935c1d6000 JavaThread "Reference Handler" daemon [_thread_blocked, id=14727, stack(0x00007f933f1f2000,0x00007f933f2f3000)]
  0x00007f935c00f000 JavaThread "main" [_thread_blocked, id=14706, stack(0x00007f9365cc6000,0x00007f9365dc6000)]

Other Threads:
  0x00007f935c1cc000 VMThread [stack: 0x00007f933f2f4000,0x00007f933f3f4000] [id=14725]

VM state:at safepoint (shutting down)

VM Mutex/Monitor currently owned by a thread:  ([mutex/lock_event])
[0x00007f935c00b3a0] Threads_lock - owner thread: 0x00007f935c1cc000

Heap:
 PSYoungGen      total 99328K, used 88613K [0x000000076df00000, 0x0000000774d00000, 0x00000007c0000000)
  eden space 89088K, 99% used [0x000000076df00000,0x00000007735895a0,0x0000000773600000)
  from space 10240K, 0% used [0x0000000774300000,0x0000000774300000,0x0000000774d00000)
  to   space 10240K, 0% used [0x0000000773900000,0x0000000773900000,0x0000000774300000)
 ParOldGen       total 173056K, used 17125K [0x00000006c9c00000, 0x00000006d4500000, 0x000000076df00000)
  object space 173056K, 9% used [0x00000006c9c00000,0x00000006cacb9568,0x00000006d4500000)
 Metaspace       used 38193K, capacity 39124K, committed 39336K, reserved 1083392K
  class space    used 4529K, capacity 4724K, committed 4784K, reserved 1048576K

Card table byte_map: [0x00007f9361fda000,0x00007f936278d000] byte_map_base: 0x00007f935e98c000

Marking Bits: (ParMarkBitMap*) 0x00007f936516a0a0
 Begin Bits: [0x00007f93184e0000, 0x00007f931c270000)
 End Bits:   [0x00007f931c270000, 0x00007f9320000000)

Polling page: 0x00007f9365de7000

CodeCache: size=245760Kb used=14281Kb max_used=14314Kb free=231478Kb
 bounds [0x00007f934d000000, 0x00007f934de10000, 0x00007f935c000000]
 total_blobs=5394 nmethods=4863 adapters=444
 compilation: enabled

Compilation events (10 events):
Event: 155.919 Thread 0x00007f935c4b1000 5410       3       org.apache.logging.log4j.status.StatusLogger::isEnabled (39 bytes)
Event: 155.920 Thread 0x00007f935c4b1000 nmethod 5410 0x00007f934d517210 code [0x00007f934d5173a0, 0x00007f934d517a48]
Event: 155.920 Thread 0x00007f935c4b1000 5413       3       java.lang.invoke.MemberName::isField (7 bytes)
Event: 155.920 Thread 0x00007f935c4b1000 nmethod 5413 0x00007f934d7d9450 code [0x00007f934d7d95c0, 0x00007f934d7d9830]
Event: 155.920 Thread 0x00007f935c4b1000 5420       3       java.util.concurrent.ConcurrentLinkedQueue::succ (19 bytes)
Event: 155.920 Thread 0x00007f935c4b1000 nmethod 5420 0x00007f934d7d4c50 code [0x00007f934d7d4dc0, 0x00007f934d7d4f70]
Event: 155.920 Thread 0x00007f935c4b1000 5421       3       java.util.concurrent.LinkedTransferQueue::take (27 bytes)
Event: 155.920 Thread 0x00007f935c4af000 5422       4       java.util.concurrent.ThreadLocalRandom::nextInt (74 bytes)
Event: 155.920 Thread 0x00007f935c4b1000 nmethod 5421 0x00007f934d7ed710 code [0x00007f934d7ed8c0, 0x00007f934d7edc08]
Event: 155.921 Thread 0x00007f935c4af000 nmethod 5422 0x00007f934d839e90 code [0x00007f934d839fe0, 0x00007f934d83a0f8]

GC Heap History (10 events):
Event: 1.323 GC heap before
{Heap before GC invocations=2 (full 0):
 PSYoungGen      total 74240K, used 45647K [0x000000076df00000, 0x0000000773180000, 0x00000007c0000000)
  eden space 64000K, 57% used [0x000000076df00000,0x00000007702af898,0x0000000771d80000)
  from space 10240K, 88% used [0x0000000771d80000,0x00000007726643c0,0x0000000772780000)
  to   space 10240K, 0% used [0x0000000772780000,0x0000000772780000,0x0000000773180000)
 ParOldGen       total 169472K, used 80K [0x00000006c9c00000, 0x00000006d4180000, 0x000000076df00000)
  object space 169472K, 0% used [0x00000006c9c00000,0x00000006c9c14010,0x00000006d4180000)
 Metaspace       used 20784K, capacity 21114K, committed 21296K, reserved 1069056K
  class space    used 2476K, capacity 2587K, committed 2608K, reserved 1048576K
Event: 1.328 GC heap after
Heap after GC invocations=2 (full 0):
 PSYoungGen      total 74240K, used 9356K [0x000000076df00000, 0x0000000777000000, 0x00000007c0000000)
  eden space 64000K, 0% used [0x000000076df00000,0x000000076df00000,0x0000000771d80000)
  from space 10240K, 91% used [0x0000000772780000,0x00000007730a3170,0x0000000773180000)
  to   space 10240K, 0% used [0x0000000771d80000,0x0000000771d80000,0x0000000772780000)
 ParOldGen       total 169472K, used 88K [0x00000006c9c00000, 0x00000006d4180000, 0x000000076df00000)
  object space 169472K, 0% used [0x00000006c9c00000,0x00000006c9c16010,0x00000006d4180000)
 Metaspace       used 20784K, capacity 21114K, committed 21296K, reserved 1069056K
  class space    used 2476K, capacity 2587K, committed 2608K, reserved 1048576K
}
Event: 1.328 GC heap before
{Heap before GC invocations=3 (full 1):
 PSYoungGen      total 74240K, used 9356K [0x000000076df00000, 0x0000000777000000, 0x00000007c0000000)
  eden space 64000K, 0% used [0x000000076df00000,0x000000076df00000,0x0000000771d80000)
  from space 10240K, 91% used [0x0000000772780000,0x00000007730a3170,0x0000000773180000)
  to   space 10240K, 0% used [0x0000000771d80000,0x0000000771d80000,0x0000000772780000)
 ParOldGen       total 169472K, used 88K [0x00000006c9c00000, 0x00000006d4180000, 0x000000076df00000)
  object space 169472K, 0% used [0x00000006c9c00000,0x00000006c9c16010,0x00000006d4180000)
 Metaspace       used 20784K, capacity 21114K, committed 21296K, reserved 1069056K
  class space    used 2476K, capacity 2587K, committed 2608K, reserved 1048576K
Event: 1.351 GC heap after
Heap after GC invocations=3 (full 1):
 PSYoungGen      total 74240K, used 0K [0x000000076df00000, 0x0000000777000000, 0x00000007c0000000)
  eden space 64000K, 0% used [0x000000076df00000,0x000000076df00000,0x0000000771d80000)
  from space 10240K, 0% used [0x0000000772780000,0x0000000772780000,0x0000000773180000)
  to   space 10240K, 0% used [0x0000000771d80000,0x0000000771d80000,0x0000000772780000)
 ParOldGen       total 107520K, used 9001K [0x00000006c9c00000, 0x00000006d0500000, 0x000000076df00000)
  object space 107520K, 8% used [0x00000006c9c00000,0x00000006ca4ca6f0,0x00000006d0500000)
 Metaspace       used 20784K, capacity 21114K, committed 21296K, reserved 1069056K
  class space    used 2476K, capacity 2587K, committed 2608K, reserved 1048576K
}
Event: 1.761 GC heap before
{Heap before GC invocations=4 (full 1):
 PSYoungGen      total 74240K, used 64000K [0x000000076df00000, 0x0000000777000000, 0x00000007c0000000)
  eden space 64000K, 100% used [0x000000076df00000,0x0000000771d80000,0x0000000771d80000)
  from space 10240K, 0% used [0x0000000772780000,0x0000000772780000,0x0000000773180000)
  to   space 10240K, 0% used [0x0000000771d80000,0x0000000771d80000,0x0000000772780000)
 ParOldGen       total 107520K, used 9003K [0x00000006c9c00000, 0x00000006d0500000, 0x000000076df00000)
  object space 107520K, 8% used [0x00000006c9c00000,0x00000006ca4cac90,0x00000006d0500000)
 Metaspace       used 27443K, capacity 28152K, committed 28464K, reserved 1075200K
  class space    used 3390K, capacity 3560K, committed 3632K, reserved 1048576K
Event: 1.765 GC heap after
Heap after GC invocations=4 (full 1):
 PSYoungGen      total 74240K, used 8246K [0x000000076df00000, 0x0000000774d00000, 0x00000007c0000000)
  eden space 64000K, 0% used [0x000000076df00000,0x000000076df00000,0x0000000771d80000)
  from space 10240K, 80% used [0x0000000771d80000,0x000000077258da10,0x0000000772780000)
  to   space 10240K, 0% used [0x0000000774300000,0x0000000774300000,0x0000000774d00000)
 ParOldGen       total 107520K, used 9011K [0x00000006c9c00000, 0x00000006d0500000, 0x000000076df00000)
  object space 107520K, 8% used [0x00000006c9c00000,0x00000006ca4ccc90,0x00000006d0500000)
 Metaspace       used 27443K, capacity 28152K, committed 28464K, reserved 1075200K
  class space    used 3390K, capacity 3560K, committed 3632K, reserved 1048576K
}
Event: 4.951 GC heap before
{Heap before GC invocations=5 (full 1):
 PSYoungGen      total 74240K, used 70920K [0x000000076df00000, 0x0000000774d00000, 0x00000007c0000000)
  eden space 64000K, 97% used [0x000000076df00000,0x0000000771c348f8,0x0000000771d80000)
  from space 10240K, 80% used [0x0000000771d80000,0x000000077258da10,0x0000000772780000)
  to   space 10240K, 0% used [0x0000000774300000,0x0000000774300000,0x0000000774d00000)
 ParOldGen       total 107520K, used 9011K [0x00000006c9c00000, 0x00000006d0500000, 0x000000076df00000)
  object space 107520K, 8% used [0x00000006c9c00000,0x00000006ca4ccc90,0x00000006d0500000)
 Metaspace       used 34569K, capacity 35404K, committed 35496K, reserved 1081344K
  class space    used 4312K, capacity 4514K, committed 4528K, reserved 1048576K
Event: 4.960 GC heap after
Heap after GC invocations=5 (full 1):
 PSYoungGen      total 99328K, used 10217K [0x000000076df00000, 0x0000000774d00000, 0x00000007c0000000)
  eden space 89088K, 0% used [0x000000076df00000,0x000000076df00000,0x0000000773600000)
  from space 10240K, 99% used [0x0000000774300000,0x0000000774cfa428,0x0000000774d00000)
  to   space 10240K, 0% used [0x0000000773900000,0x0000000773900000,0x0000000774300000)
 ParOldGen       total 107520K, used 11246K [0x00000006c9c00000, 0x00000006d0500000, 0x000000076df00000)
  object space 107520K, 10% used [0x00000006c9c00000,0x00000006ca6fbb80,0x00000006d0500000)
 Metaspace       used 34569K, capacity 35404K, committed 35496K, reserved 1081344K
  class space    used 4312K, capacity 4514K, committed 4528K, reserved 1048576K
}
Event: 4.960 GC heap before
{Heap before GC invocations=6 (full 2):
 PSYoungGen      total 99328K, used 10217K [0x000000076df00000, 0x0000000774d00000, 0x00000007c0000000)
  eden space 89088K, 0% used [0x000000076df00000,0x000000076df00000,0x0000000773600000)
  from space 10240K, 99% used [0x0000000774300000,0x0000000774cfa428,0x0000000774d00000)
  to   space 10240K, 0% used [0x0000000773900000,0x0000000773900000,0x0000000774300000)
 ParOldGen       total 107520K, used 11246K [0x00000006c9c00000, 0x00000006d0500000, 0x000000076df00000)
  object space 107520K, 10% used [0x00000006c9c00000,0x00000006ca6fbb80,0x00000006d0500000)
 Metaspace       used 34569K, capacity 35404K, committed 35496K, reserved 1081344K
  class space    used 4312K, capacity 4514K, committed 4528K, reserved 1048576K
Event: 4.996 GC heap after
Heap after GC invocations=6 (full 2):
 PSYoungGen      total 99328K, used 0K [0x000000076df00000, 0x0000000774d00000, 0x00000007c0000000)
  eden space 89088K, 0% used [0x000000076df00000,0x000000076df00000,0x0000000773600000)
  from space 10240K, 0% used [0x0000000774300000,0x0000000774300000,0x0000000774d00000)
  to   space 10240K, 0% used [0x0000000773900000,0x0000000773900000,0x0000000774300000)
 ParOldGen       total 173056K, used 17125K [0x00000006c9c00000, 0x00000006d4500000, 0x000000076df00000)
  object space 173056K, 9% used [0x00000006c9c00000,0x00000006cacb9568,0x00000006d4500000)
 Metaspace       used 34516K, capacity 35276K, committed 35496K, reserved 1081344K
  class space    used 4298K, capacity 4490K, committed 4528K, reserved 1048576K
}

Deoptimization events (10 events):
Event: 155.913 Thread 0x00007f92e0006800 Uncommon trap: reason=speculate_class_check action=maybe_recompile pc=0x00007f934db69d6c method=java.util.concurrent.locks.ReentrantReadWriteLock$Sync.tryAcquireShared(I)I @ 33
Event: 155.913 Thread 0x00007f92e0006800 Uncommon trap: reason=speculate_class_check action=maybe_recompile pc=0x00007f934db69d6c method=java.util.concurrent.locks.ReentrantReadWriteLock$Sync.tryAcquireShared(I)I @ 33
Event: 155.915 Thread 0x00007f92e0004800 Uncommon trap: reason=unstable_if action=reinterpret pc=0x00007f934dda89d4 method=java.util.concurrent.locks.ReentrantLock$Sync.tryRelease(I)Z @ 28
Event: 155.916 Thread 0x00007f92e0004800 Uncommon trap: reason=unstable_if action=reinterpret pc=0x00007f934dc89164 method=java.util.concurrent.locks.ReentrantLock$Sync.tryRelease(I)Z @ 28
Event: 155.916 Thread 0x00007f92e0004800 Uncommon trap: reason=class_check action=maybe_recompile pc=0x00007f934da51bd8 method=org.jvnet.hk2.internal.SystemDescriptor.getScopeAnnotation()Ljava/lang/Class; @ 15
Event: 155.917 Thread 0x00007f92e0004800 Uncommon trap: reason=bimorphic action=maybe_recompile pc=0x00007f934dd62798 method=org.jvnet.hk2.internal.SystemDescriptor.isProxiable()Ljava/lang/Boolean; @ 4
Event: 155.919 Thread 0x00007f92e0004800 Uncommon trap: reason=null_check action=make_not_entrant pc=0x00007f934daa96b8 method=org.glassfish.grizzly.ThreadCache.putToCache(Ljava/lang/Thread;Lorg/glassfish/grizzly/ThreadCache$CachedTypeIndex;Ljava/lang/Object;)Z @ 23
Event: 155.920 Thread 0x00007f935ccc1800 Uncommon trap: reason=unstable_if action=reinterpret pc=0x00007f934d50c8e0 method=java.util.HashMap$HashIterator.<init>(Ljava/util/HashMap;)V @ 45
Event: 155.920 Thread 0x00007f935ccba800 Uncommon trap: reason=unstable_if action=reinterpret pc=0x00007f934d50c8e0 method=java.util.HashMap$HashIterator.<init>(Ljava/util/HashMap;)V @ 45
Event: 155.921 Thread 0x00007f92e0004800 Uncommon trap: reason=unstable_if action=reinterpret pc=0x00007f934d19cdfc method=java.util.logging.Logger.isLoggable(Ljava/util/logging/Level;)Z @ 8

Classes redefined (0 events):
No events

Internal exceptions (10 events):
Event: 1.218 Thread 0x00007f935c00f000 Implicit null exception at 0x00007f934d4254f8 to 0x00007f934d4259f1
Event: 1.218 Thread 0x00007f935c00f000 Implicit null exception at 0x00007f934d36997b to 0x00007f934d369e2d
Event: 1.218 Thread 0x00007f935c00f000 Implicit null exception at 0x00007f934d1eeb2f to 0x00007f934d1eeb99
Event: 1.563 Thread 0x00007f935c00f000 Exception <a 'java/lang/NoSuchMethodError': java.lang.Object.lambda$and$0(Ljava/util/function/Predicate;Ljava/lang/Object;)Z> (0x0000000770329278) thrown at [/HUDSON/workspace/8-2-build-linux-amd64/jdk8u181/11358/hotspot/src/share/vm/interpreter/linkResol
Event: 1.593 Thread 0x00007f935c00f000 Exception <a 'java/lang/NoSuchMethodError': java.lang.Object.lambda$comparingInt$7b0bb60$1(Ljava/util/function/ToIntFunction;Ljava/lang/Object;Ljava/lang/Object;)I> (0x000000077060ad08) thrown at [/HUDSON/workspace/8-2-build-linux-amd64/jdk8u181/11358/hot
Event: 1.980 Thread 0x00007f935c00f000 Exception <a 'java/lang/UnsatisfiedLinkError': libpcap.so: cannot open shared object file: No such file or directory> (0x000000076ff852d8) thrown at [/HUDSON/workspace/8-2-build-linux-amd64/jdk8u181/11358/hotspot/src/share/vm/prims/jni.cpp, line 735]
Event: 1.981 Thread 0x00007f935c00f000 Exception <a 'java/lang/UnsatisfiedLinkError': libpcap.so: cannot open shared object file: No such file or directory> (0x000000076ff86a78) thrown at [/HUDSON/workspace/8-2-build-linux-amd64/jdk8u181/11358/hotspot/src/share/vm/prims/jni.cpp, line 735]
Event: 2.467 Thread 0x00007f935c00f000 Exception <a 'java/lang/UnsatisfiedLinkError': libpcap.so: cannot open shared object file: No such file or directory> (0x00000007702ab458) thrown at [/HUDSON/workspace/8-2-build-linux-amd64/jdk8u181/11358/hotspot/src/share/vm/prims/jni.cpp, line 735]
Event: 2.467 Thread 0x00007f935c00f000 Exception <a 'java/lang/UnsatisfiedLinkError': libpcap.so: cannot open shared object file: No such file or directory> (0x00000007702acbf8) thrown at [/HUDSON/workspace/8-2-build-linux-amd64/jdk8u181/11358/hotspot/src/share/vm/prims/jni.cpp, line 735]
Event: 155.919 Thread 0x00007f92e0004800 Implicit null exception at 0x00007f934daa8e75 to 0x00007f934daa96a9

Events (10 events):
Event: 155.921 Thread 0x00007f935ccd8800 Thread exited: 0x00007f935ccd8800
Event: 155.921 Thread 0x00007f935ccdf800 Thread exited: 0x00007f935ccdf800
Event: 155.921 Thread 0x00007f935ccbc800 Thread exited: 0x00007f935ccbc800
Event: 155.921 Thread 0x00007f935ccc1800 Thread exited: 0x00007f935ccc1800
Event: 155.921 Thread 0x00007f935ccc4800 Thread exited: 0x00007f935ccc4800
Event: 155.921 Thread 0x00007f935ccba800 Thread exited: 0x00007f935ccba800
Event: 155.921 loading class java/util/logging/LogRecord done
Event: 155.922 Thread 0x00007f92e0004800 Thread exited: 0x00007f92e0004800
Event: 155.922 Thread 0x00007f935cc7e800 Thread exited: 0x00007f935cc7e800
Event: 155.922 Executing VM operation: Exit


Dynamic libraries:
00400000-00401000 r-xp 00000000 103:03 23594516                          /usr/lib/jvm/java-8-oracle/bin/java
00600000-00601000 rw-p 00000000 103:03 23594516                          /usr/lib/jvm/java-8-oracle/bin/java
01971000-01992000 rw-p 00000000 00:00 0                                  [heap]
6c9c00000-6d4500000 rw-p 00000000 00:00 0 
6d4500000-76df00000 ---p 00000000 00:00 0 
76df00000-774d00000 rw-p 00000000 00:00 0 
774d00000-7c0000000 ---p 00000000 00:00 0 
7c0000000-7c04ac000 rw-p 00000000 00:00 0 
7c04ac000-800000000 ---p 00000000 00:00 0 
7f9244000000-7f9244021000 rw-p 00000000 00:00 0 
7f9244021000-7f9248000000 ---p 00000000 00:00 0 
7f924c000000-7f924c021000 rw-p 00000000 00:00 0 
7f924c021000-7f9250000000 ---p 00000000 00:00 0 
7f9250000000-7f9250050000 rw-p 00000000 00:00 0 
7f9250050000-7f9254000000 ---p 00000000 00:00 0 
7f9254000000-7f92540a4000 rw-p 00000000 00:00 0 
7f92540a4000-7f9258000000 ---p 00000000 00:00 0 
7f9258000000-7f9258021000 rw-p 00000000 00:00 0 
7f9258021000-7f925c000000 ---p 00000000 00:00 0 
7f925c000000-7f925c021000 rw-p 00000000 00:00 0 
7f925c021000-7f9260000000 ---p 00000000 00:00 0 
7f9260000000-7f9260021000 rw-p 00000000 00:00 0 
7f9260021000-7f9264000000 ---p 00000000 00:00 0 
7f9264000000-7f9264028000 rw-p 00000000 00:00 0 
7f9264028000-7f9268000000 ---p 00000000 00:00 0 
7f9268000000-7f9268021000 rw-p 00000000 00:00 0 
7f9268021000-7f926c000000 ---p 00000000 00:00 0 
7f926c000000-7f926c021000 rw-p 00000000 00:00 0 
7f926c021000-7f9270000000 ---p 00000000 00:00 0 
7f9270000000-7f9270021000 rw-p 00000000 00:00 0 
7f9270021000-7f9274000000 ---p 00000000 00:00 0 
7f9274000000-7f9274021000 rw-p 00000000 00:00 0 
7f9274021000-7f9278000000 ---p 00000000 00:00 0 
7f9278000000-7f9278021000 rw-p 00000000 00:00 0 
7f9278021000-7f927c000000 ---p 00000000 00:00 0 
7f927c000000-7f927c021000 rw-p 00000000 00:00 0 
7f927c021000-7f9280000000 ---p 00000000 00:00 0 
7f9280000000-7f9280021000 rw-p 00000000 00:00 0 
7f9280021000-7f9284000000 ---p 00000000 00:00 0 
7f9284000000-7f9284021000 rw-p 00000000 00:00 0 
7f9284021000-7f9288000000 ---p 00000000 00:00 0 
7f9288000000-7f9288021000 rw-p 00000000 00:00 0 
7f9288021000-7f928c000000 ---p 00000000 00:00 0 
7f928c000000-7f928c021000 rw-p 00000000 00:00 0 
7f928c021000-7f9290000000 ---p 00000000 00:00 0 
7f9290000000-7f9290021000 rw-p 00000000 00:00 0 
7f9290021000-7f9294000000 ---p 00000000 00:00 0 
7f9294000000-7f9294021000 rw-p 00000000 00:00 0 
7f9294021000-7f9298000000 ---p 00000000 00:00 0 
7f9299c94000-7f9299c97000 ---p 00000000 00:00 0 
7f9299c97000-7f9299d95000 rw-p 00000000 00:00 0 
7f9299d95000-7f9299d98000 ---p 00000000 00:00 0 
7f9299d98000-7f9299e96000 rw-p 00000000 00:00 0 
7f9299e96000-7f9299e99000 ---p 00000000 00:00 0 
7f9299e99000-7f9299f97000 rw-p 00000000 00:00 0 
7f9299f97000-7f9299f9a000 ---p 00000000 00:00 0 
7f9299f9a000-7f929a258000 rw-p 00000000 00:00 0 
7f929a258000-7f929a298000 ---p 00000000 00:00 0 
7f929a298000-7f929a496000 rw-p 00000000 00:00 0 
7f929a496000-7f929a498000 ---p 00000000 00:00 0 
7f929a498000-7f929a49b000 ---p 00000000 00:00 0 
7f929a49b000-7f929a599000 rw-p 00000000 00:00 0 
7f929aa99000-7f929ac99000 rw-p 00000000 00:00 0 
7f929ac99000-7f929acd8000 r-xp 00000000 103:03 23594568                  /usr/lib/x86_64-linux-gnu/libpcap.so.1.8.1
7f929acd8000-7f929aed7000 ---p 0003f000 103:03 23594568                  /usr/lib/x86_64-linux-gnu/libpcap.so.1.8.1
7f929aed7000-7f929aed9000 r--p 0003e000 103:03 23594568                  /usr/lib/x86_64-linux-gnu/libpcap.so.1.8.1
7f929aed9000-7f929aeda000 rw-p 00040000 103:03 23594568                  /usr/lib/x86_64-linux-gnu/libpcap.so.1.8.1
7f929aeda000-7f929aef1000 r-xp 00000000 103:03 4721439                   /tmp/jna-3571654/jna4247263827159978280.tmp (deleted)
7f929aef1000-7f929aff0000 ---p 00017000 103:03 4721439                   /tmp/jna-3571654/jna4247263827159978280.tmp (deleted)
7f929aff0000-7f929aff2000 rw-p 00016000 103:03 4721439                   /tmp/jna-3571654/jna4247263827159978280.tmp (deleted)
7f929aff2000-7f929aff5000 ---p 00000000 00:00 0 
7f929aff5000-7f929b0f3000 rw-p 00000000 00:00 0 
7f929b0f3000-7f929b0f6000 ---p 00000000 00:00 0 
7f929b0f6000-7f929b1f4000 rw-p 00000000 00:00 0 
7f929b1f4000-7f929b1f7000 ---p 00000000 00:00 0 
7f929b1f7000-7f929b4f5000 rw-p 00000000 00:00 0 
7f929b4f5000-7f929b4f8000 ---p 00000000 00:00 0 
7f929b4f8000-7f929b5f6000 rw-p 00000000 00:00 0 
7f929b5f6000-7f929b5f9000 ---p 00000000 00:00 0 
7f929b5f9000-7f929b6f7000 rw-p 00000000 00:00 0 
7f929b6f7000-7f929b6fa000 ---p 00000000 00:00 0 
7f929b6fa000-7f929b7f8000 rw-p 00000000 00:00 0 
7f929b7f8000-7f929b7fb000 ---p 00000000 00:00 0 
7f929b7fb000-7f929b8f9000 rw-p 00000000 00:00 0 
7f929b8f9000-7f929b8fc000 ---p 00000000 00:00 0 
7f929b8fc000-7f929b9fa000 rw-p 00000000 00:00 0 
7f929b9fa000-7f929b9fd000 ---p 00000000 00:00 0 
7f929b9fd000-7f929bafb000 rw-p 00000000 00:00 0 
7f929bafb000-7f929bafe000 ---p 00000000 00:00 0 
7f929bafe000-7f929bbfc000 rw-p 00000000 00:00 0 
7f929bbfc000-7f929bbff000 ---p 00000000 00:00 0 
7f929bbff000-7f929bcfd000 rw-p 00000000 00:00 0 
7f929bcfd000-7f929bd00000 ---p 00000000 00:00 0 
7f929bd00000-7f929bdfe000 rw-p 00000000 00:00 0 
7f929bdfe000-7f929be01000 ---p 00000000 00:00 0 
7f929be01000-7f929beff000 rw-p 00000000 00:00 0 
7f929beff000-7f929bf02000 ---p 00000000 00:00 0 
7f929bf02000-7f929c000000 rw-p 00000000 00:00 0 
7f929c000000-7f929c021000 rw-p 00000000 00:00 0 
7f929c021000-7f92a0000000 ---p 00000000 00:00 0 
7f92a0000000-7f92a0023000 rw-p 00000000 00:00 0 
7f92a0023000-7f92a4000000 ---p 00000000 00:00 0 
7f92a4000000-7f92a4021000 rw-p 00000000 00:00 0 
7f92a4021000-7f92a8000000 ---p 00000000 00:00 0 
7f92a8000000-7f92a8038000 rw-p 00000000 00:00 0 
7f92a8038000-7f92ac000000 ---p 00000000 00:00 0 
7f92ac000000-7f92ac027000 rw-p 00000000 00:00 0 
7f92ac027000-7f92b0000000 ---p 00000000 00:00 0 
7f92b0000000-7f92b00a4000 rw-p 00000000 00:00 0 
7f92b00a4000-7f92b4000000 ---p 00000000 00:00 0 
7f92b4000000-7f92b4083000 rw-p 00000000 00:00 0 
7f92b4083000-7f92b8000000 ---p 00000000 00:00 0 
7f92b8000000-7f92b8083000 rw-p 00000000 00:00 0 
7f92b8083000-7f92bc000000 ---p 00000000 00:00 0 
7f92bc000000-7f92bc09c000 rw-p 00000000 00:00 0 
7f92bc09c000-7f92c0000000 ---p 00000000 00:00 0 
7f92c0000000-7f92c0087000 rw-p 00000000 00:00 0 
7f92c0087000-7f92c4000000 ---p 00000000 00:00 0 
7f92c4000000-7f92c4094000 rw-p 00000000 00:00 0 
7f92c4094000-7f92c8000000 ---p 00000000 00:00 0 
7f92c8000000-7f92c8089000 rw-p 00000000 00:00 0 
7f92c8089000-7f92cc000000 ---p 00000000 00:00 0 
7f92cc000000-7f92cc0af000 rw-p 00000000 00:00 0 
7f92cc0af000-7f92d0000000 ---p 00000000 00:00 0 
7f92d0000000-7f92d011b000 rw-p 00000000 00:00 0 
7f92d011b000-7f92d4000000 ---p 00000000 00:00 0 
7f92d4000000-7f92d4021000 rw-p 00000000 00:00 0 
7f92d4021000-7f92d8000000 ---p 00000000 00:00 0 
7f92d8000000-7f92d808a000 rw-p 00000000 00:00 0 
7f92d808a000-7f92dc000000 ---p 00000000 00:00 0 
7f92dc000000-7f92dc021000 rw-p 00000000 00:00 0 
7f92dc021000-7f92e0000000 ---p 00000000 00:00 0 
7f92e0000000-7f92e0021000 rw-p 00000000 00:00 0 
7f92e0021000-7f92e4000000 ---p 00000000 00:00 0 
7f92e4000000-7f92e4021000 rw-p 00000000 00:00 0 
7f92e4021000-7f92e8000000 ---p 00000000 00:00 0 
7f92e8000000-7f92e81fc000 rw-p 00000000 00:00 0 
7f92e81fc000-7f92ec000000 ---p 00000000 00:00 0 
7f92ec000000-7f92ec021000 rw-p 00000000 00:00 0 
7f92ec021000-7f92f0000000 ---p 00000000 00:00 0 
7f92f0000000-7f92f0021000 rw-p 00000000 00:00 0 
7f92f0021000-7f92f4000000 ---p 00000000 00:00 0 
7f92f4000000-7f92f464c000 rw-p 00000000 00:00 0 
7f92f464c000-7f92f8000000 ---p 00000000 00:00 0 
7f92f8000000-7f92f8021000 rw-p 00000000 00:00 0 
7f92f8021000-7f92fc000000 ---p 00000000 00:00 0 
7f92fc000000-7f92fda74000 rw-p 00000000 00:00 0 
7f92fda74000-7f92feaa8000 ---p 00000000 00:00 0 
7f92feaa8000-7f9300000000 ---p 00000000 00:00 0 
7f9300000000-7f9301390000 rw-p 00000000 00:00 0 
7f9301390000-7f93027dc000 ---p 00000000 00:00 0 
7f93027dc000-7f9304000000 ---p 00000000 00:00 0 
7f9304000000-7f9304021000 rw-p 00000000 00:00 0 
7f9304021000-7f9308000000 ---p 00000000 00:00 0 
7f9308000000-7f9308021000 rw-p 00000000 00:00 0 
7f9308021000-7f930c000000 ---p 00000000 00:00 0 
7f930c000000-7f930c021000 rw-p 00000000 00:00 0 
7f930c021000-7f9310000000 ---p 00000000 00:00 0 
7f9310000000-7f9310021000 rw-p 00000000 00:00 0 
7f9310021000-7f9314000000 ---p 00000000 00:00 0 
7f9314000000-7f9314021000 rw-p 00000000 00:00 0 
7f9314021000-7f9318000000 ---p 00000000 00:00 0 
7f93180dc000-7f93180df000 ---p 00000000 00:00 0 
7f93180df000-7f93181dd000 rw-p 00000000 00:00 0 
7f93181dd000-7f93181e0000 ---p 00000000 00:00 0 
7f93181e0000-7f93182de000 rw-p 00000000 00:00 0 
7f93182de000-7f93182e1000 ---p 00000000 00:00 0 
7f93182e1000-7f93183df000 rw-p 00000000 00:00 0 
7f93183df000-7f93183e2000 ---p 00000000 00:00 0 
7f93183e2000-7f9320000000 rw-p 00000000 00:00 0 
7f9320000000-7f9320021000 rw-p 00000000 00:00 0 
7f9320021000-7f9324000000 ---p 00000000 00:00 0 
7f9324000000-7f9325276000 rw-p 00000000 00:00 0 
7f9325276000-7f9328000000 ---p 00000000 00:00 0 
7f9328000000-7f9328021000 rw-p 00000000 00:00 0 
7f9328021000-7f932c000000 ---p 00000000 00:00 0 
7f932c000000-7f932c021000 rw-p 00000000 00:00 0 
7f932c021000-7f9330000000 ---p 00000000 00:00 0 
7f9330000000-7f9330021000 rw-p 00000000 00:00 0 
7f9330021000-7f9334000000 ---p 00000000 00:00 0 
7f93340f2000-7f93340f5000 ---p 00000000 00:00 0 
7f93340f5000-7f93341f3000 rw-p 00000000 00:00 0 
7f93341f3000-7f93341f6000 ---p 00000000 00:00 0 
7f93341f6000-7f93342f4000 rw-p 00000000 00:00 0 
7f93342f4000-7f93342f7000 ---p 00000000 00:00 0 
7f93342f7000-7f93343f5000 rw-p 00000000 00:00 0 
7f93343f5000-7f93343f8000 ---p 00000000 00:00 0 
7f93343f8000-7f93344f6000 rw-p 00000000 00:00 0 
7f93344f6000-7f93344f9000 ---p 00000000 00:00 0 
7f93344f9000-7f93345f7000 rw-p 00000000 00:00 0 
7f93345f7000-7f93345fa000 ---p 00000000 00:00 0 
7f93345fa000-7f93346f8000 rw-p 00000000 00:00 0 
7f93346f8000-7f93346fb000 ---p 00000000 00:00 0 
7f93346fb000-7f93347f9000 rw-p 00000000 00:00 0 
7f93347f9000-7f93347fc000 ---p 00000000 00:00 0 
7f93347fc000-7f93348fa000 rw-p 00000000 00:00 0 
7f93348fa000-7f93348fd000 ---p 00000000 00:00 0 
7f93348fd000-7f93349fb000 rw-p 00000000 00:00 0 
7f93349fb000-7f93349fe000 ---p 00000000 00:00 0 
7f93349fe000-7f9334afc000 rw-p 00000000 00:00 0 
7f9334afc000-7f9334aff000 ---p 00000000 00:00 0 
7f9334aff000-7f9334dfd000 rw-p 00000000 00:00 0 
7f9334dfd000-7f9334e00000 ---p 00000000 00:00 0 
7f9334e00000-7f9334efe000 rw-p 00000000 00:00 0 
7f9334efe000-7f9334f01000 ---p 00000000 00:00 0 
7f9334f01000-7f9338000000 rw-p 00000000 00:00 0 
7f9338000000-7f9338021000 rw-p 00000000 00:00 0 
7f9338021000-7f933c000000 ---p 00000000 00:00 0 
7f933c096000-7f933c099000 ---p 00000000 00:00 0 
7f933c099000-7f933c0cf000 rw-p 00000000 00:00 0 
7f933c0cf000-7f933c0d2000 ---p 00000000 00:00 0 
7f933c0d2000-7f933c3d0000 rw-p 00000000 00:00 0 
7f933c3d0000-7f933c5d0000 rw-p 00000000 00:00 0 
7f933c5d0000-7f933c7d0000 rw-p 00000000 00:00 0 
7f933c7d0000-7f933c7e7000 r-xp 00000000 103:03 7602623                   /lib/x86_64-linux-gnu/libresolv-2.27.so
7f933c7e7000-7f933c9e7000 ---p 00017000 103:03 7602623                   /lib/x86_64-linux-gnu/libresolv-2.27.so
7f933c9e7000-7f933c9e8000 r--p 00017000 103:03 7602623                   /lib/x86_64-linux-gnu/libresolv-2.27.so
7f933c9e8000-7f933c9e9000 rw-p 00018000 103:03 7602623                   /lib/x86_64-linux-gnu/libresolv-2.27.so
7f933c9e9000-7f933c9eb000 rw-p 00000000 00:00 0 
7f933c9eb000-7f933c9f0000 r-xp 00000000 103:03 7602615                   /lib/x86_64-linux-gnu/libnss_dns-2.27.so
7f933c9f0000-7f933cbf0000 ---p 00005000 103:03 7602615                   /lib/x86_64-linux-gnu/libnss_dns-2.27.so
7f933cbf0000-7f933cbf1000 r--p 00005000 103:03 7602615                   /lib/x86_64-linux-gnu/libnss_dns-2.27.so
7f933cbf1000-7f933cbf2000 rw-p 00006000 103:03 7602615                   /lib/x86_64-linux-gnu/libnss_dns-2.27.so
7f933cbf2000-7f933cbf4000 r-xp 00000000 103:03 7602584                   /lib/x86_64-linux-gnu/libnss_mdns4_minimal.so.2
7f933cbf4000-7f933cdf3000 ---p 00002000 103:03 7602584                   /lib/x86_64-linux-gnu/libnss_mdns4_minimal.so.2
7f933cdf3000-7f933cdf4000 r--p 00001000 103:03 7602584                   /lib/x86_64-linux-gnu/libnss_mdns4_minimal.so.2
7f933cdf4000-7f933cdf5000 rw-p 00002000 103:03 7602584                   /lib/x86_64-linux-gnu/libnss_mdns4_minimal.so.2
7f933ce13000-7f933ce16000 ---p 00000000 00:00 0 
7f933ce16000-7f933d114000 rw-p 00000000 00:00 0 
7f933d114000-7f933d314000 rw-p 00000000 00:00 0 
7f933d314000-7f933d32b000 r-xp 00000000 103:03 7602472                   /lib/x86_64-linux-gnu/libgcc_s.so.1
7f933d32b000-7f933d52a000 ---p 00017000 103:03 7602472                   /lib/x86_64-linux-gnu/libgcc_s.so.1
7f933d52a000-7f933d52b000 r--p 00016000 103:03 7602472                   /lib/x86_64-linux-gnu/libgcc_s.so.1
7f933d52b000-7f933d52c000 rw-p 00017000 103:03 7602472                   /lib/x86_64-linux-gnu/libgcc_s.so.1
7f933d543000-7f933d544000 r--p 00000000 00:00 0 
7f933d544000-7f933d545000 rwxp 00000000 00:00 0 
7f933d545000-7f933d54a000 r--s 0003f000 103:03 26608221                  /usr/lib/jvm/java-8-oracle/jre/lib/ext/sunjce_provider.jar
7f933d54a000-7f933d57c000 r-xp 00000000 103:03 26608082                  /usr/lib/jvm/java-8-oracle/jre/lib/amd64/libsunec.so
7f933d57c000-7f933d77b000 ---p 00032000 103:03 26608082                  /usr/lib/jvm/java-8-oracle/jre/lib/amd64/libsunec.so
7f933d77b000-7f933d781000 rw-p 00031000 103:03 26608082                  /usr/lib/jvm/java-8-oracle/jre/lib/amd64/libsunec.so
7f933d781000-7f933d991000 rw-p 00000000 00:00 0 
7f933d991000-7f933d993000 r--s 00009000 103:03 26608211                  /usr/lib/jvm/java-8-oracle/jre/lib/ext/sunec.jar
7f933d993000-7f933d997000 r--s 0003a000 103:03 26608218                  /usr/lib/jvm/java-8-oracle/jre/lib/ext/sunpkcs11.jar
7f933d997000-7f933d99a000 r--s 0001a000 103:03 26608147                  /usr/lib/jvm/java-8-oracle/jre/lib/jce.jar
7f933d99a000-7f933d99f000 r--s 0009d000 103:03 26608070                  /usr/lib/jvm/java-8-oracle/jre/lib/jsse.jar
7f933d99f000-7f933d9a2000 ---p 00000000 00:00 0 
7f933d9a2000-7f933daa0000 rw-p 00000000 00:00 0 
7f933daa0000-7f933daa3000 ---p 00000000 00:00 0 
7f933daa3000-7f933dda1000 rw-p 00000000 00:00 0 
7f933dda1000-7f933ddb2000 r-xp 00000000 103:03 26608128                  /usr/lib/jvm/java-8-oracle/jre/lib/amd64/libnio.so
7f933ddb2000-7f933dfb1000 ---p 00011000 103:03 26608128                  /usr/lib/jvm/java-8-oracle/jre/lib/amd64/libnio.so
7f933dfb1000-7f933dfb2000 rw-p 00010000 103:03 26608128                  /usr/lib/jvm/java-8-oracle/jre/lib/amd64/libnio.so
7f933dfb2000-7f933e1b2000 rw-p 00000000 00:00 0 
7f933e1b2000-7f933e1bb000 r-xp 00000000 103:03 26608133                  /usr/lib/jvm/java-8-oracle/jre/lib/amd64/libmanagement.so
7f933e1bb000-7f933e3ba000 ---p 00009000 103:03 26608133                  /usr/lib/jvm/java-8-oracle/jre/lib/amd64/libmanagement.so
7f933e3ba000-7f933e3bb000 rw-p 00008000 103:03 26608133                  /usr/lib/jvm/java-8-oracle/jre/lib/amd64/libmanagement.so
7f933e3bb000-7f933e3bc000 ---p 00000000 00:00 0 
7f933e3bc000-7f933e4bc000 rw-p 00000000 00:00 0 
7f933e4bc000-7f933e4bf000 ---p 00000000 00:00 0 
7f933e4bf000-7f933e5bd000 rw-p 00000000 00:00 0 
7f933e5bd000-7f933e5be000 ---p 00000000 00:00 0 
7f933e5be000-7f933e5c1000 ---p 00000000 00:00 0 
7f933e5c1000-7f933e6be000 rw-p 00000000 00:00 0 
7f933e6be000-7f933e6bf000 ---p 00000000 00:00 0 
7f933e6bf000-7f933e6c2000 ---p 00000000 00:00 0 
7f933e6c2000-7f933e7bf000 rw-p 00000000 00:00 0 
7f933e7bf000-7f933e7c0000 ---p 00000000 00:00 0 
7f933e7c0000-7f933e7c3000 ---p 00000000 00:00 0 
7f933e7c3000-7f933e8c0000 rw-p 00000000 00:00 0 
7f933e8c0000-7f933e8d6000 r-xp 00000000 103:03 26608125                  /usr/lib/jvm/java-8-oracle/jre/lib/amd64/libnet.so
7f933e8d6000-7f933ead6000 ---p 00016000 103:03 26608125                  /usr/lib/jvm/java-8-oracle/jre/lib/amd64/libnet.so
7f933ead6000-7f933ead7000 rw-p 00016000 103:03 26608125                  /usr/lib/jvm/java-8-oracle/jre/lib/amd64/libnet.so
7f933ead7000-7f933ead8000 ---p 00000000 00:00 0 
7f933ead8000-7f933eadb000 ---p 00000000 00:00 0 
7f933eadb000-7f933ebd8000 rw-p 00000000 00:00 0 
7f933ebd8000-7f933ebdb000 ---p 00000000 00:00 0 
7f933ebdb000-7f933ecd9000 rw-p 00000000 00:00 0 
7f933ecd9000-7f933ecdb000 r--s 0001a000 07:07 298                        /snap/intellij-idea-ultimate/64/lib/idea_rt.jar
7f933ecdb000-7f933ece0000 r--s 00041000 00:36 20189007                   /home/tun3/.m2/repository/com/typesafe/config/1.3.3/config-1.3.3.jar
7f933ece0000-7f933ece2000 r--s 00007000 00:36 20054406                   /home/tun3/.m2/repository/com/fasterxml/jackson/module/jackson-module-jaxb-annotations/2.8.10/jackson-module-jaxb-annotations-2.8.10.jar
7f933ece2000-7f933ece5000 r--s 0000f000 00:36 20054361                   /home/tun3/.m2/repository/org/glassfish/jersey/ext/jersey-entity-filtering/2.27/jersey-entity-filtering-2.27.jar
7f933ece5000-7f933ece7000 r--s 00010000 00:36 20054377                   /home/tun3/.m2/repository/org/glassfish/jersey/media/jersey-media-json-jackson/2.27/jersey-media-json-jackson-2.27.jar
7f933ece7000-7f933ecf1000 r--s 000ab000 00:36 20054393                   /home/tun3/.m2/repository/org/javassist/javassist/3.22.0-CR2/javassist-3.22.0-CR2.jar
7f933ecf1000-7f933ecf5000 r--s 0001e000 00:36 20054397                   /home/tun3/.m2/repository/org/glassfish/hk2/hk2-utils/2.5.0-b42/hk2-utils-2.5.0-b42.jar
7f933ecf5000-7f933ecfa000 r--s 00029000 00:36 20054387                   /home/tun3/.m2/repository/org/glassfish/hk2/hk2-api/2.5.0-b42/hk2-api-2.5.0-b42.jar
7f933ecfa000-7f933ecfc000 r--s 00002000 00:36 20054396                   /home/tun3/.m2/repository/org/glassfish/hk2/external/aopalliance-repackaged/2.5.0-b42/aopalliance-repackaged-2.5.0-b42.jar
7f933ecfc000-7f933ed00000 r--s 0002b000 00:36 20054373                   /home/tun3/.m2/repository/org/glassfish/hk2/hk2-locator/2.5.0-b42/hk2-locator-2.5.0-b42.jar
7f933ed00000-7f933ed03000 r--s 0000d000 00:36 20054388                   /home/tun3/.m2/repository/org/glassfish/jersey/inject/jersey-hk2/2.27/jersey-hk2-2.27.jar
7f933ed03000-7f933ed07000 r--s 0001c000 00:36 20054391                   /home/tun3/.m2/repository/javax/ws/rs/javax.ws.rs-api/2.1/javax.ws.rs-api-2.1.jar
7f933ed07000-7f933ed0b000 r--s 0000c000 00:36 20054354                   /home/tun3/.m2/repository/javax/validation/validation-api/1.1.0.Final/validation-api-1.1.0.Final.jar
7f933ed0b000-7f933ed0e000 r--s 0000f000 00:36 20054376                   /home/tun3/.m2/repository/org/glassfish/jersey/media/jersey-media-jaxb/2.27/jersey-media-jaxb-2.27.jar
7f933ed0e000-7f933ed12000 r--s 00029000 00:36 20054378                   /home/tun3/.m2/repository/org/glassfish/jersey/core/jersey-client/2.27/jersey-client-2.27.jar
7f933ed12000-7f933ed15000 ---p 00000000 00:00 0 
7f933ed15000-7f933ee13000 rw-p 00000000 00:00 0 
7f933ee13000-7f933f0f1000 r--p 00000000 103:03 23593112                  /usr/lib/locale/locale-archive
7f933f0f1000-7f933f0f4000 ---p 00000000 00:00 0 
7f933f0f4000-7f933f1f2000 rw-p 00000000 00:00 0 
7f933f1f2000-7f933f1f5000 ---p 00000000 00:00 0 
7f933f1f5000-7f933f2f3000 rw-p 00000000 00:00 0 
7f933f2f3000-7f933f2f4000 ---p 00000000 00:00 0 
7f933f2f4000-7f9340000000 rw-p 00000000 00:00 0 
7f9340000000-7f9340021000 rw-p 00000000 00:00 0 
7f9340021000-7f9344000000 ---p 00000000 00:00 0 
7f9344000000-7f9344021000 rw-p 00000000 00:00 0 
7f9344021000-7f9348000000 ---p 00000000 00:00 0 
7f9348000000-7f9348021000 rw-p 00000000 00:00 0 
7f9348021000-7f934c000000 ---p 00000000 00:00 0 
7f934c000000-7f934c001000 r--s 00000000 00:36 19924253                   /home/tun3/.m2/repository/javax/inject/javax.inject/1/javax.inject-1.jar
7f934c001000-7f934c014000 r--s 000d1000 00:36 20054351                   /home/tun3/.m2/repository/org/glassfish/jersey/core/jersey-server/2.27/jersey-server-2.27.jar
7f934c014000-7f934c015000 r--s 00004000 00:36 20054386                   /home/tun3/.m2/repository/org/glassfish/hk2/osgi-resource-locator/1.0.1/osgi-resource-locator-1.0.1.jar
7f934c015000-7f934c017000 r--s 00005000 00:36 20054346                   /home/tun3/.m2/repository/javax/annotation/javax.annotation-api/1.2/javax.annotation-api-1.2.jar
7f934c017000-7f934c02e000 r--s 00100000 00:36 20054379                   /home/tun3/.m2/repository/org/glassfish/jersey/core/jersey-common/2.27/jersey-common-2.27.jar
7f934c02e000-7f934c03e000 r--s 000c1000 00:36 20054370                   /home/tun3/.m2/repository/org/glassfish/grizzly/grizzly-framework/2.4.0/grizzly-framework-2.4.0.jar
7f934c03e000-7f934c043000 r--s 00051000 00:36 20054365                   /home/tun3/.m2/repository/org/glassfish/grizzly/grizzly-http/2.4.0/grizzly-http-2.4.0.jar
7f934c043000-7f934c049000 r--s 00047000 00:36 20054357                   /home/tun3/.m2/repository/org/glassfish/grizzly/grizzly-http-server/2.4.0/grizzly-http-server-2.4.0.jar
7f934c049000-7f934c04a000 r--s 00001000 00:36 20054389                   /home/tun3/.m2/repository/org/glassfish/hk2/external/javax.inject/2.5.0-b42/javax.inject-2.5.0-b42.jar
7f934c04a000-7f934c04c000 r--s 00005000 00:36 20054352                   /home/tun3/.m2/repository/org/glassfish/jersey/containers/jersey-container-grizzly2-http/2.27/jersey-container-grizzly2-http-2.27.jar
7f934c04c000-7f934c04d000 r--s 00004000 00:36 20054358                   /home/tun3/.m2/repository/io/dropwizard/metrics/metrics-jmx/4.0.0/metrics-jmx-4.0.0.jar
7f934c04d000-7f934c050000 r--s 00015000 00:36 20054359                   /home/tun3/.m2/repository/io/dropwizard/metrics/metrics-core/4.0.0/metrics-core-4.0.0.jar
7f934c050000-7f934c070000 r--s 0016f000 00:36 20054349                   /home/tun3/.m2/repository/com/google/auto/value/auto-value/1.5.1/auto-value-1.5.1.jar
7f934c070000-7f934c072000 r--s 0000a000 00:36 20054348                   /home/tun3/.m2/repository/com/github/zafarkhaja/java-semver/0.9.0/java-semver-0.9.0.jar
7f934c072000-7f934c083000 r--s 0008c000 00:36 20054345                   /home/tun3/.m2/repository/joda-time/joda-time/2.10/joda-time-2.10.jar
7f934c083000-7f934c085000 r--s 0000f000 00:36 20054341                   /home/tun3/.m2/repository/com/fasterxml/jackson/datatype/jackson-datatype-joda/2.9.3/jackson-datatype-joda-2.9.3.jar
7f934c085000-7f934c088000 r--s 0000e000 00:36 20054344                   /home/tun3/.m2/repository/com/fasterxml/jackson/core/jackson-annotations/2.9.0/jackson-annotations-2.9.0.jar
7f934c088000-7f934c09b000 r--s 00134000 00:36 20054355                   /home/tun3/.m2/repository/com/fasterxml/jackson/core/jackson-databind/2.9.3/jackson-databind-2.9.3.jar
7f934c09b000-7f934c09f000 r--s 0004b000 00:36 19925277                   /home/tun3/.m2/repository/com/fasterxml/jackson/core/jackson-core/2.9.3/jackson-core-2.9.3.jar
7f934c09f000-7f934c0cf000 r--s 00245000 00:36 19793269                   /home/tun3/.m2/repository/com/google/guava/guava/22.0/guava-22.0.jar
7f934c0cf000-7f934c0f1000 r--s 001d4000 00:36 19793262                   /home/tun3/.m2/repository/io/netty/netty-all/4.0.29.Final/netty-all-4.0.29.Final.jar
7f934c0f1000-7f934d000000 rw-p 00000000 00:00 0 
7f934d000000-7f934de10000 rwxp 00000000 00:00 0 
7f934de10000-7f935c000000 ---p 00000000 00:00 0 
7f935c000000-7f935d1a9000 rw-p 00000000 00:00 0 
7f935d1a9000-7f9360000000 ---p 00000000 00:00 0 
7f9360000000-7f9360001000 r--s 00014000 00:36 19925275                   /home/tun3/.m2/repository/com/squareup/okio/okio/1.14.0/okio-1.14.0.jar
7f9360001000-7f9360006000 r--s 00060000 00:36 19925273                   /home/tun3/.m2/repository/com/squareup/okhttp3/okhttp/3.10.0/okhttp-3.10.0.jar
7f9360006000-7f9360008000 r--s 0000f000 00:36 19793276                   /home/tun3/.m2/repository/com/beust/jcommander/1.72/jcommander-1.72.jar
7f9360008000-7f9360009000 r--s 00000000 00:36 19793275                   /home/tun3/.m2/repository/org/codehaus/mojo/animal-sniffer-annotations/1.14/animal-sniffer-annotations-1.14.jar
7f9360009000-7f936000b000 r--s 00001000 00:36 19793271                   /home/tun3/.m2/repository/com/google/j2objc/j2objc-annotations/1.1/j2objc-annotations-1.1.jar
7f936000b000-7f936000c000 r--s 00002000 00:36 19793260                   /home/tun3/.m2/repository/com/google/errorprone/error_prone_annotations/2.0.18/error_prone_annotations-2.0.18.jar
7f936000c000-7f936000f000 r--s 00006000 00:36 19793259                   /home/tun3/.m2/repository/com/google/code/findbugs/jsr305/1.3.9/jsr305-1.3.9.jar
7f936000f000-7f9360011000 r--s 00008000 00:36 19793248                   /home/tun3/.m2/repository/org/graylog2/gelfclient/1.4.0/gelfclient-1.4.0.jar
7f9360011000-7f9360024000 r--s 0011c000 00:36 19793253                   /home/tun3/.m2/repository/org/pcap4j/pcap4j-core/1.7.1/pcap4j-core-1.7.1.jar
7f9360024000-7f9360039000 r--s 000dd000 00:36 19793246                   /home/tun3/.m2/repository/org/apache/logging/log4j/log4j-core/2.4.1/log4j-core-2.4.1.jar
7f9360039000-7f936004c000 r--s 00345000 103:03 26608069                  /usr/lib/jvm/java-8-oracle/jre/lib/resources.jar
7f936004c000-7f936005f000 r--s 000d6000 103:03 26608013                  /usr/lib/jvm/java-8-oracle/jre/lib/plugin.jar
7f936005f000-7f93600ae000 rw-p 00000000 00:00 0 
7f93600ae000-7f9360288000 r--s 03d6b000 103:03 26608065                  /usr/lib/jvm/java-8-oracle/jre/lib/rt.jar
7f9360288000-7f93612b0000 rw-p 00000000 00:00 0 
7f93612b0000-7f93612b1000 ---p 00000000 00:00 0 
7f93612b1000-7f93613b1000 rw-p 00000000 00:00 0 
7f93613b1000-7f93613b2000 ---p 00000000 00:00 0 
7f93613b2000-7f93614b2000 rw-p 00000000 00:00 0 
7f93614b2000-7f93614b3000 ---p 00000000 00:00 0 
7f93614b3000-7f93615b3000 rw-p 00000000 00:00 0 
7f93615b3000-7f93615b4000 ---p 00000000 00:00 0 
7f93615b4000-7f93616b4000 rw-p 00000000 00:00 0 
7f93616b4000-7f93616b5000 ---p 00000000 00:00 0 
7f93616b5000-7f93617b5000 rw-p 00000000 00:00 0 
7f93617b5000-7f93617b6000 ---p 00000000 00:00 0 
7f93617b6000-7f93618b6000 rw-p 00000000 00:00 0 
7f93618b6000-7f93618b7000 ---p 00000000 00:00 0 
7f93618b7000-7f93619b7000 rw-p 00000000 00:00 0 
7f93619b7000-7f93619b8000 ---p 00000000 00:00 0 
7f93619b8000-7f9361b0d000 rw-p 00000000 00:00 0 
7f9361b0d000-7f9361fda000 ---p 00000000 00:00 0 
7f9361fda000-7f936202f000 rw-p 00000000 00:00 0 
7f936202f000-7f93624fb000 ---p 00000000 00:00 0 
7f93624fb000-7f9362533000 rw-p 00000000 00:00 0 
7f9362533000-7f936278c000 ---p 00000000 00:00 0 
7f936278c000-7f93627c6000 rw-p 00000000 00:00 0 
7f93627c6000-7f9362b4d000 ---p 00000000 00:00 0 
7f9362b4d000-7f9362b68000 r-xp 00000000 103:03 26608121                  /usr/lib/jvm/java-8-oracle/jre/lib/amd64/libzip.so
7f9362b68000-7f9362d68000 ---p 0001b000 103:03 26608121                  /usr/lib/jvm/java-8-oracle/jre/lib/amd64/libzip.so
7f9362d68000-7f9362d69000 rw-p 0001b000 103:03 26608121                  /usr/lib/jvm/java-8-oracle/jre/lib/amd64/libzip.so
7f9362d69000-7f9362d74000 r-xp 00000000 103:03 7602617                   /lib/x86_64-linux-gnu/libnss_files-2.27.so
7f9362d74000-7f9362f73000 ---p 0000b000 103:03 7602617                   /lib/x86_64-linux-gnu/libnss_files-2.27.so
7f9362f73000-7f9362f74000 r--p 0000a000 103:03 7602617                   /lib/x86_64-linux-gnu/libnss_files-2.27.so
7f9362f74000-7f9362f75000 rw-p 0000b000 103:03 7602617                   /lib/x86_64-linux-gnu/libnss_files-2.27.so
7f9362f75000-7f9362f7b000 rw-p 00000000 00:00 0 
7f9362f7b000-7f9362f92000 r-xp 00000000 103:03 7602613                   /lib/x86_64-linux-gnu/libnsl-2.27.so
7f9362f92000-7f9363191000 ---p 00017000 103:03 7602613                   /lib/x86_64-linux-gnu/libnsl-2.27.so
7f9363191000-7f9363192000 r--p 00016000 103:03 7602613                   /lib/x86_64-linux-gnu/libnsl-2.27.so
7f9363192000-7f9363193000 rw-p 00017000 103:03 7602613                   /lib/x86_64-linux-gnu/libnsl-2.27.so
7f9363193000-7f9363195000 rw-p 00000000 00:00 0 
7f9363195000-7f93631a0000 r-xp 00000000 103:03 7602619                   /lib/x86_64-linux-gnu/libnss_nis-2.27.so
7f93631a0000-7f936339f000 ---p 0000b000 103:03 7602619                   /lib/x86_64-linux-gnu/libnss_nis-2.27.so
7f936339f000-7f93633a0000 r--p 0000a000 103:03 7602619                   /lib/x86_64-linux-gnu/libnss_nis-2.27.so
7f93633a0000-7f93633a1000 rw-p 0000b000 103:03 7602619                   /lib/x86_64-linux-gnu/libnss_nis-2.27.so
7f93633a1000-7f93633a9000 r-xp 00000000 103:03 7602614                   /lib/x86_64-linux-gnu/libnss_compat-2.27.so
7f93633a9000-7f93635a9000 ---p 00008000 103:03 7602614                   /lib/x86_64-linux-gnu/libnss_compat-2.27.so
7f93635a9000-7f93635aa000 r--p 00008000 103:03 7602614                   /lib/x86_64-linux-gnu/libnss_compat-2.27.so
7f93635aa000-7f93635ab000 rw-p 00009000 103:03 7602614                   /lib/x86_64-linux-gnu/libnss_compat-2.27.so
7f93635ab000-7f93635b5000 r-xp 00000000 103:03 26608130                  /usr/lib/jvm/java-8-oracle/jre/lib/amd64/libinstrument.so
7f93635b5000-7f93637b4000 ---p 0000a000 103:03 26608130                  /usr/lib/jvm/java-8-oracle/jre/lib/amd64/libinstrument.so
7f93637b4000-7f93637b5000 rw-p 00009000 103:03 26608130                  /usr/lib/jvm/java-8-oracle/jre/lib/amd64/libinstrument.so
7f93637b5000-7f93637e0000 r-xp 00000000 103:03 26608115                  /usr/lib/jvm/java-8-oracle/jre/lib/amd64/libjava.so
7f93637e0000-7f93639df000 ---p 0002b000 103:03 26608115                  /usr/lib/jvm/java-8-oracle/jre/lib/amd64/libjava.so
7f93639df000-7f93639e1000 rw-p 0002a000 103:03 26608115                  /usr/lib/jvm/java-8-oracle/jre/lib/amd64/libjava.so
7f93639e1000-7f93639ee000 r-xp 00000000 103:03 26608120                  /usr/lib/jvm/java-8-oracle/jre/lib/amd64/libverify.so
7f93639ee000-7f9363bee000 ---p 0000d000 103:03 26608120                  /usr/lib/jvm/java-8-oracle/jre/lib/amd64/libverify.so
7f9363bee000-7f9363bf0000 rw-p 0000d000 103:03 26608120                  /usr/lib/jvm/java-8-oracle/jre/lib/amd64/libverify.so
7f9363bf0000-7f9363bf7000 r-xp 00000000 103:03 7602624                   /lib/x86_64-linux-gnu/librt-2.27.so
7f9363bf7000-7f9363df6000 ---p 00007000 103:03 7602624                   /lib/x86_64-linux-gnu/librt-2.27.so
7f9363df6000-7f9363df7000 r--p 00006000 103:03 7602624                   /lib/x86_64-linux-gnu/librt-2.27.so
7f9363df7000-7f9363df8000 rw-p 00007000 103:03 7602624                   /lib/x86_64-linux-gnu/librt-2.27.so
7f9363df8000-7f9363f95000 r-xp 00000000 103:03 7602610                   /lib/x86_64-linux-gnu/libm-2.27.so
7f9363f95000-7f9364194000 ---p 0019d000 103:03 7602610                   /lib/x86_64-linux-gnu/libm-2.27.so
7f9364194000-7f9364195000 r--p 0019c000 103:03 7602610                   /lib/x86_64-linux-gnu/libm-2.27.so
7f9364195000-7f9364196000 rw-p 0019d000 103:03 7602610                   /lib/x86_64-linux-gnu/libm-2.27.so
7f9364196000-7f9364e72000 r-xp 00000000 103:03 26608143                  /usr/lib/jvm/java-8-oracle/jre/lib/amd64/server/libjvm.so
7f9364e72000-7f9365072000 ---p 00cdc000 103:03 26608143                  /usr/lib/jvm/java-8-oracle/jre/lib/amd64/server/libjvm.so
7f9365072000-7f936514c000 rw-p 00cdc000 103:03 26608143                  /usr/lib/jvm/java-8-oracle/jre/lib/amd64/server/libjvm.so
7f936514c000-7f9365197000 rw-p 00000000 00:00 0 
7f9365197000-7f936537e000 r-xp 00000000 103:03 7602606                   /lib/x86_64-linux-gnu/libc-2.27.so
7f936537e000-7f936557e000 ---p 001e7000 103:03 7602606                   /lib/x86_64-linux-gnu/libc-2.27.so
7f936557e000-7f9365582000 r--p 001e7000 103:03 7602606                   /lib/x86_64-linux-gnu/libc-2.27.so
7f9365582000-7f9365584000 rw-p 001eb000 103:03 7602606                   /lib/x86_64-linux-gnu/libc-2.27.so
7f9365584000-7f9365588000 rw-p 00000000 00:00 0 
7f9365588000-7f936558b000 r-xp 00000000 103:03 7602609                   /lib/x86_64-linux-gnu/libdl-2.27.so
7f936558b000-7f936578a000 ---p 00003000 103:03 7602609                   /lib/x86_64-linux-gnu/libdl-2.27.so
7f936578a000-7f936578b000 r--p 00002000 103:03 7602609                   /lib/x86_64-linux-gnu/libdl-2.27.so
7f936578b000-7f936578c000 rw-p 00003000 103:03 7602609                   /lib/x86_64-linux-gnu/libdl-2.27.so
7f936578c000-7f93657a2000 r-xp 00000000 103:03 25829941                  /usr/lib/jvm/java-8-oracle/lib/amd64/jli/libjli.so
7f93657a2000-7f93659a1000 ---p 00016000 103:03 25829941                  /usr/lib/jvm/java-8-oracle/lib/amd64/jli/libjli.so
7f93659a1000-7f93659a2000 rw-p 00015000 103:03 25829941                  /usr/lib/jvm/java-8-oracle/lib/amd64/jli/libjli.so
7f93659a2000-7f93659bc000 r-xp 00000000 103:03 7602622                   /lib/x86_64-linux-gnu/libpthread-2.27.so
7f93659bc000-7f9365bbb000 ---p 0001a000 103:03 7602622                   /lib/x86_64-linux-gnu/libpthread-2.27.so
7f9365bbb000-7f9365bbc000 r--p 00019000 103:03 7602622                   /lib/x86_64-linux-gnu/libpthread-2.27.so
7f9365bbc000-7f9365bbd000 rw-p 0001a000 103:03 7602622                   /lib/x86_64-linux-gnu/libpthread-2.27.so
7f9365bbd000-7f9365bc1000 rw-p 00000000 00:00 0 
7f9365bc1000-7f9365be8000 r-xp 00000000 103:03 7602205                   /lib/x86_64-linux-gnu/ld-2.27.so
7f9365be8000-7f9365bee000 r--s 0001e000 00:36 19793251                   /home/tun3/.m2/repository/org/pcap4j/pcap4j-packetfactory-static/1.7.1/pcap4j-packetfactory-static-1.7.1.jar
7f9365bee000-7f9365bf2000 r--s 00112000 00:36 19793255                   /home/tun3/.m2/repository/net/java/dev/jna/jna/4.2.1/jna-4.2.1.jar
7f9365bf2000-7f9365bf3000 r--s 00007000 00:36 19793265                   /home/tun3/.m2/repository/org/slf4j/slf4j-api/1.7.12/slf4j-api-1.7.12.jar
7f9365bf3000-7f9365bf4000 r--s 00005000 00:36 19793249                   /home/tun3/.m2/repository/org/apache/logging/log4j/log4j-slf4j-impl/2.4.1/log4j-slf4j-impl-2.4.1.jar
7f9365bf4000-7f9365bf7000 r--s 00020000 00:36 19793257                   /home/tun3/.m2/repository/org/apache/logging/log4j/log4j-api/2.4.1/log4j-api-2.4.1.jar
7f9365bf7000-7f9365bfc000 r--s 0009d000 103:03 26608070                  /usr/lib/jvm/java-8-oracle/jre/lib/jsse.jar
7f9365bfc000-7f9365c01000 r--s 00084000 103:03 26607988                  /usr/lib/jvm/java-8-oracle/jre/lib/jfr.jar
7f9365c01000-7f9365c1d000 r--s 0020b000 103:03 26607989                  /usr/lib/jvm/java-8-oracle/jre/lib/deploy.jar
7f9365c1d000-7f9365cc5000 rw-p 00000000 00:00 0 
7f9365cc5000-7f9365cc6000 ---p 00000000 00:00 0 
7f9365cc6000-7f9365cc9000 ---p 00000000 00:00 0 
7f9365cc9000-7f9365dca000 rw-p 00000000 00:00 0 
7f9365dca000-7f9365dcb000 r--s 00000000 103:03 26607995                  /usr/lib/jvm/java-8-oracle/jre/lib/management-agent.jar
7f9365dcb000-7f9365dcd000 r--s 00007000 103:03 26608149                  /usr/lib/jvm/java-8-oracle/jre/lib/jfxswt.jar
7f9365dcd000-7f9365dd0000 r--s 0001a000 103:03 26608147                  /usr/lib/jvm/java-8-oracle/jre/lib/jce.jar
7f9365dd0000-7f9365dd9000 r--s 0006d000 103:03 26607998                  /usr/lib/jvm/java-8-oracle/jre/lib/javaws.jar
7f9365dd9000-7f9365dde000 r--s 002f9000 103:03 26608063                  /usr/lib/jvm/java-8-oracle/jre/lib/charsets.jar
7f9365dde000-7f9365de6000 rw-s 00000000 103:03 1707477                   /tmp/hsperfdata_tun3/14704 (deleted)
7f9365de6000-7f9365de7000 rw-p 00000000 00:00 0 
7f9365de7000-7f9365de8000 ---p 00000000 00:00 0 
7f9365de8000-7f9365de9000 r--p 00027000 103:03 7602205                   /lib/x86_64-linux-gnu/ld-2.27.so
7f9365de9000-7f9365dea000 rw-p 00028000 103:03 7602205                   /lib/x86_64-linux-gnu/ld-2.27.so
7f9365dea000-7f9365deb000 rw-p 00000000 00:00 0 
7ffe9ee0a000-7ffe9ee2d000 rw-p 00000000 00:00 0                          [stack]
7ffe9ef26000-7ffe9ef29000 r--p 00000000 00:00 0                          [vvar]
7ffe9ef29000-7ffe9ef2b000 r-xp 00000000 00:00 0                          [vdso]
ffffffffff600000-ffffffffff601000 r-xp 00000000 00:00 0                  [vsyscall]

VM Arguments:
jvm_args: -javaagent:/snap/intellij-idea-ultimate/64/lib/idea_rt.jar=45333:/snap/intellij-idea-ultimate/64/bin -Dfile.encoding=UTF-8 
java_command: horse.wtf.nzyme.Main -c nzyme.conf
java_class_path (initial): /usr/lib/jvm/java-8-oracle/jre/lib/charsets.jar:/usr/lib/jvm/java-8-oracle/jre/lib/deploy.jar:/usr/lib/jvm/java-8-oracle/jre/lib/ext/cldrdata.jar:/usr/lib/jvm/java-8-oracle/jre/lib/ext/dnsns.jar:/usr/lib/jvm/java-8-oracle/jre/lib/ext/jaccess.jar:/usr/lib/jvm/java-8-oracle/jre/lib/ext/jfxrt.jar:/usr/lib/jvm/java-8-oracle/jre/lib/ext/localedata.jar:/usr/lib/jvm/java-8-oracle/jre/lib/ext/nashorn.jar:/usr/lib/jvm/java-8-oracle/jre/lib/ext/sunec.jar:/usr/lib/jvm/java-8-oracle/jre/lib/ext/sunjce_provider.jar:/usr/lib/jvm/java-8-oracle/jre/lib/ext/sunpkcs11.jar:/usr/lib/jvm/java-8-oracle/jre/lib/ext/zipfs.jar:/usr/lib/jvm/java-8-oracle/jre/lib/javaws.jar:/usr/lib/jvm/java-8-oracle/jre/lib/jce.jar:/usr/lib/jvm/java-8-oracle/jre/lib/jfr.jar:/usr/lib/jvm/java-8-oracle/jre/lib/jfxswt.jar:/usr/lib/jvm/java-8-oracle/jre/lib/jsse.jar:/usr/lib/jvm/java-8-oracle/jre/lib/management-agent.jar:/usr/lib/jvm/java-8-oracle/jre/lib/plugin.jar:/usr/lib/jvm/java-8-oracle/jre/lib/resources.jar:/usr/lib/jvm/java-8-oracle/jre/lib/rt.jar:/home/tun3/workspace/nzyme/target/classes:/home/tun3/.m2/repository/org/apache/logging/log4j/log4j-api/2.4.1/log4j-api-2.4.1.jar:/home/tun3/.m2/repository/org/apache/logging/log4j/log4j-core/2.4.1/log4j-core-2.4.1.jar:/home/tun3/.m2/repository/org/apache/logging/log4j/log4j-slf4j-impl/2.4.1/log4j-slf4j-impl-2.4.1.jar:/home/tun3/.m2/repository/org/slf4j/slf4j-api/1.7.12/slf4j-api-1.7.12.jar:/home/tun3/.m2/repository/org/pcap4j/pcap4j-core/1.7.1/pcap4j-core-1.7.1.jar:/home/tun3/.m2/repository/net/java/dev/jna/jna/4.2.1/jna-4.2.1.jar:/home/tun3/.m2/repository/org/pcap4j/pcap4j-packetfactory-static/1.7.1/pcap4j-packetfactory-static-1.7.1.jar:/home/tun3/.m2/repository/org/graylog2/gelfclient/1.4.0/gelfclient-1.4.0.jar:/home/tun3/.m2/repository/io/netty/netty-all/4.0.29.Final/netty-all-4.0.29.Final.jar:/home/tun3/.m2/repository/com/google/guava/guava/22.0/guava-22.0.jar:/home/tun3/.m2/repository/com/google/code/findbugs/jsr305/1.3.9/jsr30
Launcher Type: SUN_STANDARD

Environment Variables:
PATH=/usr/local/sbin:/usr/local/bin:/usr/sbin:/usr/bin:/sbin:/bin:/usr/games:/usr/local/games:/snap/bin
USERNAME=tun3
SHELL=/usr/bin/zsh
DISPLAY=:0

Signal Handlers:
SIGSEGV: [libjvm.so+0xad2a40], sa_mask[0]=11111111011111111101111111111110, sa_flags=SA_RESTART|SA_SIGINFO
SIGBUS: [libjvm.so+0xad2a40], sa_mask[0]=11111111011111111101111111111110, sa_flags=SA_RESTART|SA_SIGINFO
SIGFPE: [libjvm.so+0x92a610], sa_mask[0]=11111111011111111101111111111110, sa_flags=SA_RESTART|SA_SIGINFO
SIGPIPE: [libjvm.so+0x92a610], sa_mask[0]=11111111011111111101111111111110, sa_flags=SA_RESTART|SA_SIGINFO
SIGXFSZ: [libjvm.so+0x92a610], sa_mask[0]=11111111011111111101111111111110, sa_flags=SA_RESTART|SA_SIGINFO
SIGILL: [libjvm.so+0x92a610], sa_mask[0]=11111111011111111101111111111110, sa_flags=SA_RESTART|SA_SIGINFO
SIGUSR1: SIG_DFL, sa_mask[0]=00000000000000000000000000000000, sa_flags=none
SIGUSR2: [libjvm.so+0x92be70], sa_mask[0]=00100000000000000000000000000000, sa_flags=SA_RESTART|SA_SIGINFO
SIGHUP: [libjvm.so+0x92d270], sa_mask[0]=11111111011111111101111111111110, sa_flags=SA_RESTART|SA_SIGINFO
SIGINT: [libjvm.so+0x92d270], sa_mask[0]=11111111011111111101111111111110, sa_flags=SA_RESTART|SA_SIGINFO
SIGTERM: [libjvm.so+0x92d270], sa_mask[0]=11111111011111111101111111111110, sa_flags=SA_RESTART|SA_SIGINFO
SIGQUIT: [libjvm.so+0x92d270], sa_mask[0]=11111111011111111101111111111110, sa_flags=SA_RESTART|SA_SIGINFO


---------------  S Y S T E M  ---------------

OS:DISTRIB_ID=Ubuntu
DISTRIB_RELEASE=18.04
DISTRIB_CODENAME=bionic
DISTRIB_DESCRIPTION="Ubuntu 18.04.1 LTS"

uname:Linux 4.15.0-23-generic #25-Ubuntu SMP Wed May 23 18:02:16 UTC 2018 x86_64
libc:glibc 2.27 NPTL 2.27 
rlimit: STACK 8192k, CORE 0k, NPROC 62618, NOFILE 1048576, AS infinity
load average:1.55 1.81 1.81

/proc/meminfo:
MemTotal:       16134948 kB
MemFree:          358988 kB
MemAvailable:    3972012 kB
Buffers:          481480 kB
Cached:          3365900 kB
SwapCached:            0 kB
Active:         11285732 kB
Inactive:        3471924 kB
Active(anon):    9910164 kB
Inactive(anon):  1354320 kB
Active(file):    1375568 kB
Inactive(file):  2117604 kB
Unevictable:         104 kB
Mlocked:             104 kB
SwapTotal:      32969212 kB
SwapFree:       32969212 kB
Dirty:             29820 kB
Writeback:             0 kB
AnonPages:      10908360 kB
Mapped:          1139592 kB
Shmem:           1046432 kB
Slab:             747112 kB
SReclaimable:     465136 kB
SUnreclaim:       281976 kB
KernelStack:       24360 kB
PageTables:        87808 kB
NFS_Unstable:          0 kB
Bounce:                0 kB
WritebackTmp:          0 kB
CommitLimit:    41036684 kB
Committed_AS:   20384136 kB
VmallocTotal:   34359738367 kB
VmallocUsed:           0 kB
VmallocChunk:          0 kB
HardwareCorrupted:     0 kB
AnonHugePages:         0 kB
ShmemHugePages:        0 kB
ShmemPmdMapped:        0 kB
CmaTotal:              0 kB
CmaFree:               0 kB
HugePages_Total:       0
HugePages_Free:        0
HugePages_Rsvd:        0
HugePages_Surp:        0
Hugepagesize:       2048 kB
DirectMap4k:     1291208 kB
DirectMap2M:    15194112 kB
DirectMap1G:           0 kB


CPU:total 8 (initial active 8) (4 cores per cpu, 2 threads per core) family 6 model 142 stepping 10, cmov, cx8, fxsr, mmx, sse, sse2, sse3, ssse3, sse4.1, sse4.2, popcnt, avx, avx2, aes, clmul, erms, 3dnowpref, lzcnt, ht, tsc, tscinvbit, bmi1, bmi2, adx

/proc/cpuinfo:
processor	: 0
vendor_id	: GenuineIntel
cpu family	: 6
model		: 142
model name	: Intel(R) Core(TM) i7-8550U CPU @ 1.80GHz
stepping	: 10
microcode	: 0x84
cpu MHz		: 2553.393
cache size	: 8192 KB
physical id	: 0
siblings	: 8
core id		: 0
cpu cores	: 4
apicid		: 0
initial apicid	: 0
fpu		: yes
fpu_exception	: yes
cpuid level	: 22
wp		: yes
flags		: fpu vme de pse tsc msr pae mce cx8 apic sep mtrr pge mca cmov pat pse36 clflush dts acpi mmx fxsr sse sse2 ss ht tm pbe syscall nx pdpe1gb rdtscp lm constant_tsc art arch_perfmon pebs bts rep_good nopl xtopology nonstop_tsc cpuid aperfmperf tsc_known_freq pni pclmulqdq dtes64 monitor ds_cpl vmx est tm2 ssse3 sdbg fma cx16 xtpr pdcm pcid sse4_1 sse4_2 x2apic movbe popcnt tsc_deadline_timer aes xsave avx f16c rdrand lahf_lm abm 3dnowprefetch cpuid_fault epb invpcid_single pti ibrs ibpb stibp tpr_shadow vnmi flexpriority ept vpid fsgsbase tsc_adjust bmi1 avx2 smep bmi2 erms invpcid mpx rdseed adx smap clflushopt intel_pt xsaveopt xsavec xgetbv1 xsaves dtherm ida arat pln pts hwp hwp_notify hwp_act_window hwp_epp
bugs		: cpu_meltdown spectre_v1 spectre_v2 spec_store_bypass
bogomips	: 3984.00
clflush size	: 64
cache_alignment	: 64
address sizes	: 39 bits physical, 48 bits virtual
power management:

processor	: 1
vendor_id	: GenuineIntel
cpu family	: 6
model		: 142
model name	: Intel(R) Core(TM) i7-8550U CPU @ 1.80GHz
stepping	: 10
microcode	: 0x84
cpu MHz		: 2935.643
cache size	: 8192 KB
physical id	: 0
siblings	: 8
core id		: 1
cpu cores	: 4
apicid		: 2
initial apicid	: 2
fpu		: yes
fpu_exception	: yes
cpuid level	: 22
wp		: yes
flags		: fpu vme de pse tsc msr pae mce cx8 apic sep mtrr pge mca cmov pat pse36 clflush dts acpi mmx fxsr sse sse2 ss ht tm pbe syscall nx pdpe1gb rdtscp lm constant_tsc art arch_perfmon pebs bts rep_good nopl xtopology nonstop_tsc cpuid aperfmperf tsc_known_freq pni pclmulqdq dtes64 monitor ds_cpl vmx est tm2 ssse3 sdbg fma cx16 xtpr pdcm pcid sse4_1 sse4_2 x2apic movbe popcnt tsc_deadline_timer aes xsave avx f16c rdrand lahf_lm abm 3dnowprefetch cpuid_fault epb invpcid_single pti ibrs ibpb stibp tpr_shadow vnmi flexpriority ept vpid fsgsbase tsc_adjust bmi1 avx2 smep bmi2 erms invpcid mpx rdseed adx smap clflushopt intel_pt xsaveopt xsavec xgetbv1 xsaves dtherm ida arat pln pts hwp hwp_notify hwp_act_window hwp_epp
bugs		: cpu_meltdown spectre_v1 spectre_v2 spec_store_bypass
bogomips	: 3984.00
clflush size	: 64
cache_alignment	: 64
address sizes	: 39 bits physical, 48 bits virtual
power management:

processor	: 2
vendor_id	: GenuineIntel
cpu family	: 6
model		: 142
model name	: Intel(R) Core(TM) i7-8550U CPU @ 1.80GHz
stepping	: 10
microcode	: 0x84
cpu MHz		: 2987.588
cache size	: 8192 KB
physical id	: 0
siblings	: 8
core id		: 2
cpu cores	: 4
apicid		: 4
initial apicid	: 4
fpu		: yes
fpu_exception	: yes
cpuid level	: 22
wp		: yes
flags		: fpu vme de pse tsc msr pae mce cx8 apic sep mtrr pge mca cmov pat pse36 clflush dts acpi mmx fxsr sse sse2 ss ht tm pbe syscall nx pdpe1gb rdtscp lm constant_tsc art arch_perfmon pebs bts rep_good nopl xtopology nonstop_tsc cpuid aperfmperf tsc_known_freq pni pclmulqdq dtes64 monitor ds_cpl vmx est tm2 ssse3 sdbg fma cx16 xtpr pdcm pcid sse4_1 sse4_2 x2apic movbe popcnt tsc_deadline_timer aes xsave avx f16c rdrand lahf_lm abm 3dnowprefetch cpuid_fault epb invpcid_single pti ibrs ibpb stibp tpr_shadow vnmi flexpriority ept vpid fsgsbase tsc_adjust bmi1 avx2 smep bmi2 erms invpcid mpx rdseed adx smap clflushopt intel_pt xsaveopt xsavec xgetbv1 xsaves dtherm ida arat pln pts hwp hwp_notify hwp_act_window hwp_epp
bugs		: cpu_meltdown spectre_v1 spectre_v2 spec_store_bypass
bogomips	: 3984.00
clflush size	: 64
cache_alignment	: 64
address sizes	: 39 bits physical, 48 bits virtual
power management:

processor	: 3
vendor_id	: GenuineIntel
cpu family	: 6
model		: 142
model name	: Intel(R) Core(TM) i7-8550U CPU @ 1.80GHz
stepping	: 10
microcode	: 0x84
cpu MHz		: 2932.715
cache size	: 8192 KB
physical id	: 0
siblings	: 8
core id		: 3
cpu cores	: 4
apicid		: 6
initial apicid	: 6
fpu		: yes
fpu_exception	: yes
cpuid level	: 22
wp		: yes
flags		: fpu vme de pse tsc msr pae mce cx8 apic sep mtrr pge mca cmov pat pse36 clflush dts acpi mmx fxsr sse sse2 ss ht tm pbe syscall nx pdpe1gb rdtscp lm constant_tsc art arch_perfmon pebs bts rep_good nopl xtopology nonstop_tsc cpuid aperfmperf tsc_known_freq pni pclmulqdq dtes64 monitor ds_cpl vmx est tm2 ssse3 sdbg fma cx16 xtpr pdcm pcid sse4_1 sse4_2 x2apic movbe popcnt tsc_deadline_timer aes xsave avx f16c rdrand lahf_lm abm 3dnowprefetch cpuid_fault epb invpcid_single pti ibrs ibpb stibp tpr_shadow vnmi flexpriority ept vpid fsgsbase tsc_adjust bmi1 avx2 smep bmi2 erms invpcid mpx rdseed adx smap clflushopt intel_pt xsaveopt xsavec xgetbv1 xsaves dtherm ida arat pln pts hwp hwp_notify hwp_act_window hwp_epp
bugs		: cpu_meltdown spectre_v1 spectre_v2 spec_store_bypass
bogomips	: 3984.00
clflush size	: 64
cache_alignment	: 64
address sizes	: 39 bits physical, 48 bits virtual
power management:

processor	: 4
vendor_id	: GenuineIntel
cpu family	: 6
model		: 142
model name	: Intel(R) Core(TM) i7-8550U CPU @ 1.80GHz
stepping	: 10
microcode	: 0x84
cpu MHz		: 3004.464
cache size	: 8192 KB
physical id	: 0
siblings	: 8
core id		: 0
cpu cores	: 4
apicid		: 1
initial apicid	: 1
fpu		: yes
fpu_exception	: yes
cpuid level	: 22
wp		: yes
flags		: fpu vme de pse tsc msr pae mce cx8 apic sep mtrr pge mca cmov pat pse36 clflush dts acpi mmx fxsr sse sse2 ss ht tm pbe syscall nx pdpe1gb rdtscp lm constant_tsc art arch_perfmon pebs bts rep_good nopl xtopology nonstop_tsc cpuid aperfmperf tsc_known_freq pni pclmulqdq dtes64 monitor ds_cpl vmx est tm2 ssse3 sdbg fma cx16 xtpr pdcm pcid sse4_1 sse4_2 x2apic movbe popcnt tsc_deadline_timer aes xsave avx f16c rdrand lahf_lm abm 3dnowprefetch cpuid_fault epb invpcid_single pti ibrs ibpb stibp tpr_shadow vnmi flexpriority ept vpid fsgsbase tsc_adjust bmi1 avx2 smep bmi2 erms invpcid mpx rdseed adx smap clflushopt intel_pt xsaveopt xsavec xgetbv1 xsaves dtherm ida arat pln pts hwp hwp_notify hwp_act_window hwp_epp
bugs		: cpu_meltdown spectre_v1 spectre_v2 spec_store_bypass
bogomips	: 3984.00
clflush size	: 64
cache_alignment	: 64
address sizes	: 39 bits physical, 48 bits virtual
power management:

processor	: 5
vendor_id	: GenuineIntel
cpu family	: 6
model		: 142
model name	: Intel(R) Core(TM) i7-8550U CPU @ 1.80GHz
stepping	: 10
microcode	: 0x84
cpu MHz		: 2995.821
cache size	: 8192 KB
physical id	: 0
siblings	: 8
core id		: 1
cpu cores	: 4
apicid		: 3
initial apicid	: 3
fpu		: yes
fpu_exception	: yes
cpuid level	: 22
wp		: yes
flags		: fpu vme de pse tsc msr pae mce cx8 apic sep mtrr pge mca cmov pat pse36 clflush dts acpi mmx fxsr sse sse2 ss ht tm pbe syscall nx pdpe1gb rdtscp lm constant_tsc art arch_perfmon pebs bts rep_good nopl xtopology nonstop_tsc cpuid aperfmperf tsc_known_freq pni pclmulqdq dtes64 monitor ds_cpl vmx est tm2 ssse3 sdbg fma cx16 xtpr pdcm pcid sse4_1 sse4_2 x2apic movbe popcnt tsc_deadline_timer aes xsave avx f16c rdrand lahf_lm abm 3dnowprefetch cpuid_fault epb invpcid_single pti ibrs ibpb stibp tpr_shadow vnmi flexpriority ept vpid fsgsbase tsc_adjust bmi1 avx2 smep bmi2 erms invpcid mpx rdseed adx smap clflushopt intel_pt xsaveopt xsavec xgetbv1 xsaves dtherm ida arat pln pts hwp hwp_notify hwp_act_window hwp_epp
bugs		: cpu_meltdown spectre_v1 spectre_v2 spec_store_bypass
bogomips	: 3984.00
clflush size	: 64
cache_alignment	: 64
address sizes	: 39 bits physical, 48 bits virtual
power management:

processor	: 6
vendor_id	: GenuineIntel
cpu family	: 6
model		: 142
model name	: Intel(R) Core(TM) i7-8550U CPU @ 1.80GHz
stepping	: 10
microcode	: 0x84
cpu MHz		: 3118.290
cache size	: 8192 KB
physical id	: 0
siblings	: 8
core id		: 2
cpu cores	: 4
apicid		: 5
initial apicid	: 5
fpu		: yes
fpu_exception	: yes
cpuid level	: 22
wp		: yes
flags		: fpu vme de pse tsc msr pae mce cx8 apic sep mtrr pge mca cmov pat pse36 clflush dts acpi mmx fxsr sse sse2 ss ht tm pbe syscall nx pdpe1gb rdtscp lm constant_tsc art arch_perfmon pebs bts rep_good nopl xtopology nonstop_tsc cpuid aperfmperf tsc_known_freq pni pclmulqdq dtes64 monitor ds_cpl vmx est tm2 ssse3 sdbg fma cx16 xtpr pdcm pcid sse4_1 sse4_2 x2apic movbe popcnt tsc_deadline_timer aes xsave avx f16c rdrand lahf_lm abm 3dnowprefetch cpuid_fault epb invpcid_single pti ibrs ibpb stibp tpr_shadow vnmi flexpriority ept vpid fsgsbase tsc_adjust bmi1 avx2 smep bmi2 erms invpcid mpx rdseed adx smap clflushopt intel_pt xsaveopt xsavec xgetbv1 xsaves dtherm ida arat pln pts hwp hwp_notify hwp_act_window hwp_epp
bugs		: cpu_meltdown spectre_v1 spectre_v2 spec_store_bypass
bogomips	: 3984.00
clflush size	: 64
cache_alignment	: 64
address sizes	: 39 bits physical, 48 bits virtual
power management:

processor	: 7
vendor_id	: GenuineIntel
cpu family	: 6
model		: 142
model name	: Intel(R) Core(TM) i7-8550U CPU @ 1.80GHz
stepping	: 10
microcode	: 0x84
cpu MHz		: 3014.559
cache size	: 8192 KB
physical id	: 0
siblings	: 8
core id		: 3
cpu cores	: 4
apicid		: 7
initial apicid	: 7
fpu		: yes
fpu_exception	: yes
cpuid level	: 22
wp		: yes
flags		: fpu vme de pse tsc msr pae mce cx8 apic sep mtrr pge mca cmov pat pse36 clflush dts acpi mmx fxsr sse sse2 ss ht tm pbe syscall nx pdpe1gb rdtscp lm constant_tsc art arch_perfmon pebs bts rep_good nopl xtopology nonstop_tsc cpuid aperfmperf tsc_known_freq pni pclmulqdq dtes64 monitor ds_cpl vmx est tm2 ssse3 sdbg fma cx16 xtpr pdcm pcid sse4_1 sse4_2 x2apic movbe popcnt tsc_deadline_timer aes xsave avx f16c rdrand lahf_lm abm 3dnowprefetch cpuid_fault epb invpcid_single pti ibrs ibpb stibp tpr_shadow vnmi flexpriority ept vpid fsgsbase tsc_adjust bmi1 avx2 smep bmi2 erms invpcid mpx rdseed adx smap clflushopt intel_pt xsaveopt xsavec xgetbv1 xsaves dtherm ida arat pln pts hwp hwp_notify hwp_act_window hwp_epp
bugs		: cpu_meltdown spectre_v1 spectre_v2 spec_store_bypass
bogomips	: 3984.00
clflush size	: 64
cache_alignment	: 64
address sizes	: 39 bits physical, 48 bits virtual
power management:



Memory: 4k page, physical 16134948k(358988k free), swap 32969212k(32969212k free)

vm_info: Java HotSpot(TM) 64-Bit Server VM (25.181-b13) for linux-amd64 JRE (1.8.0_181-b13), built on Jul  7 2018 00:56:38 by "java_re" with gcc 4.3.0 20080428 (Red Hat 4.3.0-8)

time: Tue Aug  7 16:57:40 2018
elapsed time: 156 seconds (0d 0h 2m 36s)

