#
# A fatal error has been detected by the Java Runtime Environment:
#
#  SIGSEGV (0xb) at pc=0x00007f80950e0c1e, pid=24353, tid=0x00007f8095735700
#
# JRE version: OpenJDK Runtime Environment (8.0_212-b03) (build 1.8.0_212-8u212-b03-0ubuntu1.18.04.1-b03)
# Java VM: OpenJDK 64-Bit Server VM (25.212-b03 mixed mode linux-amd64 compressed oops)
# Problematic frame:
# C  [libpcap.so.1.8.1+0x6c1e]
#
# Core dump written. Default location: /mnt/workspace/nzyme/core or core.24353
#
# If you would like to submit a bug report, please visit:
#   http://bugreport.java.com/bugreport/crash.jsp
# The crash happened outside the Java Virtual Machine in native code.
# See problematic frame for where to report the bug.
#

---------------  T H R E A D  ---------------

Current thread (0x00007f80c1d91800):  JavaThread "probe-loop-1" daemon [_thread_in_native, id=24429, stack(0x00007f8095635000,0x00007f8095736000)]

siginfo: si_signo: 11 (SIGSEGV), si_code: 1 (SEGV_MAPERR), si_addr: 0x00007f8094518008

Registers:
RAX=0x00007f8094518000, RBX=0x0000000000000018, RCX=0x0000000000000000, RDX=0x0000000000000009
RSP=0x00007f80957338c0, RBP=0x00007f7f8c0373e0, RSI=0x0000000000000001, RDI=0x0000000000000000
R8 =0x0000000000000000, R9 =0x00007f8095734270, R10=0x00007f80957338a0, R11=0x0000000000000000
R12=0x00007f7f9802cf50, R13=0x00007f7f8c037170, R14=0x00007f80950df3c0, R15=0x00007f80957343d0
RIP=0x00007f80950e0c1e, EFLAGS=0x0000000000010246, CSGSFS=0x002b000000000033, ERR=0x0000000000000004
  TRAPNO=0x000000000000000e

Top of Stack: (sp=0x00007f80957338c0)
0x00007f80957338c0:   00007f8095733920 00007f8095734270
0x00007f80957338d0:   00007f8094518000 00007f8000000001
0x00007f80957338e0:   00007f8095733fc0 0000000000000018
0x00007f80957338f0:   00007f8095733950 00007f7f9802cf50
0x00007f8095733900:   0000000000000008 0000000000000003
0x00007f8095733910:   00007f80957343d0 00007f80950e866a
0x00007f8095733920:   00007f7f8c037370 00007f7f8c1f64d0
0x00007f8095733930:   00007f7f8c037170 2c44f781c3c87300
0x00007f8095733940:   00007f8095733a00 00007f809532e5d4
0x00007f8095733950:   000000000000000a 00007f8095734560
0x00007f8095733960:   00007f8095733a60 00007f809532e33b
0x00007f8095733970:   00007f80957341b0 00007f80c1d91800
0x00007f8095733980:   00007f80957339d0 0000000000000000
0x00007f8095733990:   00007f80957338a0 00007f80957344d0
0x00007f80957339a0:   00007f8000000000 0000000000000001
0x00007f80957339b0:   00007f80950e8620 00007f80957338a0
0x00007f80957339c0:   00007f8095734560 00000000c656fcc0
0x00007f80957339d0:   00007f80957338a0 00007f7f9802ceb0
0x00007f80957339e0:   00000003c1d91800 00007f8095733a10
0x00007f80957339f0:   00007f8095733a2c 00007f8095733a28
0x00007f8095733a00:   0000000395733ac0 00007f8095733950
0x00007f8095733a10:   00007f8000000001 0000000000000003
0x00007f8095733a20:   0000000000000005 0000000100000000
0x00007f8095733a30:   00007f8095733a60 0000000000000002
0x00007f8095733a40:   00007f8095735680 0000000000000003
0x00007f8095733a50:   0000000000000005 00007f809532f6dc
0x00007f8095733a60:   00007f80957343b0 00007f8095328294
0x00007f8095733a70:   00007f8095733b10 00007f80c1d91800
0x00007f8095733a80:   00007f80957340f0 00007f80c6881fcd
0x00007f8095733a90:   00007f80957340e0 00007f8095327f99
0x00007f8095733aa0:   0000000000000000 0000000000000000
0x00007f8095733ab0:   0000000000000000 00007f80b100509a 

Instructions: (pc=0x00007f80950e0c1e)
0x00007f80950e0bfe:   89 ef e8 8b fd ff ff 85 c0 0f 85 3e 02 00 00 49
0x00007f80950e0c0e:   63 55 78 49 8b 45 20 48 8b 04 d0 48 89 44 24 10
0x00007f80950e0c1e:   8b 40 08 85 c0 74 c1 0f 1f 00 8b 4c 24 18 c7 44
0x00007f80950e0c2e:   24 0c 00 00 00 00 85 c9 0f 9e 44 24 1f 8b 74 24 

Register to memory mapping:

RAX=0x00007f8094518000 is an unknown value
RBX=0x0000000000000018 is an unknown value
RCX=0x0000000000000000 is an unknown value
RDX=0x0000000000000009 is an unknown value
RSP=0x00007f80957338c0 is pointing into the stack for thread: 0x00007f80c1d91800
RBP=0x00007f7f8c0373e0 is an unknown value
RSI=0x0000000000000001 is an unknown value
RDI=0x0000000000000000 is an unknown value
R8 =0x0000000000000000 is an unknown value
R9 =0x00007f8095734270 is pointing into the stack for thread: 0x00007f80c1d91800
R10=0x00007f80957338a0 is pointing into the stack for thread: 0x00007f80c1d91800
R11=0x0000000000000000 is an unknown value
R12=0x00007f7f9802cf50 is an unknown value
R13=0x00007f7f8c037170 is an unknown value
R14=0x00007f80950df3c0: <offset 0x53c0> in /usr/lib/x86_64-linux-gnu/libpcap.so.1.8.1 at 0x00007f80950da000
R15=0x00007f80957343d0 is pointing into the stack for thread: 0x00007f80c1d91800


Stack: [0x00007f8095635000,0x00007f8095736000],  sp=0x00007f80957338c0,  free space=1018k
Native frames: (J=compiled Java code, j=interpreted, Vv=VM code, C=native code)
C  [libpcap.so.1.8.1+0x6c1e]

Java frames: (J=compiled Java code, j=interpreted, Vv=VM code)
J 5717  org.pcap4j.core.NativeMappings.pcap_next_ex(Lcom/sun/jna/Pointer;Lcom/sun/jna/ptr/PointerByReference;Lcom/sun/jna/ptr/PointerByReference;)I (0 bytes) @ 0x00007f80b1e42537 [0x00007f80b1e424c0+0x77]
j  org.pcap4j.core.PcapHandle.getNextRawPacketEx()[B+73
j  org.pcap4j.core.PcapHandle.getNextPacketEx()Lorg/pcap4j/packet/Packet;+1
j  horse.wtf.nzyme.dot11.probes.Dot11MonitorProbe.lambda$loop$0(Lhorse/wtf/nzyme/dot11/probes/Dot11Probe;)V+80
j  horse.wtf.nzyme.dot11.probes.Dot11MonitorProbe$$Lambda$345.run()V+8
j  java.util.concurrent.Executors$RunnableAdapter.call()Ljava/lang/Object;+4
j  java.util.concurrent.FutureTask.run()V+42
j  java.util.concurrent.ThreadPoolExecutor.runWorker(Ljava/util/concurrent/ThreadPoolExecutor$Worker;)V+95
j  java.util.concurrent.ThreadPoolExecutor$Worker.run()V+5
j  java.lang.Thread.run()V+11
v  ~StubRoutines::call_stub

---------------  P R O C E S S  ---------------

Java Threads: ( => current thread )
  0x00007f8054003000 JavaThread "SIGINT handler" daemon [_thread_blocked, id=24538, stack(0x00007f808dcfd000,0x00007f808ddfe000)]
  0x00007f7fa0008800 JavaThread "process reaper" daemon [_thread_blocked, id=24456, stack(0x00007f80a4039000,0x00007f80a4072000)]
  0x00007f8014072800 JavaThread "Okio Watchdog" daemon [_thread_blocked, id=24435, stack(0x00007f8094ed8000,0x00007f8094fd9000)]
  0x00007f8014072000 JavaThread "OkHttp ConnectionPool" daemon [_thread_blocked, id=24434, stack(0x00007f8094fd9000,0x00007f80950da000)]
  0x00007f7f98022000 JavaThread "process reaper" daemon [_thread_blocked, id=24433, stack(0x00007f80a4072000,0x00007f80a40ab000)]
  0x00007f7f8c001800 JavaThread "GelfSenderThread-55" daemon [_thread_blocked, id=24431, stack(0x00007f8095534000,0x00007f8095635000)]
=>0x00007f80c1d91800 JavaThread "probe-loop-1" daemon [_thread_in_native, id=24429, stack(0x00007f8095635000,0x00007f8095736000)]
  0x00007f80c1d8f800 JavaThread "channel-hopper-0" daemon [_thread_blocked, id=24428, stack(0x00007f8095736000,0x00007f8095837000)]
  0x00007f80c1d8e000 JavaThread "gelfTcpTransport-3-1" daemon [_thread_in_native, id=24427, stack(0x00007f8095837000,0x00007f8095938000)]
  0x00007f80c1bfc000 JavaThread "probe-loop-0" daemon [_thread_in_native, id=24426, stack(0x00007f8095938000,0x00007f8095a39000)]
  0x00007f7f9c01c800 JavaThread "GelfSenderThread-51" daemon [_thread_blocked, id=24425, stack(0x00007f8095a39000,0x00007f8095b3a000)]
  0x00007f80c1bef800 JavaThread "channel-hopper-0" daemon [_thread_blocked, id=24424, stack(0x00007f8095b3a000,0x00007f8095c3b000)]
  0x00007f80c1be4000 JavaThread "gelfTcpTransport-1-1" daemon [_thread_in_native, id=24423, stack(0x00007f8095c3b000,0x00007f8095d3c000)]
  0x00007f80c0d48800 JavaThread "periodicals-4" daemon [_thread_blocked, id=24396, stack(0x00007f809cafa000,0x00007f809cbfb000)]
  0x00007f80c0d47000 JavaThread "periodicals-3" daemon [_thread_blocked, id=24395, stack(0x00007f809cbfb000,0x00007f809ccfc000)]
  0x00007f80c0d45000 JavaThread "periodicals-2" daemon [_thread_blocked, id=24394, stack(0x00007f809ccfc000,0x00007f809cdfd000)]
  0x00007f80c0d43800 JavaThread "periodicals-1" daemon [_thread_blocked, id=24393, stack(0x00007f809cdfd000,0x00007f809cefe000)]
  0x00007f80c0d3f800 JavaThread "periodicals-0" daemon [_thread_blocked, id=24392, stack(0x00007f809cefe000,0x00007f809cfff000)]
  0x00007f80c0d30000 JavaThread "pool-7-thread-1" [_thread_blocked, id=24391, stack(0x00007f80a40ab000,0x00007f80a41ac000)]
  0x00007f80c0d2f000 JavaThread "alerts-cleaner" daemon [_thread_blocked, id=24390, stack(0x00007f80a41ac000,0x00007f80a42ad000)]
  0x00007f80c0d08000 JavaThread "clients-cleaner" daemon [_thread_blocked, id=24389, stack(0x00007f80a44ad000,0x00007f80a45ae000)]
  0x00007f80c0d06800 JavaThread "channels-sigqual-cleaner" daemon [_thread_blocked, id=24388, stack(0x00007f80a45ae000,0x00007f80a46af000)]
  0x00007f80c0d04800 JavaThread "bssids-cleaner" daemon [_thread_blocked, id=24387, stack(0x00007f80a46af000,0x00007f80a47b0000)]
  0x00007f80c0ceb800 JavaThread "statistics-recent-cleaner-0" daemon [_thread_blocked, id=24386, stack(0x00007f80a47b0000,0x00007f80a48b1000)]
  0x00007f8054001000 JavaThread "Attach Listener" daemon [_thread_blocked, id=24385, stack(0x00007f80a57d3000,0x00007f80a58d4000)]
  0x00007f80c05f6000 JavaThread "Service Thread" daemon [_thread_blocked, id=24372, stack(0x00007f80a65f5000,0x00007f80a66f6000)]
  0x00007f80c05f3000 JavaThread "C1 CompilerThread3" daemon [_thread_blocked, id=24371, stack(0x00007f80a690e000,0x00007f80a6a0e000)]
  0x00007f80c05f1000 JavaThread "C2 CompilerThread2" daemon [_thread_blocked, id=24370, stack(0x00007f80a6a0f000,0x00007f80a6b0f000)]
  0x00007f80c05ef000 JavaThread "C2 CompilerThread1" daemon [_thread_blocked, id=24369, stack(0x00007f80a6b10000,0x00007f80a6c10000)]
  0x00007f80c05ed000 JavaThread "C2 CompilerThread0" daemon [_thread_blocked, id=24368, stack(0x00007f80a6c11000,0x00007f80a6d11000)]
  0x00007f80c05eb000 JavaThread "Monitor Ctrl-Break" daemon [_thread_in_native, id=24367, stack(0x00007f80a6d11000,0x00007f80a6e12000)]
  0x00007f80c020c000 JavaThread "Signal Dispatcher" daemon [_thread_blocked, id=24366, stack(0x00007f80a6fbd000,0x00007f80a70be000)]
  0x00007f80c01d9000 JavaThread "Finalizer" daemon [_thread_blocked, id=24365, stack(0x00007f80a73f4000,0x00007f80a74f5000)]
  0x00007f80c01d6800 JavaThread "Reference Handler" daemon [_thread_blocked, id=24364, stack(0x00007f80a74f5000,0x00007f80a75f6000)]
  0x00007f80c0010000 JavaThread "main" [_thread_blocked, id=24354, stack(0x00007f80c7ba2000,0x00007f80c7ca2000)]

Other Threads:
  0x00007f80c01cd000 VMThread [stack: 0x00007f80a75f7000,0x00007f80a76f7000] [id=24363]

VM state:at safepoint (shutting down)

VM Mutex/Monitor currently owned by a thread:  ([mutex/lock_event])
[0x00007f80c0008990] Threads_lock - owner thread: 0x00007f80c01cd000

heap address: 0x00000005cac00000, size: 8020 MB, Compressed Oops mode: Zero based, Oop shift amount: 3
Narrow klass base: 0x0000000000000000, Narrow klass shift: 3
Compressed class space size: 1073741824 Address: 0x00000007c0000000

Heap:
 PSYoungGen      total 210944K, used 77036K [0x0000000718f00000, 0x000000072af80000, 0x00000007c0000000)
  eden space 189952K, 29% used [0x0000000718f00000,0x000000071c5bd288,0x0000000724880000)
  from space 20992K, 99% used [0x0000000724880000,0x0000000725cfde10,0x0000000725d00000)
  to   space 25088K, 0% used [0x0000000729700000,0x0000000729700000,0x000000072af80000)
 ParOldGen       total 335872K, used 17200K [0x00000005cac00000, 0x00000005df400000, 0x0000000718f00000)
  object space 335872K, 5% used [0x00000005cac00000,0x00000005cbccc0f8,0x00000005df400000)
 Metaspace       used 50580K, capacity 52548K, committed 52736K, reserved 1095680K
  class space    used 6115K, capacity 6558K, committed 6656K, reserved 1048576K

Card table byte_map: [0x00007f80afc95000,0x00007f80b0c40000] byte_map_base: 0x00007f80ace3f000

Marking Bits: (ParMarkBitMap*) 0x00007f80c6e463c0
 Begin Bits: [0x00007f8068560000, 0x00007f80702b0000)
 End Bits:   [0x00007f80702b0000, 0x00007f8078000000)

Polling page: 0x00007f80c7cc7000

CodeCache: size=245760Kb used=14742Kb max_used=14756Kb free=231017Kb
 bounds [0x00007f80b1000000, 0x00007f80b1e80000, 0x00007f80c0000000]
 total_blobs=5670 nmethods=5049 adapters=535
 compilation: enabled

Compilation events (10 events):
Event: 29.607 Thread 0x00007f80c05f3000 5797       1       org.jvnet.hk2.internal.SystemDescriptor::getCache (5 bytes)
Event: 29.607 Thread 0x00007f80c05f3000 nmethod 5797 0x00007f80b1e71d90 code [0x00007f80b1e71ee0, 0x00007f80b1e71ff0]
Event: 29.607 Thread 0x00007f80c05f3000 5798       3       org.glassfish.hk2.utilities.ContextualInput::<init> (15 bytes)
Event: 29.607 Thread 0x00007f80c05ef000 nmethod 5785 0x00007f80b1e7aa50 code [0x00007f80b1e7ac00, 0x00007f80b1e7aff0]
Event: 29.607 Thread 0x00007f80c05f1000 nmethod 5794 0x00007f80b1e77a50 code [0x00007f80b1e77ba0, 0x00007f80b1e77c98]
Event: 29.607 Thread 0x00007f80c05f3000 nmethod 5798 0x00007f80b1e77650 code [0x00007f80b1e777c0, 0x00007f80b1e779b0]
Event: 29.607 Thread 0x00007f80c05f3000 5799       1       java.util.HashMap::afterNodeRemoval (1 bytes)
Event: 29.608 Thread 0x00007f80c05f3000 nmethod 5799 0x00007f80b1e77390 code [0x00007f80b1e774e0, 0x00007f80b1e775f0]
Event: 29.610 Thread 0x00007f80c05f3000 5800       3       java.util.HashSet::iterator (13 bytes)
Event: 29.610 Thread 0x00007f80c05f3000 nmethod 5800 0x00007f80b1e76e50 code [0x00007f80b1e76fe0, 0x00007f80b1e772b8]

GC Heap History (10 events):
Event: 1.666 GC heap before
{Heap before GC invocations=3 (full 1):
 PSYoungGen      total 150016K, used 6179K [0x0000000718f00000, 0x000000072b400000, 0x00000007c0000000)
  eden space 129024K, 0% used [0x0000000718f00000,0x0000000718f00000,0x0000000720d00000)
  from space 20992K, 29% used [0x0000000722180000,0x0000000722788d60,0x0000000723600000)
  to   space 20992K, 0% used [0x0000000720d00000,0x0000000720d00000,0x0000000722180000)
 ParOldGen       total 343040K, used 88K [0x00000005cac00000, 0x00000005dfb00000, 0x0000000718f00000)
  object space 343040K, 0% used [0x00000005cac00000,0x00000005cac16010,0x00000005dfb00000)
 Metaspace       used 20873K, capacity 21246K, committed 21296K, reserved 1069056K
  class space    used 2615K, capacity 2768K, committed 2816K, reserved 1048576K
Event: 1.683 GC heap after
Heap after GC invocations=3 (full 1):
 PSYoungGen      total 150016K, used 0K [0x0000000718f00000, 0x000000072b400000, 0x00000007c0000000)
  eden space 129024K, 0% used [0x0000000718f00000,0x0000000718f00000,0x0000000720d00000)
  from space 20992K, 0% used [0x0000000722180000,0x0000000722180000,0x0000000723600000)
  to   space 20992K, 0% used [0x0000000720d00000,0x0000000720d00000,0x0000000722180000)
 ParOldGen       total 199168K, used 6060K [0x00000005cac00000, 0x00000005d6e80000, 0x0000000718f00000)
  object space 199168K, 3% used [0x00000005cac00000,0x00000005cb1eb180,0x00000005d6e80000)
 Metaspace       used 20873K, capacity 21246K, committed 21296K, reserved 1069056K
  class space    used 2615K, capacity 2768K, committed 2816K, reserved 1048576K
}
Event: 1.994 GC heap before
{Heap before GC invocations=4 (full 1):
 PSYoungGen      total 150016K, used 129024K [0x0000000718f00000, 0x000000072b400000, 0x00000007c0000000)
  eden space 129024K, 100% used [0x0000000718f00000,0x0000000720d00000,0x0000000720d00000)
  from space 20992K, 0% used [0x0000000722180000,0x0000000722180000,0x0000000723600000)
  to   space 20992K, 0% used [0x0000000720d00000,0x0000000720d00000,0x0000000722180000)
 ParOldGen       total 199168K, used 6060K [0x00000005cac00000, 0x00000005d6e80000, 0x0000000718f00000)
  object space 199168K, 3% used [0x00000005cac00000,0x00000005cb1eb180,0x00000005d6e80000)
 Metaspace       used 22193K, capacity 23038K, committed 23344K, reserved 1069056K
  class space    used 2745K, capacity 3018K, committed 3072K, reserved 1048576K
Event: 1.996 GC heap after
Heap after GC invocations=4 (full 1):
 PSYoungGen      total 150016K, used 1792K [0x0000000718f00000, 0x0000000727180000, 0x00000007c0000000)
  eden space 129024K, 0% used [0x0000000718f00000,0x0000000718f00000,0x0000000720d00000)
  from space 20992K, 8% used [0x0000000720d00000,0x0000000720ec0000,0x0000000722180000)
  to   space 20992K, 0% used [0x0000000725d00000,0x0000000725d00000,0x0000000727180000)
 ParOldGen       total 199168K, used 6068K [0x00000005cac00000, 0x00000005d6e80000, 0x0000000718f00000)
  object space 199168K, 3% used [0x00000005cac00000,0x00000005cb1ed180,0x00000005d6e80000)
 Metaspace       used 22193K, capacity 23038K, committed 23344K, reserved 1069056K
  class space    used 2745K, capacity 3018K, committed 3072K, reserved 1048576K
}
Event: 2.534 GC heap before
{Heap before GC invocations=5 (full 1):
 PSYoungGen      total 150016K, used 108481K [0x0000000718f00000, 0x0000000727180000, 0x00000007c0000000)
  eden space 129024K, 82% used [0x0000000718f00000,0x000000071f7305e0,0x0000000720d00000)
  from space 20992K, 8% used [0x0000000720d00000,0x0000000720ec0000,0x0000000722180000)
  to   space 20992K, 0% used [0x0000000725d00000,0x0000000725d00000,0x0000000727180000)
 ParOldGen       total 199168K, used 6068K [0x00000005cac00000, 0x00000005d6e80000, 0x0000000718f00000)
  object space 199168K, 3% used [0x00000005cac00000,0x00000005cb1ed180,0x00000005d6e80000)
 Metaspace       used 34062K, capacity 35412K, committed 35496K, reserved 1081344K
  class space    used 4007K, capacity 4330K, committed 4352K, reserved 1048576K
Event: 2.541 GC heap after
Heap after GC invocations=5 (full 1):
 PSYoungGen      total 210944K, used 12982K [0x0000000718f00000, 0x0000000727600000, 0x00000007c0000000)
  eden space 189952K, 0% used [0x0000000718f00000,0x0000000718f00000,0x0000000724880000)
  from space 20992K, 61% used [0x0000000725d00000,0x00000007269ad9c8,0x0000000727180000)
  to   space 20992K, 0% used [0x0000000724880000,0x0000000724880000,0x0000000725d00000)
 ParOldGen       total 199168K, used 6076K [0x00000005cac00000, 0x00000005d6e80000, 0x0000000718f00000)
  object space 199168K, 3% used [0x00000005cac00000,0x00000005cb1ef180,0x00000005d6e80000)
 Metaspace       used 34062K, capacity 35412K, committed 35496K, reserved 1081344K
  class space    used 4007K, capacity 4330K, committed 4352K, reserved 1048576K
}
Event: 2.542 GC heap before
{Heap before GC invocations=6 (full 2):
 PSYoungGen      total 210944K, used 12982K [0x0000000718f00000, 0x0000000727600000, 0x00000007c0000000)
  eden space 189952K, 0% used [0x0000000718f00000,0x0000000718f00000,0x0000000724880000)
  from space 20992K, 61% used [0x0000000725d00000,0x00000007269ad9c8,0x0000000727180000)
  to   space 20992K, 0% used [0x0000000724880000,0x0000000724880000,0x0000000725d00000)
 ParOldGen       total 199168K, used 6076K [0x00000005cac00000, 0x00000005d6e80000, 0x0000000718f00000)
  object space 199168K, 3% used [0x00000005cac00000,0x00000005cb1ef180,0x00000005d6e80000)
 Metaspace       used 34062K, capacity 35412K, committed 35496K, reserved 1081344K
  class space    used 4007K, capacity 4330K, committed 4352K, reserved 1048576K
Event: 2.567 GC heap after
Heap after GC invocations=6 (full 2):
 PSYoungGen      total 210944K, used 0K [0x0000000718f00000, 0x0000000727600000, 0x00000007c0000000)
  eden space 189952K, 0% used [0x0000000718f00000,0x0000000718f00000,0x0000000724880000)
  from space 20992K, 0% used [0x0000000725d00000,0x0000000725d00000,0x0000000727180000)
  to   space 20992K, 0% used [0x0000000724880000,0x0000000724880000,0x0000000725d00000)
 ParOldGen       total 335872K, used 16726K [0x00000005cac00000, 0x00000005df400000, 0x0000000718f00000)
  object space 335872K, 4% used [0x00000005cac00000,0x00000005cbc55bf0,0x00000005df400000)
 Metaspace       used 34025K, capacity 35314K, committed 35496K, reserved 1081344K
  class space    used 3994K, capacity 4307K, committed 4352K, reserved 1048576K
}
Event: 13.254 GC heap before
{Heap before GC invocations=7 (full 2):
 PSYoungGen      total 210944K, used 189952K [0x0000000718f00000, 0x0000000727600000, 0x00000007c0000000)
  eden space 189952K, 100% used [0x0000000718f00000,0x0000000724880000,0x0000000724880000)
  from space 20992K, 0% used [0x0000000725d00000,0x0000000725d00000,0x0000000727180000)
  to   space 20992K, 0% used [0x0000000724880000,0x0000000724880000,0x0000000725d00000)
 ParOldGen       total 335872K, used 16726K [0x00000005cac00000, 0x00000005df400000, 0x0000000718f00000)
  object space 335872K, 4% used [0x00000005cac00000,0x00000005cbc55bf0,0x00000005df400000)
 Metaspace       used 49821K, capacity 51782K, committed 51968K, reserved 1095680K
  class space    used 6101K, capacity 6553K, committed 6656K, reserved 1048576K
Event: 13.265 GC heap after
Heap after GC invocations=7 (full 2):
 PSYoungGen      total 210944K, used 20983K [0x0000000718f00000, 0x000000072af80000, 0x00000007c0000000)
  eden space 189952K, 0% used [0x0000000718f00000,0x0000000718f00000,0x0000000724880000)
  from space 20992K, 99% used [0x0000000724880000,0x0000000725cfde10,0x0000000725d00000)
  to   space 25088K, 0% used [0x0000000729700000,0x0000000729700000,0x000000072af80000)
 ParOldGen       total 335872K, used 17200K [0x00000005cac00000, 0x00000005df400000, 0x0000000718f00000)
  object space 335872K, 5% used [0x00000005cac00000,0x00000005cbccc0f8,0x00000005df400000)
 Metaspace       used 49821K, capacity 51782K, committed 51968K, reserved 1095680K
  class space    used 6101K, capacity 6553K, committed 6656K, reserved 1048576K
}

Deoptimization events (10 events):
Event: 12.208 Thread 0x00007f80c0d48800 Uncommon trap: reason=unstable_if action=reinterpret pc=0x00007f80b17b8c40 method=java.util.regex.Pattern.closure(Ljava/util/regex/Pattern$Node;)Ljava/util/regex/Pattern$Node; @ 207
Event: 15.118 Thread 0x00007f80c1bfc000 Uncommon trap: reason=unstable_if action=reinterpret pc=0x00007f80b1250cc8 method=java.util.concurrent.ConcurrentSkipListMap.findPredecessor(Ljava/lang/Object;Ljava/util/Comparator;)Ljava/util/concurrent/ConcurrentSkipListMap$Node; @ 47
Event: 26.547 Thread 0x00007f80c1d91800 Uncommon trap: reason=unstable_if action=reinterpret pc=0x00007f80b12483f4 method=java.util.concurrent.ConcurrentSkipListMap.doRemove(Ljava/lang/Object;Ljava/lang/Object;)Ljava/lang/Object; @ 211
Event: 29.602 Thread 0x00007f7fa4001800 Uncommon trap: reason=unstable_if action=reinterpret pc=0x00007f80b1e593a4 method=java.util.concurrent.locks.ReentrantLock$Sync.tryRelease(I)Z @ 28
Event: 29.609 Thread 0x00007f80c1853800 Uncommon trap: reason=unstable_if action=reinterpret pc=0x00007f80b16ec4b8 method=java.util.HashMap$HashIterator.<init>(Ljava/util/HashMap;)V @ 45
Event: 29.609 Thread 0x00007f80c184b000 Uncommon trap: reason=unstable_if action=reinterpret pc=0x00007f80b16ec4b8 method=java.util.HashMap$HashIterator.<init>(Ljava/util/HashMap;)V @ 45
Event: 29.609 Thread 0x00007f80c1849000 Uncommon trap: reason=unstable_if action=reinterpret pc=0x00007f80b16ec4b8 method=java.util.HashMap$HashIterator.<init>(Ljava/util/HashMap;)V @ 45
Event: 29.609 Thread 0x00007f80c1850000 Uncommon trap: reason=unstable_if action=reinterpret pc=0x00007f80b16ec4b8 method=java.util.HashMap$HashIterator.<init>(Ljava/util/HashMap;)V @ 45
Event: 29.609 Thread 0x00007f80c184e800 Uncommon trap: reason=unstable_if action=reinterpret pc=0x00007f80b16ec4b8 method=java.util.HashMap$HashIterator.<init>(Ljava/util/HashMap;)V @ 45
Event: 29.611 Thread 0x00007f7fa4005000 Uncommon trap: reason=unstable_if action=reinterpret pc=0x00007f80b17e03f8 method=java.util.HashMap$HashIterator.<init>(Ljava/util/HashMap;)V @ 45

Classes redefined (0 events):
No events

Internal exceptions (10 events):
Event: 7.225 Thread 0x00007f80c0d47000 Exception <a 'java/lang/NoSuchMethodError': java.lang.Object.lambda$mapTo$1(Lorg/jdbi/v3/core/qualifier/QualifiedType;Ljava/util/function/Supplier;Lorg/jdbi/v3/core/statement/StatementContext;)Lorg/jdbi/v3/core/result/ResultIterable;> (0x00000007237725a0)
Event: 7.231 Thread 0x00007f80c0d47000 Exception <a 'java/lang/NoSuchMethodError': java.lang.Object.lambda$null$0(Lorg/jdbi/v3/core/qualifier/QualifiedType;)Lorg/jdbi/v3/core/mapper/NoSuchMapperException;> (0x00000007238288c0) thrown at [/build/openjdk-8-fPix8r/openjdk-8-8u212-b03/src/hotspot/
Event: 7.232 Thread 0x00007f80c0d47000 Exception <a 'java/lang/NoSuchMethodError': java.lang.Object.lambda$of$0(Ljava/util/function/Supplier;Lorg/jdbi/v3/core/mapper/RowMapper;Lorg/jdbi/v3/core/statement/StatementContext;)Lorg/jdbi/v3/core/result/ResultIterator;> (0x0000000723837148) thrown at
Event: 8.287 Thread 0x00007f80c185e000 Exception <a 'java/lang/reflect/InvocationTargetException'> (0x0000000723c3a880) thrown at [/build/openjdk-8-fPix8r/openjdk-8-8u212-b03/src/hotspot/src/share/vm/runtime/reflection.cpp, line 1092]
Event: 8.292 Thread 0x00007f80c185e000 Implicit null exception at 0x00007f80b140b855 to 0x00007f80b140cdc5
Event: 8.292 Thread 0x00007f80c185e000 Implicit null exception at 0x00007f80b140273e to 0x00007f80b1402a15
Event: 13.289 Thread 0x00007f80c1863800 Exception <a 'java/lang/reflect/InvocationTargetException'> (0x00000007190c3e90) thrown at [/build/openjdk-8-fPix8r/openjdk-8-8u212-b03/src/hotspot/src/share/vm/runtime/reflection.cpp, line 1092]
Event: 18.300 Thread 0x00007f80c1867000 Exception <a 'java/lang/reflect/InvocationTargetException'> (0x000000071a7e2d38) thrown at [/build/openjdk-8-fPix8r/openjdk-8-8u212-b03/src/hotspot/src/share/vm/runtime/reflection.cpp, line 1092]
Event: 23.291 Thread 0x00007f80c186b000 Exception <a 'java/lang/reflect/InvocationTargetException'> (0x000000071b096268) thrown at [/build/openjdk-8-fPix8r/openjdk-8-8u212-b03/src/hotspot/src/share/vm/runtime/reflection.cpp, line 1092]
Event: 28.315 Thread 0x00007f80c186f000 Exception <a 'java/lang/reflect/InvocationTargetException'> (0x000000071bd64ea8) thrown at [/build/openjdk-8-fPix8r/openjdk-8-8u212-b03/src/hotspot/src/share/vm/runtime/reflection.cpp, line 1092]

Events (10 events):
Event: 29.610 loading class java/util/logging/LogRecord done
Event: 29.610 Thread 0x00007f80c1874800 Thread exited: 0x00007f80c1874800
Event: 29.610 Thread 0x00007f80c1872800 Thread exited: 0x00007f80c1872800
Event: 29.610 Thread 0x00007f80c185a800 Thread exited: 0x00007f80c185a800
Event: 29.611 Thread 0x00007f7fa4005000 Uncommon trap: trap_request=0xffffff65 fr.pc=0x00007f80b17e03f8
Event: 29.611 Thread 0x00007f7fa4005000 DEOPT PACKING pc=0x00007f80b17e03f8 sp=0x00007f808daf97b0
Event: 29.611 Thread 0x00007f7fa4005000 DEOPT UNPACKING pc=0x00007f80b104547a sp=0x00007f808daf96b8 mode 2
Event: 29.611 Thread 0x00007f80c1812000 Thread exited: 0x00007f80c1812000
Event: 29.611 Thread 0x00007f7fa4005000 Thread exited: 0x00007f7fa4005000
Event: 29.611 Executing VM operation: Exit


Dynamic libraries:
5cac00000-5df400000 rw-p 00000000 00:00 0 
5df400000-718f00000 ---p 00000000 00:00 0 
718f00000-72af80000 rw-p 00000000 00:00 0 
72af80000-7c0000000 ---p 00000000 00:00 0 
7c0000000-7c0680000 rw-p 00000000 00:00 0 
7c0680000-800000000 ---p 00000000 00:00 0 
560308316000-560308317000 r-xp 00000000 fd:01 20188913                   /usr/lib/jvm/java-8-openjdk-amd64/jre/bin/java
560308516000-560308517000 r--p 00000000 fd:01 20188913                   /usr/lib/jvm/java-8-openjdk-amd64/jre/bin/java
560308517000-560308518000 rw-p 00001000 fd:01 20188913                   /usr/lib/jvm/java-8-openjdk-amd64/jre/bin/java
56030859e000-5603085bf000 rw-p 00000000 00:00 0                          [heap]
7f7f8c000000-7f7f8c243000 rw-p 00000000 00:00 0 
7f7f8c243000-7f7f90000000 ---p 00000000 00:00 0 
7f7f94000000-7f7f94021000 rw-p 00000000 00:00 0 
7f7f94021000-7f7f98000000 ---p 00000000 00:00 0 
7f7f98000000-7f7f9807f000 rw-p 00000000 00:00 0 
7f7f9807f000-7f7f9c000000 ---p 00000000 00:00 0 
7f7f9c000000-7f7f9c026000 rw-p 00000000 00:00 0 
7f7f9c026000-7f7fa0000000 ---p 00000000 00:00 0 
7f7fa0000000-7f7fa0021000 rw-p 00000000 00:00 0 
7f7fa0021000-7f7fa4000000 ---p 00000000 00:00 0 
7f7fa4000000-7f7fa4021000 rw-p 00000000 00:00 0 
7f7fa4021000-7f7fa8000000 ---p 00000000 00:00 0 
7f7fa8000000-7f7fa8021000 rw-p 00000000 00:00 0 
7f7fa8021000-7f7fac000000 ---p 00000000 00:00 0 
7f7fac000000-7f7fac303000 rw-p 00000000 00:00 0 
7f7fac303000-7f7fb0000000 ---p 00000000 00:00 0 
7f7fb0000000-7f7fb0021000 rw-p 00000000 00:00 0 
7f7fb0021000-7f7fb4000000 ---p 00000000 00:00 0 
7f7fb4000000-7f7fb4303000 rw-p 00000000 00:00 0 
7f7fb4303000-7f7fb8000000 ---p 00000000 00:00 0 
7f7fb8000000-7f7fb8021000 rw-p 00000000 00:00 0 
7f7fb8021000-7f7fbc000000 ---p 00000000 00:00 0 
7f7fbc000000-7f7fbc304000 rw-p 00000000 00:00 0 
7f7fbc304000-7f7fc0000000 ---p 00000000 00:00 0 
7f7fc0000000-7f7fc0021000 rw-p 00000000 00:00 0 
7f7fc0021000-7f7fc4000000 ---p 00000000 00:00 0 
7f7fc4000000-7f7fc4303000 rw-p 00000000 00:00 0 
7f7fc4303000-7f7fc8000000 ---p 00000000 00:00 0 
7f7fc8000000-7f7fc8021000 rw-p 00000000 00:00 0 
7f7fc8021000-7f7fcc000000 ---p 00000000 00:00 0 
7f7fcc000000-7f7fcc021000 rw-p 00000000 00:00 0 
7f7fcc021000-7f7fd0000000 ---p 00000000 00:00 0 
7f7fd0000000-7f7fd0021000 rw-p 00000000 00:00 0 
7f7fd0021000-7f7fd4000000 ---p 00000000 00:00 0 
7f7fd4000000-7f7fd4021000 rw-p 00000000 00:00 0 
7f7fd4021000-7f7fd8000000 ---p 00000000 00:00 0 
7f7fd8000000-7f7fd8304000 rw-p 00000000 00:00 0 
7f7fd8304000-7f7fdc000000 ---p 00000000 00:00 0 
7f7fdc000000-7f7fdc030000 rw-p 00000000 00:00 0 
7f7fdc030000-7f7fe0000000 ---p 00000000 00:00 0 
7f7fe0000000-7f7fe0021000 rw-p 00000000 00:00 0 
7f7fe0021000-7f7fe4000000 ---p 00000000 00:00 0 
7f7fe4000000-7f7fe4021000 rw-p 00000000 00:00 0 
7f7fe4021000-7f7fe8000000 ---p 00000000 00:00 0 
7f7fe8000000-7f7fe8021000 rw-p 00000000 00:00 0 
7f7fe8021000-7f7fec000000 ---p 00000000 00:00 0 
7f7fec000000-7f7fec021000 rw-p 00000000 00:00 0 
7f7fec021000-7f7ff0000000 ---p 00000000 00:00 0 
7f7ff0000000-7f7ff0021000 rw-p 00000000 00:00 0 
7f7ff0021000-7f7ff4000000 ---p 00000000 00:00 0 
7f7ff4000000-7f7ff4084000 rw-p 00000000 00:00 0 
7f7ff4084000-7f7ff8000000 ---p 00000000 00:00 0 
7f7ff8000000-7f7ff8084000 rw-p 00000000 00:00 0 
7f7ff8084000-7f7ffc000000 ---p 00000000 00:00 0 
7f7ffc000000-7f7ffc085000 rw-p 00000000 00:00 0 
7f7ffc085000-7f8000000000 ---p 00000000 00:00 0 
7f8000000000-7f8000083000 rw-p 00000000 00:00 0 
7f8000083000-7f8004000000 ---p 00000000 00:00 0 
7f8004000000-7f8004021000 rw-p 00000000 00:00 0 
7f8004021000-7f8008000000 ---p 00000000 00:00 0 
7f8008000000-7f80080b2000 rw-p 00000000 00:00 0 
7f80080b2000-7f800c000000 ---p 00000000 00:00 0 
7f800c000000-7f800c0ba000 rw-p 00000000 00:00 0 
7f800c0ba000-7f8010000000 ---p 00000000 00:00 0 
7f8010000000-7f801009b000 rw-p 00000000 00:00 0 
7f801009b000-7f8014000000 ---p 00000000 00:00 0 
7f8014000000-7f80140be000 rw-p 00000000 00:00 0 
7f80140be000-7f8018000000 ---p 00000000 00:00 0 
7f8018000000-7f80180db000 rw-p 00000000 00:00 0 
7f80180db000-7f801c000000 ---p 00000000 00:00 0 
7f801c000000-7f801c021000 rw-p 00000000 00:00 0 
7f801c021000-7f8020000000 ---p 00000000 00:00 0 
7f8020000000-7f80200d1000 rw-p 00000000 00:00 0 
7f80200d1000-7f8024000000 ---p 00000000 00:00 0 
7f8024000000-7f8024021000 rw-p 00000000 00:00 0 
7f8024021000-7f8028000000 ---p 00000000 00:00 0 
7f8028000000-7f8028021000 rw-p 00000000 00:00 0 
7f8028021000-7f802c000000 ---p 00000000 00:00 0 
7f802c000000-7f802c021000 rw-p 00000000 00:00 0 
7f802c021000-7f8030000000 ---p 00000000 00:00 0 
7f8030000000-7f8030021000 rw-p 00000000 00:00 0 
7f8030021000-7f8034000000 ---p 00000000 00:00 0 
7f8034000000-7f8034021000 rw-p 00000000 00:00 0 
7f8034021000-7f8038000000 ---p 00000000 00:00 0 
7f8038000000-7f8038021000 rw-p 00000000 00:00 0 
7f8038021000-7f803c000000 ---p 00000000 00:00 0 
7f803c000000-7f803c021000 rw-p 00000000 00:00 0 
7f803c021000-7f8040000000 ---p 00000000 00:00 0 
7f8040000000-7f8040021000 rw-p 00000000 00:00 0 
7f8040021000-7f8044000000 ---p 00000000 00:00 0 
7f8044000000-7f8044178000 rw-p 00000000 00:00 0 
7f8044178000-7f80441f1000 rw-p 00000000 00:00 0 
7f80441f1000-7f8045096000 rw-p 00000000 00:00 0 
7f8045096000-7f8045969000 ---p 00000000 00:00 0 
7f8045969000-7f8048000000 ---p 00000000 00:00 0 
7f8048000000-7f8048c7d000 rw-p 00000000 00:00 0 
7f8048c7d000-7f804c000000 ---p 00000000 00:00 0 
7f804c000000-7f804c147000 rw-p 00000000 00:00 0 
7f804c147000-7f804c1d0000 rw-p 00000000 00:00 0 
7f804c1d0000-7f804c804000 rw-p 00000000 00:00 0 
7f804c804000-7f804cb54000 rw-p 00000000 00:00 0 
7f804cb54000-7f804ccd6000 rw-p 00000000 00:00 0 
7f804ccd6000-7f804d595000 ---p 00000000 00:00 0 
7f804d595000-7f8050000000 ---p 00000000 00:00 0 
7f8050000000-7f8050108000 rw-p 00000000 00:00 0 
7f8050108000-7f805014c000 rw-p 00000000 00:00 0 
7f805014c000-7f80501b5000 rw-p 00000000 00:00 0 
7f80501b5000-7f8050240000 rw-p 00000000 00:00 0 
7f8050240000-7f80502e3000 rw-p 00000000 00:00 0 
7f80502e3000-7f80503a8000 rw-p 00000000 00:00 0 
7f80503a8000-7f8051002000 rw-p 00000000 00:00 0 
7f8051002000-7f8051645000 ---p 00000000 00:00 0 
7f8051645000-7f8054000000 ---p 00000000 00:00 0 
7f8054000000-7f8054021000 rw-p 00000000 00:00 0 
7f8054021000-7f8058000000 ---p 00000000 00:00 0 
7f8058000000-7f8058030000 rw-p 00000000 00:00 0 
7f8058030000-7f805c000000 ---p 00000000 00:00 0 
7f805c000000-7f805c021000 rw-p 00000000 00:00 0 
7f805c021000-7f8060000000 ---p 00000000 00:00 0 
7f8060000000-7f8060021000 rw-p 00000000 00:00 0 
7f8060021000-7f8064000000 ---p 00000000 00:00 0 
7f8064000000-7f80640a3000 rw-p 00000000 00:00 0 
7f80640a3000-7f8068000000 ---p 00000000 00:00 0 
7f8068560000-7f8078000000 rw-p 00000000 00:00 0 
7f8078000000-7f8078021000 rw-p 00000000 00:00 0 
7f8078021000-7f807c000000 ---p 00000000 00:00 0 
7f807c000000-7f807c021000 rw-p 00000000 00:00 0 
7f807c021000-7f8080000000 ---p 00000000 00:00 0 
7f8080000000-7f8080021000 rw-p 00000000 00:00 0 
7f8080021000-7f8084000000 ---p 00000000 00:00 0 
7f8088000000-7f8088021000 rw-p 00000000 00:00 0 
7f8088021000-7f808c000000 ---p 00000000 00:00 0 
7f808d9fa000-7f808d9fd000 ---p 00000000 00:00 0 
7f808d9fd000-7f808dafb000 rw-p 00000000 00:00 0 
7f808dafb000-7f808dafe000 ---p 00000000 00:00 0 
7f808dafe000-7f808dbfc000 rw-p 00000000 00:00 0 
7f808dbfc000-7f808dbff000 ---p 00000000 00:00 0 
7f808dbff000-7f808dcfd000 rw-p 00000000 00:00 0 
7f808dcfd000-7f808dd00000 ---p 00000000 00:00 0 
7f808dd00000-7f808eeff000 rw-p 00000000 00:00 0 
7f808eeff000-7f808efff000 ---p 00000000 00:00 0 
7f808efff000-7f8090000000 rw-p 00000000 00:00 0 
7f8090000000-7f8090021000 rw-p 00000000 00:00 0 
7f8090021000-7f8094000000 ---p 00000000 00:00 0 
7f80940d8000-7f80942d8000 rw-p 00000000 00:00 0 
7f80947d8000-7f8094cd8000 rw-s 00000000 00:09 350163278                  socket:[350163278]
7f8094cd8000-7f8094ed8000 rw-p 00000000 00:00 0 
7f8094ed8000-7f8094edb000 ---p 00000000 00:00 0 
7f8094edb000-7f8094fd9000 rw-p 00000000 00:00 0 
7f8094fd9000-7f8094fdc000 ---p 00000000 00:00 0 
7f8094fdc000-7f80950da000 rw-p 00000000 00:00 0 
7f80950da000-7f8095119000 r-xp 00000000 fd:01 20185901                   /usr/lib/x86_64-linux-gnu/libpcap.so.1.8.1
7f8095119000-7f8095318000 ---p 0003f000 fd:01 20185901                   /usr/lib/x86_64-linux-gnu/libpcap.so.1.8.1
7f8095318000-7f809531a000 r--p 0003e000 fd:01 20185901                   /usr/lib/x86_64-linux-gnu/libpcap.so.1.8.1
7f809531a000-7f809531b000 rw-p 00040000 fd:01 20185901                   /usr/lib/x86_64-linux-gnu/libpcap.so.1.8.1
7f809531b000-7f8095333000 r-xp 00000000 00:35 54395127                   /home/tun3/.cache/JNA/temp/jna7561838378736755675.tmp (deleted)
7f8095333000-7f8095533000 ---p 00018000 00:35 54395127                   /home/tun3/.cache/JNA/temp/jna7561838378736755675.tmp (deleted)
7f8095533000-7f8095534000 rw-p 00018000 00:35 54395127                   /home/tun3/.cache/JNA/temp/jna7561838378736755675.tmp (deleted)
7f8095534000-7f8095537000 ---p 00000000 00:00 0 
7f8095537000-7f8095635000 rw-p 00000000 00:00 0 
7f8095635000-7f8095638000 ---p 00000000 00:00 0 
7f8095638000-7f8095736000 rw-p 00000000 00:00 0 
7f8095736000-7f8095739000 ---p 00000000 00:00 0 
7f8095739000-7f8095837000 rw-p 00000000 00:00 0 
7f8095837000-7f809583a000 ---p 00000000 00:00 0 
7f809583a000-7f8095938000 rw-p 00000000 00:00 0 
7f8095938000-7f809593b000 ---p 00000000 00:00 0 
7f809593b000-7f8095a39000 rw-p 00000000 00:00 0 
7f8095a39000-7f8095a3c000 ---p 00000000 00:00 0 
7f8095a3c000-7f8095b3a000 rw-p 00000000 00:00 0 
7f8095b3a000-7f8095b3d000 ---p 00000000 00:00 0 
7f8095b3d000-7f8095c3b000 rw-p 00000000 00:00 0 
7f8095c3b000-7f8095c3e000 ---p 00000000 00:00 0 
7f8095c3e000-7f8095f3c000 rw-p 00000000 00:00 0 
7f8095f3c000-7f8095f3f000 ---p 00000000 00:00 0 
7f8095f3f000-7f809603d000 rw-p 00000000 00:00 0 
7f809603d000-7f8096040000 ---p 00000000 00:00 0 
7f8096040000-7f809613e000 rw-p 00000000 00:00 0 
7f809613e000-7f8096141000 ---p 00000000 00:00 0 
7f8096141000-7f809623f000 rw-p 00000000 00:00 0 
7f809623f000-7f8096242000 ---p 00000000 00:00 0 
7f8096242000-7f8096340000 rw-p 00000000 00:00 0 
7f8096340000-7f8096343000 ---p 00000000 00:00 0 
7f8096343000-7f8096441000 rw-p 00000000 00:00 0 
7f8096441000-7f8096444000 ---p 00000000 00:00 0 
7f8096444000-7f8096542000 rw-p 00000000 00:00 0 
7f8096542000-7f8096545000 ---p 00000000 00:00 0 
7f8096545000-7f8096643000 rw-p 00000000 00:00 0 
7f8096643000-7f8096646000 ---p 00000000 00:00 0 
7f8096646000-7f8096744000 rw-p 00000000 00:00 0 
7f8096744000-7f8096747000 ---p 00000000 00:00 0 
7f8096747000-7f8096845000 rw-p 00000000 00:00 0 
7f8096845000-7f8096848000 ---p 00000000 00:00 0 
7f8096848000-7f8096946000 rw-p 00000000 00:00 0 
7f8096946000-7f8096949000 ---p 00000000 00:00 0 
7f8096949000-7f8096a47000 rw-p 00000000 00:00 0 
7f8096a47000-7f8096a4a000 ---p 00000000 00:00 0 
7f8096a4a000-7f8096b48000 rw-p 00000000 00:00 0 
7f8096b48000-7f8096b4b000 ---p 00000000 00:00 0 
7f8096b4b000-7f8096c49000 rw-p 00000000 00:00 0 
7f8096c49000-7f8096c4c000 ---p 00000000 00:00 0 
7f8096c4c000-7f8096d4a000 rw-p 00000000 00:00 0 
7f8096d4a000-7f8096d4d000 ---p 00000000 00:00 0 
7f8096d4d000-7f8096e4b000 rw-p 00000000 00:00 0 
7f8096e4b000-7f8096e4e000 ---p 00000000 00:00 0 
7f8096e4e000-7f8096f4c000 rw-p 00000000 00:00 0 
7f8096f4c000-7f8096f4f000 ---p 00000000 00:00 0 
7f8096f4f000-7f809704d000 rw-p 00000000 00:00 0 
7f809704d000-7f8097050000 ---p 00000000 00:00 0 
7f8097050000-7f809714e000 rw-p 00000000 00:00 0 
7f809714e000-7f8097151000 ---p 00000000 00:00 0 
7f8097151000-7f809744f000 rw-p 00000000 00:00 0 
7f809744f000-7f8097452000 ---p 00000000 00:00 0 
7f8097452000-7f8097550000 rw-p 00000000 00:00 0 
7f8097550000-7f8097553000 ---p 00000000 00:00 0 
7f8097553000-7f8097651000 rw-p 00000000 00:00 0 
7f8097651000-7f8097654000 ---p 00000000 00:00 0 
7f8097654000-7f8097752000 rw-p 00000000 00:00 0 
7f8097752000-7f8097755000 ---p 00000000 00:00 0 
7f8097755000-7f8097853000 rw-p 00000000 00:00 0 
7f8097853000-7f8097856000 ---p 00000000 00:00 0 
7f8097856000-7f8097954000 rw-p 00000000 00:00 0 
7f8097954000-7f8097957000 ---p 00000000 00:00 0 
7f8097957000-7f8097a55000 rw-p 00000000 00:00 0 
7f8097a55000-7f8097a58000 ---p 00000000 00:00 0 
7f8097a58000-7f8097d56000 rw-p 00000000 00:00 0 
7f8097e00000-7f8098000000 rw-p 00000000 00:00 0 
7f8098000000-7f8098021000 rw-p 00000000 00:00 0 
7f8098021000-7f809c000000 ---p 00000000 00:00 0 
7f809c0ce000-7f809c2ce000 rw-p 00000000 00:00 0 
7f809c2ce000-7f809c4ce000 rw-p 00000000 00:00 0 
7f809c4ce000-7f809c6ce000 rw-p 00000000 00:00 0 
7f809c6ce000-7f809c6f6000 r-xp 00000000 fd:01 20192537                   /usr/lib/jvm/java-8-openjdk-amd64/jre/lib/amd64/libsunec.so
7f809c6f6000-7f809c8f5000 ---p 00028000 fd:01 20192537                   /usr/lib/jvm/java-8-openjdk-amd64/jre/lib/amd64/libsunec.so
7f809c8f5000-7f809c8f9000 r--p 00027000 fd:01 20192537                   /usr/lib/jvm/java-8-openjdk-amd64/jre/lib/amd64/libsunec.so
7f809c8f9000-7f809c8fa000 rw-p 0002b000 fd:01 20192537                   /usr/lib/jvm/java-8-openjdk-amd64/jre/lib/amd64/libsunec.so
7f809c8fa000-7f809cafa000 rw-p 00000000 00:00 0 
7f809cafa000-7f809cafd000 ---p 00000000 00:00 0 
7f809cafd000-7f809cbfb000 rw-p 00000000 00:00 0 
7f809cbfb000-7f809cbfe000 ---p 00000000 00:00 0 
7f809cbfe000-7f809ccfc000 rw-p 00000000 00:00 0 
7f809ccfc000-7f809ccff000 ---p 00000000 00:00 0 
7f809ccff000-7f809cdfd000 rw-p 00000000 00:00 0 
7f809cdfd000-7f809ce00000 ---p 00000000 00:00 0 
7f809ce00000-7f809cefe000 rw-p 00000000 00:00 0 
7f809cefe000-7f809cf01000 ---p 00000000 00:00 0 
7f809cf01000-7f80a0000000 rw-p 00000000 00:00 0 
7f80a0000000-7f80a0021000 rw-p 00000000 00:00 0 
7f80a0021000-7f80a4000000 ---p 00000000 00:00 0 
7f80a4039000-7f80a403c000 ---p 00000000 00:00 0 
7f80a403c000-7f80a4072000 rw-p 00000000 00:00 0 
7f80a4072000-7f80a4075000 ---p 00000000 00:00 0 
7f80a4075000-7f80a40ab000 rw-p 00000000 00:00 0 
7f80a40ab000-7f80a40ae000 ---p 00000000 00:00 0 
7f80a40ae000-7f80a41ac000 rw-p 00000000 00:00 0 
7f80a41ac000-7f80a41af000 ---p 00000000 00:00 0 
7f80a41af000-7f80a44ad000 rw-p 00000000 00:00 0 
7f80a44ad000-7f80a44b0000 ---p 00000000 00:00 0 
7f80a44b0000-7f80a45ae000 rw-p 00000000 00:00 0 
7f80a45ae000-7f80a45b1000 ---p 00000000 00:00 0 
7f80a45b1000-7f80a46af000 rw-p 00000000 00:00 0 
7f80a46af000-7f80a46b2000 ---p 00000000 00:00 0 
7f80a46b2000-7f80a47b0000 rw-p 00000000 00:00 0 
7f80a47b0000-7f80a47b3000 ---p 00000000 00:00 0 
7f80a47b3000-7f80a4ab1000 rw-p 00000000 00:00 0 
7f80a4ab1000-7f80a4cb1000 rw-p 00000000 00:00 0 
7f80a4cb1000-7f80a4cc8000 r-xp 00000000 fd:01 21498336                   /lib/x86_64-linux-gnu/libresolv-2.27.so
7f80a4cc8000-7f80a4ec8000 ---p 00017000 fd:01 21498336                   /lib/x86_64-linux-gnu/libresolv-2.27.so
7f80a4ec8000-7f80a4ec9000 r--p 00017000 fd:01 21498336                   /lib/x86_64-linux-gnu/libresolv-2.27.so
7f80a4ec9000-7f80a4eca000 rw-p 00018000 fd:01 21498336                   /lib/x86_64-linux-gnu/libresolv-2.27.so
7f80a4eca000-7f80a4ecc000 rw-p 00000000 00:00 0 
7f80a4ecc000-7f80a4ed1000 r-xp 00000000 fd:01 21498329                   /lib/x86_64-linux-gnu/libnss_dns-2.27.so
7f80a4ed1000-7f80a50d1000 ---p 00005000 fd:01 21498329                   /lib/x86_64-linux-gnu/libnss_dns-2.27.so
7f80a50d1000-7f80a50d2000 r--p 00005000 fd:01 21498329                   /lib/x86_64-linux-gnu/libnss_dns-2.27.so
7f80a50d2000-7f80a50d3000 rw-p 00006000 fd:01 21498329                   /lib/x86_64-linux-gnu/libnss_dns-2.27.so
7f80a50d3000-7f80a50d5000 r-xp 00000000 fd:01 21500405                   /lib/x86_64-linux-gnu/libnss_mdns4_minimal.so.2
7f80a50d5000-7f80a52d4000 ---p 00002000 fd:01 21500405                   /lib/x86_64-linux-gnu/libnss_mdns4_minimal.so.2
7f80a52d4000-7f80a52d5000 r--p 00001000 fd:01 21500405                   /lib/x86_64-linux-gnu/libnss_mdns4_minimal.so.2
7f80a52d5000-7f80a52d6000 rw-p 00002000 fd:01 21500405                   /lib/x86_64-linux-gnu/libnss_mdns4_minimal.so.2
7f80a52f6000-7f80a52f7000 r--p 00000000 00:00 0 
7f80a52f7000-7f80a52f8000 rwxp 00000000 00:00 0 
7f80a52f8000-7f80a52fa000 r--s 00016000 fd:01 20194163                   /usr/lib/jvm/java-8-openjdk-amd64/jre/lib/jce.jar
7f80a52fa000-7f80a53cd000 r-xp 00000000 fd:01 54526873                   /tmp/sqlite-3.28.0-ad3e6529-94cb-4485-a44c-652accb15be4-libsqlitejdbc.so (deleted)
7f80a53cd000-7f80a55cc000 ---p 000d3000 fd:01 54526873                   /tmp/sqlite-3.28.0-ad3e6529-94cb-4485-a44c-652accb15be4-libsqlitejdbc.so (deleted)
7f80a55cc000-7f80a55d2000 rw-p 000d2000 fd:01 54526873                   /tmp/sqlite-3.28.0-ad3e6529-94cb-4485-a44c-652accb15be4-libsqlitejdbc.so (deleted)
7f80a55d2000-7f80a57d3000 rw-p 00000000 00:00 0 
7f80a57d3000-7f80a57d6000 ---p 00000000 00:00 0 
7f80a57d6000-7f80a5ad4000 rw-p 00000000 00:00 0 
7f80a5ad4000-7f80a5cd4000 rw-p 00000000 00:00 0 
7f80a5cd4000-7f80a5ed4000 rw-p 00000000 00:00 0 
7f80a5ed4000-7f80a5ee5000 r-xp 00000000 fd:01 20192533                   /usr/lib/jvm/java-8-openjdk-amd64/jre/lib/amd64/libnio.so
7f80a5ee5000-7f80a60e4000 ---p 00011000 fd:01 20192533                   /usr/lib/jvm/java-8-openjdk-amd64/jre/lib/amd64/libnio.so
7f80a60e4000-7f80a60e5000 r--p 00010000 fd:01 20192533                   /usr/lib/jvm/java-8-openjdk-amd64/jre/lib/amd64/libnio.so
7f80a60e5000-7f80a60e6000 rw-p 00011000 fd:01 20192533                   /usr/lib/jvm/java-8-openjdk-amd64/jre/lib/amd64/libnio.so
7f80a60e6000-7f80a62e6000 rw-p 00000000 00:00 0 
7f80a62e6000-7f80a62ea000 r--s 000a1000 fd:01 20194165                   /usr/lib/jvm/java-8-openjdk-amd64/jre/lib/jsse.jar
7f80a62ea000-7f80a62f3000 r-xp 00000000 fd:01 20192270                   /usr/lib/jvm/java-8-openjdk-amd64/jre/lib/amd64/libmanagement.so
7f80a62f3000-7f80a64f2000 ---p 00009000 fd:01 20192270                   /usr/lib/jvm/java-8-openjdk-amd64/jre/lib/amd64/libmanagement.so
7f80a64f2000-7f80a64f3000 r--p 00008000 fd:01 20192270                   /usr/lib/jvm/java-8-openjdk-amd64/jre/lib/amd64/libmanagement.so
7f80a64f3000-7f80a64f4000 rw-p 00009000 fd:01 20192270                   /usr/lib/jvm/java-8-openjdk-amd64/jre/lib/amd64/libmanagement.so
7f80a64f4000-7f80a64f5000 ---p 00000000 00:00 0 
7f80a64f5000-7f80a65f5000 rw-p 00000000 00:00 0 
7f80a65f5000-7f80a65f8000 ---p 00000000 00:00 0 
7f80a65f8000-7f80a66f6000 rw-p 00000000 00:00 0 
7f80a66f6000-7f80a670c000 r-xp 00000000 fd:01 20192532                   /usr/lib/jvm/java-8-openjdk-amd64/jre/lib/amd64/libnet.so
7f80a670c000-7f80a690b000 ---p 00016000 fd:01 20192532                   /usr/lib/jvm/java-8-openjdk-amd64/jre/lib/amd64/libnet.so
7f80a690b000-7f80a690c000 r--p 00015000 fd:01 20192532                   /usr/lib/jvm/java-8-openjdk-amd64/jre/lib/amd64/libnet.so
7f80a690c000-7f80a690d000 rw-p 00016000 fd:01 20192532                   /usr/lib/jvm/java-8-openjdk-amd64/jre/lib/amd64/libnet.so
7f80a690d000-7f80a690e000 ---p 00000000 00:00 0 
7f80a690e000-7f80a6911000 ---p 00000000 00:00 0 
7f80a6911000-7f80a6a0e000 rw-p 00000000 00:00 0 
7f80a6a0e000-7f80a6a0f000 ---p 00000000 00:00 0 
7f80a6a0f000-7f80a6a12000 ---p 00000000 00:00 0 
7f80a6a12000-7f80a6b0f000 rw-p 00000000 00:00 0 
7f80a6b0f000-7f80a6b10000 ---p 00000000 00:00 0 
7f80a6b10000-7f80a6b13000 ---p 00000000 00:00 0 
7f80a6b13000-7f80a6c10000 rw-p 00000000 00:00 0 
7f80a6c10000-7f80a6c11000 ---p 00000000 00:00 0 
7f80a6c11000-7f80a6c14000 ---p 00000000 00:00 0 
7f80a6c14000-7f80a6d11000 rw-p 00000000 00:00 0 
7f80a6d11000-7f80a6d14000 ---p 00000000 00:00 0 
7f80a6d14000-7f80a6e12000 rw-p 00000000 00:00 0 
7f80a6e12000-7f80a6e14000 r--s 0001b000 07:00 319                        /snap/intellij-idea-ultimate/148/lib/idea_rt.jar
7f80a6e14000-7f80a6e18000 r--s 005c0000 00:35 69206316                   /home/tun3/.m2/repository/org/xerial/sqlite-jdbc/3.28.0/sqlite-jdbc-3.28.0.jar
7f80a6e18000-7f80a6e1f000 r--s 0003f000 00:35 62522547                   /home/tun3/.m2/repository/org/yaml/snakeyaml/1.18/snakeyaml-1.18.jar
7f80a6e1f000-7f80a6e3c000 r--s 001f6000 00:35 63046790                   /home/tun3/.m2/repository/org/liquibase/liquibase-core/3.6.3/liquibase-core-3.6.3.jar
7f80a6e3c000-7f80a6e3d000 r--s 00001000 00:35 63047701                   /home/tun3/.m2/repository/org/jdbi/jdbi3-jodatime2/3.8.2/jdbi3-jodatime2-3.8.2.jar
7f80a6e3d000-7f80a6e3f000 r--s 00000000 00:35 63047700                   /home/tun3/.m2/repository/org/jdbi/jdbi3-sqlite/3.8.2/jdbi3-sqlite-3.8.2.jar
7f80a6e3f000-7f80a6e41000 r--s 0000f000 00:35 63046780                   /home/tun3/.m2/repository/io/leangen/geantyref/geantyref/1.3.7/geantyref-1.3.7.jar
7f80a6e41000-7f80a6e47000 r--s 0004d000 00:35 64228770                   /home/tun3/.m2/repository/org/antlr/antlr4-runtime/4.7.2/antlr4-runtime-4.7.2.jar
7f80a6e47000-7f80a6e50000 r--s 00064000 00:35 63047697                   /home/tun3/.m2/repository/org/jdbi/jdbi3-core/3.8.2/jdbi3-core-3.8.2.jar
7f80a6e50000-7f80a6e55000 r--s 00043000 00:35 64880793                   /home/tun3/.m2/repository/com/typesafe/config/1.3.4/config-1.3.4.jar
7f80a6e55000-7f80a6e5f000 r--s 000ab000 00:35 68157976                   /home/tun3/.m2/repository/org/javassist/javassist/3.22.0-CR2/javassist-3.22.0-CR2.jar
7f80a6e5f000-7f80a6e62000 r--s 0001a000 00:35 63047625                   /home/tun3/.m2/repository/org/glassfish/hk2/hk2-utils/2.5.0/hk2-utils-2.5.0.jar
7f80a6e62000-7f80a6e67000 r--s 00029000 00:35 63047627                   /home/tun3/.m2/repository/org/glassfish/hk2/hk2-api/2.5.0/hk2-api-2.5.0.jar
7f80a6e67000-7f80a6e69000 r--s 00002000 00:35 63047632                   /home/tun3/.m2/repository/org/glassfish/hk2/external/aopalliance-repackaged/2.5.0/aopalliance-repackaged-2.5.0.jar
7f80a6e69000-7f80a6e6c000 r--s 0002b000 00:35 63047612                   /home/tun3/.m2/repository/org/glassfish/hk2/hk2-locator/2.5.0/hk2-locator-2.5.0.jar
7f80a6e6c000-7f80a6e6e000 r--s 00012000 00:35 69206318                   /home/tun3/.m2/repository/org/glassfish/jersey/inject/jersey-hk2/2.29/jersey-hk2-2.29.jar
7f80a6e6e000-7f80a6e72000 r--s 0001f000 00:35 54395705                   /home/tun3/.m2/repository/jakarta/ws/rs/jakarta.ws.rs-api/2.1.5/jakarta.ws.rs-api-2.1.5.jar
7f80a6e72000-7f80a6e77000 r--s 00012000 00:35 64358090                   /home/tun3/.m2/repository/javax/validation/validation-api/2.0.1.Final/validation-api-2.0.1.Final.jar
7f80a6e77000-7f80a6e79000 r--s 00013000 00:35 69206325                   /home/tun3/.m2/repository/org/glassfish/jersey/media/jersey-media-jaxb/2.29/jersey-media-jaxb-2.29.jar
7f80a6e79000-7f80a6e7e000 r--s 00031000 00:35 69206323                   /home/tun3/.m2/repository/org/glassfish/jersey/core/jersey-client/2.29/jersey-client-2.29.jar
7f80a6e7e000-7f80a6e91000 r--s 000d0000 00:35 69206319                   /home/tun3/.m2/repository/org/glassfish/jersey/core/jersey-server/2.29/jersey-server-2.29.jar
7f80a6e91000-7f80a6e92000 r--s 00004000 00:35 69206322                   /home/tun3/.m2/repository/org/glassfish/hk2/osgi-resource-locator/1.0.3/osgi-resource-locator-1.0.3.jar
7f80a6e92000-7f80a6e94000 r--s 00005000 00:35 54395709                   /home/tun3/.m2/repository/jakarta/annotation/jakarta.annotation-api/1.3.4/jakarta.annotation-api-1.3.4.jar
7f80a6e94000-7f80a6eac000 r--s 00103000 00:35 69206329                   /home/tun3/.m2/repository/org/glassfish/jersey/core/jersey-common/2.29/jersey-common-2.29.jar
7f80a6eac000-7f80a6ebd000 r--s 000c0000 00:35 63047613                   /home/tun3/.m2/repository/org/glassfish/grizzly/grizzly-framework/2.4.4/grizzly-framework-2.4.4.jar
7f80a6ebd000-7f80a6ec2000 r--s 00051000 00:35 63047611                   /home/tun3/.m2/repository/org/glassfish/grizzly/grizzly-http/2.4.4/grizzly-http-2.4.4.jar
7f80a6ec2000-7f80a6ec9000 r--s 00046000 00:35 63047609                   /home/tun3/.m2/repository/org/glassfish/grizzly/grizzly-http-server/2.4.4/grizzly-http-server-2.4.4.jar
7f80a6ec9000-7f80a6eca000 r--s 00001000 00:35 63047622                   /home/tun3/.m2/repository/org/glassfish/hk2/external/jakarta.inject/2.5.0/jakarta.inject-2.5.0.jar
7f80a6eca000-7f80a6ecc000 r--s 00009000 00:35 63308043                   /home/tun3/.m2/repository/org/glassfish/jersey/containers/jersey-container-grizzly2-http/2.29/jersey-container-grizzly2-http-2.29.jar
7f80a6ecc000-7f80a6ece000 r--s 00004000 00:35 65012285                   /home/tun3/.m2/repository/io/dropwizard/metrics/metrics-jmx/4.1.0/metrics-jmx-4.1.0.jar
7f80a6ece000-7f80a6ecf000 r--s 00005000 00:35 63047444                   /home/tun3/.m2/repository/io/dropwizard/metrics/metrics-jvm/4.1.0/metrics-jvm-4.1.0.jar
7f80a6ecf000-7f80a6ed2000 r--s 00017000 00:35 63047449                   /home/tun3/.m2/repository/io/dropwizard/metrics/metrics-core/4.1.0/metrics-core-4.1.0.jar
7f80a6ed2000-7f80a6ed3000 r--s 00001000 00:35 63047754                   /home/tun3/.m2/repository/com/google/auto/value/auto-value-annotations/1.6.5/auto-value-annotations-1.6.5.jar
7f80a6ed3000-7f80a6ef3000 r--s 00171000 00:35 63047261                   /home/tun3/.m2/repository/com/google/auto/value/auto-value/1.6.5/auto-value-1.6.5.jar
7f80a6ef3000-7f80a6ef5000 r--s 0000a000 00:35 62914680                   /home/tun3/.m2/repository/com/github/zafarkhaja/java-semver/0.9.0/java-semver-0.9.0.jar
7f80a6ef5000-7f80a6f06000 r--s 0008c000 00:35 63047450                   /home/tun3/.m2/repository/joda-time/joda-time/2.10.2/joda-time-2.10.2.jar
7f80a6f06000-7f80a6f07000 r--s 00007000 00:35 62785460                   /home/tun3/.m2/repository/com/fasterxml/jackson/module/jackson-module-jaxb-annotations/2.9.9/jackson-module-jaxb-annotations-2.9.9.jar
7f80a6f07000-7f80a6f08000 r--s 00007000 00:35 62785459                   /home/tun3/.m2/repository/com/fasterxml/jackson/jaxrs/jackson-jaxrs-base/2.9.9/jackson-jaxrs-base-2.9.9.jar
7f80a6f08000-7f80a6f09000 r--s 00003000 00:35 62654613                   /home/tun3/.m2/repository/com/fasterxml/jackson/jaxrs/jackson-jaxrs-json-provider/2.9.9/jackson-jaxrs-json-provider-2.9.9.jar
7f80a6f09000-7f80a6f0c000 r--s 0000f000 00:35 63047932                   /home/tun3/.m2/repository/com/fasterxml/jackson/datatype/jackson-datatype-joda/2.9.9/jackson-datatype-joda-2.9.9.jar
7f80a6f0c000-7f80a6f0f000 r--s 0000e000 00:35 62522541                   /home/tun3/.m2/repository/com/fasterxml/jackson/core/jackson-annotations/2.9.0/jackson-annotations-2.9.0.jar
7f80a6f0f000-7f80a6f22000 r--s 00137000 00:35 63047930                   /home/tun3/.m2/repository/com/fasterxml/jackson/core/jackson-databind/2.9.9/jackson-databind-2.9.9.jar
7f80a6f22000-7f80a6f26000 r--s 0004c000 00:35 63047928                   /home/tun3/.m2/repository/com/fasterxml/jackson/core/jackson-core/2.9.9/jackson-core-2.9.9.jar
7f80a6f26000-7f80a6f28000 r--s 00003000 00:35 63308041                   /home/tun3/.m2/repository/org/jetbrains/annotations/13.0/annotations-13.0.jar
7f80a6f28000-7f80a6f2f000 r--s 00021000 00:35 63307878                   /home/tun3/.m2/repository/org/jetbrains/kotlin/kotlin-stdlib-common/1.3.40/kotlin-stdlib-common-1.3.40.jar
7f80a6f2f000-7f80a6f43000 r--s 00128000 00:35 63307876                   /home/tun3/.m2/repository/org/jetbrains/kotlin/kotlin-stdlib/1.3.40/kotlin-stdlib-1.3.40.jar
7f80a6f43000-7f80a6f45000 r--s 0002b000 00:35 63178102                   /home/tun3/.m2/repository/com/squareup/okio/okio/2.2.2/okio-2.2.2.jar
7f80a6f45000-7f80a6f4c000 r--s 000a0000 00:35 63178099                   /home/tun3/.m2/repository/com/squareup/okhttp3/okhttp/4.0.0/okhttp-4.0.0.jar
7f80a6f4c000-7f80a6f4e000 r--s 0000f000 00:35 62522525                   /home/tun3/.m2/repository/com/beust/jcommander/1.72/jcommander-1.72.jar
7f80a6f4e000-7f80a6f4f000 r--s 00000000 00:35 63047741                   /home/tun3/.m2/repository/org/codehaus/mojo/animal-sniffer-annotations/1.17/animal-sniffer-annotations-1.17.jar
7f80a6f4f000-7f80a6f51000 r--s 00001000 00:35 63835312                   /home/tun3/.m2/repository/com/google/j2objc/j2objc-annotations/1.3/j2objc-annotations-1.3.jar
7f80a6f51000-7f80a6f53000 r--s 00002000 00:35 63835310                   /home/tun3/.m2/repository/com/google/errorprone/error_prone_annotations/2.3.2/error_prone_annotations-2.3.2.jar
7f80a6f53000-7f80a6f5d000 r--s 00027000 00:35 63835308                   /home/tun3/.m2/repository/org/checkerframework/checker-qual/2.8.1/checker-qual-2.8.1.jar
7f80a6f5d000-7f80a6f5f000 r--s 00003000 00:35 62523595                   /home/tun3/.m2/repository/com/google/code/findbugs/jsr305/3.0.2/jsr305-3.0.2.jar
7f80a6f5f000-7f80a6f61000 r--s 00000000 00:35 63047739                   /home/tun3/.m2/repository/com/google/guava/failureaccess/1.0.1/failureaccess-1.0.1.jar
7f80a6f61000-7f80a6f93000 r--s 0026d000 00:35 63835307                   /home/tun3/.m2/repository/com/google/guava/guava/28.0-jre/guava-28.0-jre.jar
7f80a6f93000-7f80a6f9a000 r--s 00047000 00:35 63047687                   /home/tun3/.m2/repository/io/netty/netty-codec/4.1.31.Final/netty-codec-4.1.31.Final.jar
7f80a6f9a000-7f80a6fa4000 r--s 00068000 00:35 63047676                   /home/tun3/.m2/repository/io/netty/netty-transport/4.1.31.Final/netty-transport-4.1.31.Final.jar
7f80a6fa4000-7f80a6fb1000 r--s 00083000 00:35 63047686                   /home/tun3/.m2/repository/io/netty/netty-common/4.1.31.Final/netty-common-4.1.31.Final.jar
7f80a6fb1000-7f80a6fb5000 r--s 0003f000 00:35 63047683                   /home/tun3/.m2/repository/io/netty/netty-buffer/4.1.31.Final/netty-buffer-4.1.31.Final.jar
7f80a6fb5000-7f80a6fbd000 r--s 0005f000 00:35 63047672                   /home/tun3/.m2/repository/io/netty/netty-handler/4.1.31.Final/netty-handler-4.1.31.Final.jar
7f80a6fbd000-7f80a6fc0000 ---p 00000000 00:00 0 
7f80a6fc0000-7f80a70be000 rw-p 00000000 00:00 0 
7f80a70be000-7f80a73f4000 r--p 00000000 fd:01 20189819                   /usr/lib/locale/locale-archive
7f80a73f4000-7f80a73f7000 ---p 00000000 00:00 0 
7f80a73f7000-7f80a74f5000 rw-p 00000000 00:00 0 
7f80a74f5000-7f80a74f8000 ---p 00000000 00:00 0 
7f80a74f8000-7f80a75f6000 rw-p 00000000 00:00 0 
7f80a75f6000-7f80a75f7000 ---p 00000000 00:00 0 
7f80a75f7000-7f80a8000000 rw-p 00000000 00:00 0 
7f80a8000000-7f80a8021000 rw-p 00000000 00:00 0 
7f80a8021000-7f80ac000000 ---p 00000000 00:00 0 
7f80ac000000-7f80ac002000 r--s 00007000 00:35 63047682                   /home/tun3/.m2/repository/io/netty/netty-resolver/4.1.31.Final/netty-resolver-4.1.31.Final.jar
7f80ac002000-7f80ac004000 r--s 00009000 00:35 63047673                   /home/tun3/.m2/repository/org/graylog2/gelfclient/1.4.4/gelfclient-1.4.4.jar
7f80ac004000-7f80ac00a000 r--s 00020000 00:35 68553411                   /home/tun3/.m2/repository/org/pcap4j/pcap4j-packetfactory-static/1.8.1/pcap4j-packetfactory-static-1.8.1.jar
7f80ac00a000-7f80ac00e000 r--s 0016c000 00:35 63047924                   /home/tun3/.m2/repository/net/java/dev/jna/jna/5.3.1/jna-5.3.1.jar
7f80ac00e000-7f80ac022000 r--s 00125000 00:35 68553409                   /home/tun3/.m2/repository/org/pcap4j/pcap4j-core/1.8.1/pcap4j-core-1.8.1.jar
7f80ac022000-7f80ac044000 r--s 00176000 00:35 63178103                   /home/tun3/.m2/repository/org/apache/logging/log4j/log4j-core/2.12.0/log4j-core-2.12.0.jar
7f80ac044000-7f80ad2a4000 rw-p 00000000 00:00 0 
7f80ad2a4000-7f80ad473000 r--s 03c3b000 fd:01 20194170                   /usr/lib/jvm/java-8-openjdk-amd64/jre/lib/rt.jar
7f80ad473000-7f80aec1d000 rw-p 00000000 00:00 0 
7f80aec1d000-7f80aec1e000 ---p 00000000 00:00 0 
7f80aec1e000-7f80aed1e000 rw-p 00000000 00:00 0 
7f80aed1e000-7f80aed1f000 ---p 00000000 00:00 0 
7f80aed1f000-7f80aee1f000 rw-p 00000000 00:00 0 
7f80aee1f000-7f80aee20000 ---p 00000000 00:00 0 
7f80aee20000-7f80aef20000 rw-p 00000000 00:00 0 
7f80aef20000-7f80aef21000 ---p 00000000 00:00 0 
7f80aef21000-7f80af021000 rw-p 00000000 00:00 0 
7f80af021000-7f80af022000 ---p 00000000 00:00 0 
7f80af022000-7f80af122000 rw-p 00000000 00:00 0 
7f80af122000-7f80af123000 ---p 00000000 00:00 0 
7f80af123000-7f80af2c7000 rw-p 00000000 00:00 0 
7f80af2c7000-7f80afc95000 ---p 00000000 00:00 0 
7f80afc95000-7f80afd39000 rw-p 00000000 00:00 0 
7f80afd39000-7f80b0706000 ---p 00000000 00:00 0 
7f80b0706000-7f80b0797000 rw-p 00000000 00:00 0 
7f80b0797000-7f80b0c3f000 ---p 00000000 00:00 0 
7f80b0c3f000-7f80b0c7a000 rw-p 00000000 00:00 0 
7f80b0c7a000-7f80b1000000 ---p 00000000 00:00 0 
7f80b1000000-7f80b1e80000 rwxp 00000000 00:00 0 
7f80b1e80000-7f80c0000000 ---p 00000000 00:00 0 
7f80c0000000-7f80c1d93000 rw-p 00000000 00:00 0 
7f80c1d93000-7f80c4000000 ---p 00000000 00:00 0 
7f80c4000000-7f80c4001000 r--s 00000000 00:35 63047740                   /home/tun3/.m2/repository/com/google/guava/listenablefuture/9999.0-empty-to-avoid-conflict-with-guava/listenablefuture-9999.0-empty-to-avoid-conflict-with-guava.jar
7f80c4001000-7f80c4003000 r--s 00009000 00:35 62654408                   /home/tun3/.m2/repository/org/slf4j/slf4j-api/1.7.25/slf4j-api-1.7.25.jar
7f80c4003000-7f80c4004000 r--s 00005000 00:35 63178097                   /home/tun3/.m2/repository/org/apache/logging/log4j/log4j-slf4j-impl/2.12.0/log4j-slf4j-impl-2.12.0.jar
7f80c4004000-7f80c400a000 r--s 0003d000 00:35 63178095                   /home/tun3/.m2/repository/org/apache/logging/log4j/log4j-api/2.12.0/log4j-api-2.12.0.jar
7f80c400a000-7f80c401d000 r--s 00346000 fd:01 20194169                   /usr/lib/jvm/java-8-openjdk-amd64/jre/lib/resources.jar
7f80c401d000-7f80c4021000 r--s 000a1000 fd:01 20194165                   /usr/lib/jvm/java-8-openjdk-amd64/jre/lib/jsse.jar
7f80c4021000-7f80c4023000 r--s 00016000 fd:01 20194163                   /usr/lib/jvm/java-8-openjdk-amd64/jre/lib/jce.jar
7f80c4023000-7f80c4025000 r--s 00007000 fd:01 20578587                   /usr/share/java/java-atk-wrapper.jar
7f80c4025000-7f80c402a000 r--s 002f9000 fd:01 20192915                   /usr/lib/jvm/java-8-openjdk-amd64/jre/lib/charsets.jar
7f80c402a000-7f80c40fb000 rw-p 00000000 00:00 0 
7f80c40fb000-7f80c40fc000 ---p 00000000 00:00 0 
7f80c40fc000-7f80c41fc000 rw-p 00000000 00:00 0 
7f80c41fc000-7f80c41fd000 ---p 00000000 00:00 0 
7f80c41fd000-7f80c42fd000 rw-p 00000000 00:00 0 
7f80c42fd000-7f80c4305000 r-xp 00000000 fd:01 20192733                   /usr/lib/jvm/java-8-openjdk-amd64/jre/lib/amd64/libzip.so
7f80c4305000-7f80c4504000 ---p 00008000 fd:01 20192733                   /usr/lib/jvm/java-8-openjdk-amd64/jre/lib/amd64/libzip.so
7f80c4504000-7f80c4505000 r--p 00007000 fd:01 20192733                   /usr/lib/jvm/java-8-openjdk-amd64/jre/lib/amd64/libzip.so
7f80c4505000-7f80c4506000 rw-p 00008000 fd:01 20192733                   /usr/lib/jvm/java-8-openjdk-amd64/jre/lib/amd64/libzip.so
7f80c4506000-7f80c4511000 r-xp 00000000 fd:01 21498330                   /lib/x86_64-linux-gnu/libnss_files-2.27.so
7f80c4511000-7f80c4710000 ---p 0000b000 fd:01 21498330                   /lib/x86_64-linux-gnu/libnss_files-2.27.so
7f80c4710000-7f80c4711000 r--p 0000a000 fd:01 21498330                   /lib/x86_64-linux-gnu/libnss_files-2.27.so
7f80c4711000-7f80c4712000 rw-p 0000b000 fd:01 21498330                   /lib/x86_64-linux-gnu/libnss_files-2.27.so
7f80c4712000-7f80c4718000 rw-p 00000000 00:00 0 
7f80c4718000-7f80c472f000 r-xp 00000000 fd:01 21498327                   /lib/x86_64-linux-gnu/libnsl-2.27.so
7f80c472f000-7f80c492e000 ---p 00017000 fd:01 21498327                   /lib/x86_64-linux-gnu/libnsl-2.27.so
7f80c492e000-7f80c492f000 r--p 00016000 fd:01 21498327                   /lib/x86_64-linux-gnu/libnsl-2.27.so
7f80c492f000-7f80c4930000 rw-p 00017000 fd:01 21498327                   /lib/x86_64-linux-gnu/libnsl-2.27.so
7f80c4930000-7f80c4932000 rw-p 00000000 00:00 0 
7f80c4932000-7f80c493d000 r-xp 00000000 fd:01 21498332                   /lib/x86_64-linux-gnu/libnss_nis-2.27.so
7f80c493d000-7f80c4b3c000 ---p 0000b000 fd:01 21498332                   /lib/x86_64-linux-gnu/libnss_nis-2.27.so
7f80c4b3c000-7f80c4b3d000 r--p 0000a000 fd:01 21498332                   /lib/x86_64-linux-gnu/libnss_nis-2.27.so
7f80c4b3d000-7f80c4b3e000 rw-p 0000b000 fd:01 21498332                   /lib/x86_64-linux-gnu/libnss_nis-2.27.so
7f80c4b3e000-7f80c4b46000 r-xp 00000000 fd:01 21498328                   /lib/x86_64-linux-gnu/libnss_compat-2.27.so
7f80c4b46000-7f80c4d46000 ---p 00008000 fd:01 21498328                   /lib/x86_64-linux-gnu/libnss_compat-2.27.so
7f80c4d46000-7f80c4d47000 r--p 00008000 fd:01 21498328                   /lib/x86_64-linux-gnu/libnss_compat-2.27.so
7f80c4d47000-7f80c4d48000 rw-p 00009000 fd:01 21498328                   /lib/x86_64-linux-gnu/libnss_compat-2.27.so
7f80c4d48000-7f80c4d52000 r-xp 00000000 fd:01 20192017                   /usr/lib/jvm/java-8-openjdk-amd64/jre/lib/amd64/libinstrument.so
7f80c4d52000-7f80c4f51000 ---p 0000a000 fd:01 20192017                   /usr/lib/jvm/java-8-openjdk-amd64/jre/lib/amd64/libinstrument.so
7f80c4f51000-7f80c4f52000 r--p 00009000 fd:01 20192017                   /usr/lib/jvm/java-8-openjdk-amd64/jre/lib/amd64/libinstrument.so
7f80c4f52000-7f80c4f53000 rw-p 0000a000 fd:01 20192017                   /usr/lib/jvm/java-8-openjdk-amd64/jre/lib/amd64/libinstrument.so
7f80c4f53000-7f80c4f7f000 r-xp 00000000 fd:01 20192252                   /usr/lib/jvm/java-8-openjdk-amd64/jre/lib/amd64/libjava.so
7f80c4f7f000-7f80c517e000 ---p 0002c000 fd:01 20192252                   /usr/lib/jvm/java-8-openjdk-amd64/jre/lib/amd64/libjava.so
7f80c517e000-7f80c517f000 r--p 0002b000 fd:01 20192252                   /usr/lib/jvm/java-8-openjdk-amd64/jre/lib/amd64/libjava.so
7f80c517f000-7f80c5181000 rw-p 0002c000 fd:01 20192252                   /usr/lib/jvm/java-8-openjdk-amd64/jre/lib/amd64/libjava.so
7f80c5181000-7f80c5191000 r-xp 00000000 fd:01 20192731                   /usr/lib/jvm/java-8-openjdk-amd64/jre/lib/amd64/libverify.so
7f80c5191000-7f80c5390000 ---p 00010000 fd:01 20192731                   /usr/lib/jvm/java-8-openjdk-amd64/jre/lib/amd64/libverify.so
7f80c5390000-7f80c5392000 r--p 0000f000 fd:01 20192731                   /usr/lib/jvm/java-8-openjdk-amd64/jre/lib/amd64/libverify.so
7f80c5392000-7f80c5393000 rw-p 00011000 fd:01 20192731                   /usr/lib/jvm/java-8-openjdk-amd64/jre/lib/amd64/libverify.so
7f80c5393000-7f80c539a000 r-xp 00000000 fd:01 21498337                   /lib/x86_64-linux-gnu/librt-2.27.so
7f80c539a000-7f80c5599000 ---p 00007000 fd:01 21498337                   /lib/x86_64-linux-gnu/librt-2.27.so
7f80c5599000-7f80c559a000 r--p 00006000 fd:01 21498337                   /lib/x86_64-linux-gnu/librt-2.27.so
7f80c559a000-7f80c559b000 rw-p 00007000 fd:01 21498337                   /lib/x86_64-linux-gnu/librt-2.27.so
7f80c559b000-7f80c55b2000 r-xp 00000000 fd:01 21496224                   /lib/x86_64-linux-gnu/libgcc_s.so.1
7f80c55b2000-7f80c57b1000 ---p 00017000 fd:01 21496224                   /lib/x86_64-linux-gnu/libgcc_s.so.1
7f80c57b1000-7f80c57b2000 r--p 00016000 fd:01 21496224                   /lib/x86_64-linux-gnu/libgcc_s.so.1
7f80c57b2000-7f80c57b3000 rw-p 00017000 fd:01 21496224                   /lib/x86_64-linux-gnu/libgcc_s.so.1
7f80c57b3000-7f80c5950000 r-xp 00000000 fd:01 21498324                   /lib/x86_64-linux-gnu/libm-2.27.so
7f80c5950000-7f80c5b4f000 ---p 0019d000 fd:01 21498324                   /lib/x86_64-linux-gnu/libm-2.27.so
7f80c5b4f000-7f80c5b50000 r--p 0019c000 fd:01 21498324                   /lib/x86_64-linux-gnu/libm-2.27.so
7f80c5b50000-7f80c5b51000 rw-p 0019d000 fd:01 21498324                   /lib/x86_64-linux-gnu/libm-2.27.so
7f80c5b51000-7f80c5cca000 r-xp 00000000 fd:01 20188658                   /usr/lib/x86_64-linux-gnu/libstdc++.so.6.0.25
7f80c5cca000-7f80c5eca000 ---p 00179000 fd:01 20188658                   /usr/lib/x86_64-linux-gnu/libstdc++.so.6.0.25
7f80c5eca000-7f80c5ed4000 r--p 00179000 fd:01 20188658                   /usr/lib/x86_64-linux-gnu/libstdc++.so.6.0.25
7f80c5ed4000-7f80c5ed6000 rw-p 00183000 fd:01 20188658                   /usr/lib/x86_64-linux-gnu/libstdc++.so.6.0.25
7f80c5ed6000-7f80c5eda000 rw-p 00000000 00:00 0 
7f80c5eda000-7f80c6b77000 r-xp 00000000 fd:01 20192914                   /usr/lib/jvm/java-8-openjdk-amd64/jre/lib/amd64/server/libjvm.so
7f80c6b77000-7f80c6d76000 ---p 00c9d000 fd:01 20192914                   /usr/lib/jvm/java-8-openjdk-amd64/jre/lib/amd64/server/libjvm.so
7f80c6d76000-7f80c6e0a000 r--p 00c9c000 fd:01 20192914                   /usr/lib/jvm/java-8-openjdk-amd64/jre/lib/amd64/server/libjvm.so
7f80c6e0a000-7f80c6e33000 rw-p 00d30000 fd:01 20192914                   /usr/lib/jvm/java-8-openjdk-amd64/jre/lib/amd64/server/libjvm.so
7f80c6e33000-7f80c6e63000 rw-p 00000000 00:00 0 
7f80c6e63000-7f80c6e7d000 r-xp 00000000 fd:01 21498335                   /lib/x86_64-linux-gnu/libpthread-2.27.so
7f80c6e7d000-7f80c707c000 ---p 0001a000 fd:01 21498335                   /lib/x86_64-linux-gnu/libpthread-2.27.so
7f80c707c000-7f80c707d000 r--p 00019000 fd:01 21498335                   /lib/x86_64-linux-gnu/libpthread-2.27.so
7f80c707d000-7f80c707e000 rw-p 0001a000 fd:01 21498335                   /lib/x86_64-linux-gnu/libpthread-2.27.so
7f80c707e000-7f80c7082000 rw-p 00000000 00:00 0 
7f80c7082000-7f80c7085000 r-xp 00000000 fd:01 21498323                   /lib/x86_64-linux-gnu/libdl-2.27.so
7f80c7085000-7f80c7284000 ---p 00003000 fd:01 21498323                   /lib/x86_64-linux-gnu/libdl-2.27.so
7f80c7284000-7f80c7285000 r--p 00002000 fd:01 21498323                   /lib/x86_64-linux-gnu/libdl-2.27.so
7f80c7285000-7f80c7286000 rw-p 00003000 fd:01 21498323                   /lib/x86_64-linux-gnu/libdl-2.27.so
7f80c7286000-7f80c72a2000 r-xp 00000000 fd:01 21500485                   /lib/x86_64-linux-gnu/libz.so.1.2.11
7f80c72a2000-7f80c74a1000 ---p 0001c000 fd:01 21500485                   /lib/x86_64-linux-gnu/libz.so.1.2.11
7f80c74a1000-7f80c74a2000 r--p 0001b000 fd:01 21500485                   /lib/x86_64-linux-gnu/libz.so.1.2.11
7f80c74a2000-7f80c74a3000 rw-p 0001c000 fd:01 21500485                   /lib/x86_64-linux-gnu/libz.so.1.2.11
7f80c74a3000-7f80c768a000 r-xp 00000000 fd:01 21498320                   /lib/x86_64-linux-gnu/libc-2.27.so
7f80c768a000-7f80c788a000 ---p 001e7000 fd:01 21498320                   /lib/x86_64-linux-gnu/libc-2.27.so
7f80c788a000-7f80c788e000 r--p 001e7000 fd:01 21498320                   /lib/x86_64-linux-gnu/libc-2.27.so
7f80c788e000-7f80c7890000 rw-p 001eb000 fd:01 21498320                   /lib/x86_64-linux-gnu/libc-2.27.so
7f80c7890000-7f80c7894000 rw-p 00000000 00:00 0 
7f80c7894000-7f80c78a2000 r-xp 00000000 fd:01 20191618                   /usr/lib/jvm/java-8-openjdk-amd64/jre/lib/amd64/jli/libjli.so
7f80c78a2000-7f80c7aa1000 ---p 0000e000 fd:01 20191618                   /usr/lib/jvm/java-8-openjdk-amd64/jre/lib/amd64/jli/libjli.so
7f80c7aa1000-7f80c7aa2000 r--p 0000d000 fd:01 20191618                   /usr/lib/jvm/java-8-openjdk-amd64/jre/lib/amd64/jli/libjli.so
7f80c7aa2000-7f80c7aa3000 rw-p 0000e000 fd:01 20191618                   /usr/lib/jvm/java-8-openjdk-amd64/jre/lib/amd64/jli/libjli.so
7f80c7aa3000-7f80c7aca000 r-xp 00000000 fd:01 21498316                   /lib/x86_64-linux-gnu/ld-2.27.so
7f80c7aca000-7f80c7acb000 r--s 00000000 fd:01 20194167                   /usr/lib/jvm/java-8-openjdk-amd64/jre/lib/management-agent.jar
7f80c7acb000-7f80c7ace000 r--s 0000f000 fd:01 20193060                   /usr/lib/jvm/java-8-openjdk-amd64/jre/lib/ext/icedtea-sound.jar
7f80c7ace000-7f80c7ae9000 r--s 00394000 fd:01 20193056                   /usr/lib/jvm/java-8-openjdk-amd64/jre/lib/ext/cldrdata.jar
7f80c7ae9000-7f80c7b04000 r--s 001d6000 fd:01 20193350                   /usr/lib/jvm/java-8-openjdk-amd64/jre/lib/ext/nashorn.jar
7f80c7b04000-7f80c7ba1000 rw-p 00000000 00:00 0 
7f80c7ba1000-7f80c7ba2000 ---p 00000000 00:00 0 
7f80c7ba2000-7f80c7ba5000 ---p 00000000 00:00 0 
7f80c7ba5000-7f80c7ca4000 rw-p 00000000 00:00 0 
7f80c7ca4000-7f80c7ca7000 r--s 00039000 fd:01 20193364                   /usr/lib/jvm/java-8-openjdk-amd64/jre/lib/ext/sunpkcs11.jar
7f80c7ca7000-7f80c7ca9000 r--s 00001000 fd:01 20193057                   /usr/lib/jvm/java-8-openjdk-amd64/jre/lib/ext/dnsns.jar
7f80c7ca9000-7f80c7caa000 r--s 0000a000 fd:01 20193061                   /usr/lib/jvm/java-8-openjdk-amd64/jre/lib/ext/jaccess.jar
7f80c7caa000-7f80c7cab000 r--s 00010000 fd:01 20193524                   /usr/lib/jvm/java-8-openjdk-amd64/jre/lib/ext/zipfs.jar
7f80c7cab000-7f80c7cad000 r--s 00008000 fd:01 20193352                   /usr/lib/jvm/java-8-openjdk-amd64/jre/lib/ext/sunec.jar
7f80c7cad000-7f80c7cb7000 r--s 00116000 fd:01 20193348                   /usr/lib/jvm/java-8-openjdk-amd64/jre/lib/ext/localedata.jar
7f80c7cb7000-7f80c7cb9000 r--s 00007000 fd:01 20578587                   /usr/share/java/java-atk-wrapper.jar
7f80c7cb9000-7f80c7cbe000 r--s 0003c000 fd:01 20193358                   /usr/lib/jvm/java-8-openjdk-amd64/jre/lib/ext/sunjce_provider.jar
7f80c7cbe000-7f80c7cc6000 rw-s 00000000 fd:01 55971770                   /tmp/hsperfdata_tun3/24353 (deleted)
7f80c7cc6000-7f80c7cc7000 rw-p 00000000 00:00 0 
7f80c7cc7000-7f80c7cc8000 ---p 00000000 00:00 0 
7f80c7cc8000-7f80c7cca000 rw-p 00000000 00:00 0 
7f80c7cca000-7f80c7ccb000 r--p 00027000 fd:01 21498316                   /lib/x86_64-linux-gnu/ld-2.27.so
7f80c7ccb000-7f80c7ccc000 rw-p 00028000 fd:01 21498316                   /lib/x86_64-linux-gnu/ld-2.27.so
7f80c7ccc000-7f80c7ccd000 rw-p 00000000 00:00 0 
7fffa4752000-7fffa4775000 rw-p 00000000 00:00 0                          [stack]
7fffa47d6000-7fffa47d9000 r--p 00000000 00:00 0                          [vvar]
7fffa47d9000-7fffa47db000 r-xp 00000000 00:00 0                          [vdso]
ffffffffff600000-ffffffffff601000 r-xp 00000000 00:00 0                  [vsyscall]

VM Arguments:
jvm_args: -javaagent:/snap/intellij-idea-ultimate/148/lib/idea_rt.jar=43381:/snap/intellij-idea-ultimate/148/bin -Dfile.encoding=UTF-8 
java_command: horse.wtf.nzyme.Main -c nzyme.conf
java_class_path (initial): /usr/lib/jvm/java-1.8.0-openjdk-amd64/jre/lib/charsets.jar:/usr/lib/jvm/java-1.8.0-openjdk-amd64/jre/lib/ext/cldrdata.jar:/usr/lib/jvm/java-1.8.0-openjdk-amd64/jre/lib/ext/dnsns.jar:/usr/lib/jvm/java-1.8.0-openjdk-amd64/jre/lib/ext/icedtea-sound.jar:/usr/lib/jvm/java-1.8.0-openjdk-amd64/jre/lib/ext/jaccess.jar:/usr/lib/jvm/java-1.8.0-openjdk-amd64/jre/lib/ext/java-atk-wrapper.jar:/usr/lib/jvm/java-1.8.0-openjdk-amd64/jre/lib/ext/localedata.jar:/usr/lib/jvm/java-1.8.0-openjdk-amd64/jre/lib/ext/nashorn.jar:/usr/lib/jvm/java-1.8.0-openjdk-amd64/jre/lib/ext/sunec.jar:/usr/lib/jvm/java-1.8.0-openjdk-amd64/jre/lib/ext/sunjce_provider.jar:/usr/lib/jvm/java-1.8.0-openjdk-amd64/jre/lib/ext/sunpkcs11.jar:/usr/lib/jvm/java-1.8.0-openjdk-amd64/jre/lib/ext/zipfs.jar:/usr/lib/jvm/java-1.8.0-openjdk-amd64/jre/lib/jce.jar:/usr/lib/jvm/java-1.8.0-openjdk-amd64/jre/lib/jsse.jar:/usr/lib/jvm/java-1.8.0-openjdk-amd64/jre/lib/management-agent.jar:/usr/lib/jvm/java-1.8.0-openjdk-amd64/jre/lib/resources.jar:/usr/lib/jvm/java-1.8.0-openjdk-amd64/jre/lib/rt.jar:/mnt/workspace/nzyme/target/classes:/home/tun3/.m2/repository/org/apache/logging/log4j/log4j-api/2.12.0/log4j-api-2.12.0.jar:/home/tun3/.m2/repository/org/apache/logging/log4j/log4j-core/2.12.0/log4j-core-2.12.0.jar:/home/tun3/.m2/repository/org/apache/logging/log4j/log4j-slf4j-impl/2.12.0/log4j-slf4j-impl-2.12.0.jar:/home/tun3/.m2/repository/org/slf4j/slf4j-api/1.7.25/slf4j-api-1.7.25.jar:/home/tun3/.m2/repository/org/pcap4j/pcap4j-core/1.8.1/pcap4j-core-1.8.1.jar:/home/tun3/.m2/repository/net/java/dev/jna/jna/5.3.1/jna-5.3.1.jar:/home/tun3/.m2/repository/org/pcap4j/pcap4j-packetfactory-static/1.8.1/pcap4j-packetfactory-static-1.8.1.jar:/home/tun3/.m2/repository/org/graylog2/gelfclient/1.4.4/gelfclient-1.4.4.jar:/home/tun3/.m2/repository/io/netty/netty-handler/4.1.31.Final/netty-handler-4.1.31.Final.jar:/home/tun3/.m2/repository/io/netty/netty-buffer/4.1.31.Final/netty-buffer-4.1.31.Final.jar:/home/tun3/
Launcher Type: SUN_STANDARD

Environment Variables:
PATH=/usr/local/sbin:/usr/local/bin:/usr/sbin:/usr/bin:/sbin:/bin:/usr/games:/usr/local/games:/snap/bin
USERNAME=tun3
SHELL=/bin/bash
DISPLAY=:1

Signal Handlers:
SIGSEGV: [libjvm.so+0xab5000], sa_mask[0]=11111111011111111101111111111110, sa_flags=SA_RESTART|SA_SIGINFO
SIGBUS: [libjvm.so+0xab5000], sa_mask[0]=11111111011111111101111111111110, sa_flags=SA_RESTART|SA_SIGINFO
SIGFPE: [libjvm.so+0x8ea970], sa_mask[0]=11111111011111111101111111111110, sa_flags=SA_RESTART|SA_SIGINFO
SIGPIPE: [libjvm.so+0x8ea970], sa_mask[0]=11111111011111111101111111111110, sa_flags=SA_RESTART|SA_SIGINFO
SIGXFSZ: [libjvm.so+0x8ea970], sa_mask[0]=11111111011111111101111111111110, sa_flags=SA_RESTART|SA_SIGINFO
SIGILL: [libjvm.so+0x8ea970], sa_mask[0]=11111111011111111101111111111110, sa_flags=SA_RESTART|SA_SIGINFO
SIGUSR1: SIG_DFL, sa_mask[0]=00000000000000000000000000000000, sa_flags=none
SIGUSR2: [libjvm.so+0x8ea820], sa_mask[0]=00100000000000000000000000000000, sa_flags=SA_RESTART|SA_SIGINFO
SIGHUP: [libjvm.so+0x8eae90], sa_mask[0]=11111111011111111101111111111110, sa_flags=SA_RESTART|SA_SIGINFO
SIGINT: [libjvm.so+0x8eae90], sa_mask[0]=11111111011111111101111111111110, sa_flags=SA_RESTART|SA_SIGINFO
SIGTERM: [libjvm.so+0x8eae90], sa_mask[0]=11111111011111111101111111111110, sa_flags=SA_RESTART|SA_SIGINFO
SIGQUIT: [libjvm.so+0x8eae90], sa_mask[0]=11111111011111111101111111111110, sa_flags=SA_RESTART|SA_SIGINFO


---------------  S Y S T E M  ---------------

OS:DISTRIB_ID=Ubuntu
DISTRIB_RELEASE=18.04
DISTRIB_CODENAME=bionic
DISTRIB_DESCRIPTION="Ubuntu 18.04.2 LTS"

uname:Linux 4.15.0-52-generic #56-Ubuntu SMP Tue Jun 4 22:49:08 UTC 2019 x86_64
libc:glibc 2.27 NPTL 2.27 
rlimit: STACK 8192k, CORE infinity, NPROC 127671, NOFILE 1048576, AS infinity
load average:1.29 1.29 1.15

/proc/meminfo:
MemTotal:       32841980 kB
MemFree:         4282480 kB
MemAvailable:   22786024 kB
Buffers:         3171844 kB
Cached:         15530744 kB
SwapCached:           16 kB
Active:         15585148 kB
Inactive:       10540460 kB
Active(anon):    7152372 kB
Inactive(anon):  1188032 kB
Active(file):    8432776 kB
Inactive(file):  9352428 kB
Unevictable:        1084 kB
Mlocked:            1084 kB
SwapTotal:      33455612 kB
SwapFree:       33454320 kB
Dirty:             44444 kB
Writeback:             0 kB
AnonPages:       7424120 kB
Mapped:          1944424 kB
Shmem:            926764 kB
Slab:            2005508 kB
SReclaimable:    1188604 kB
SUnreclaim:       816904 kB
KernelStack:       22256 kB
PageTables:        83408 kB
NFS_Unstable:          0 kB
Bounce:                0 kB
WritebackTmp:          0 kB
CommitLimit:    49876600 kB
Committed_AS:   18363168 kB
VmallocTotal:   34359738367 kB
VmallocUsed:           0 kB
VmallocChunk:          0 kB
HardwareCorrupted:     0 kB
AnonHugePages:         0 kB
ShmemHugePages:        0 kB
ShmemPmdMapped:        0 kB
CmaTotal:              0 kB
CmaFree:               0 kB
HugePages_Total:       0
HugePages_Free:        0
HugePages_Rsvd:        0
HugePages_Surp:        0
Hugepagesize:       2048 kB
DirectMap4k:     1507256 kB
DirectMap2M:    28803072 kB
DirectMap1G:     3145728 kB

container (cgroup) information:
container_type: cgroupv1
cpu_cpuset_cpus: 0-7
cpu_memory_nodes: 0
active_processor_count: 8
cpu_quota: -1
cpu_period: 100000
cpu_shares: -1
memory_limit_in_bytes: -1
memory_and_swap_limit_in_bytes: -2
memory_soft_limit_in_bytes: -1
memory_usage_in_bytes: 17771536384
memory_max_usage_in_bytes: 21869568000


CPU:total 8 (initial active 8) (4 cores per cpu, 2 threads per core) family 6 model 158 stepping 9, cmov, cx8, fxsr, mmx, sse, sse2, sse3, ssse3, sse4.1, sse4.2, popcnt, avx, avx2, aes, clmul, erms, rtm, 3dnowpref, lzcnt, ht, tsc, tscinvbit, bmi1, bmi2, adx

/proc/cpuinfo:
processor	: 0
vendor_id	: GenuineIntel
cpu family	: 6
model		: 158
model name	: Intel(R) Core(TM) i7-7700 CPU @ 3.60GHz
stepping	: 9
microcode	: 0xb4
cpu MHz		: 1400.163
cache size	: 8192 KB
physical id	: 0
siblings	: 8
core id		: 0
cpu cores	: 4
apicid		: 0
initial apicid	: 0
fpu		: yes
fpu_exception	: yes
cpuid level	: 22
wp		: yes
flags		: fpu vme de pse tsc msr pae mce cx8 apic sep mtrr pge mca cmov pat pse36 clflush dts acpi mmx fxsr sse sse2 ss ht tm pbe syscall nx pdpe1gb rdtscp lm constant_tsc art arch_perfmon pebs bts rep_good nopl xtopology nonstop_tsc cpuid aperfmperf tsc_known_freq pni pclmulqdq dtes64 monitor ds_cpl vmx smx est tm2 ssse3 sdbg fma cx16 xtpr pdcm pcid sse4_1 sse4_2 x2apic movbe popcnt tsc_deadline_timer aes xsave avx f16c rdrand lahf_lm abm 3dnowprefetch cpuid_fault epb invpcid_single pti ssbd ibrs ibpb stibp tpr_shadow vnmi flexpriority ept vpid fsgsbase tsc_adjust bmi1 hle avx2 smep bmi2 erms invpcid rtm mpx rdseed adx smap clflushopt intel_pt xsaveopt xsavec xgetbv1 xsaves dtherm ida arat pln pts hwp hwp_notify hwp_act_window hwp_epp md_clear flush_l1d
bugs		: cpu_meltdown spectre_v1 spectre_v2 spec_store_bypass l1tf mds
bogomips	: 7200.00
clflush size	: 64
cache_alignment	: 64
address sizes	: 39 bits physical, 48 bits virtual
power management:

processor	: 1
vendor_id	: GenuineIntel
cpu family	: 6
model		: 158
model name	: Intel(R) Core(TM) i7-7700 CPU @ 3.60GHz
stepping	: 9
microcode	: 0xb4
cpu MHz		: 1400.105
cache size	: 8192 KB
physical id	: 0
siblings	: 8
core id		: 1
cpu cores	: 4
apicid		: 2
initial apicid	: 2
fpu		: yes
fpu_exception	: yes
cpuid level	: 22
wp		: yes
flags		: fpu vme de pse tsc msr pae mce cx8 apic sep mtrr pge mca cmov pat pse36 clflush dts acpi mmx fxsr sse sse2 ss ht tm pbe syscall nx pdpe1gb rdtscp lm constant_tsc art arch_perfmon pebs bts rep_good nopl xtopology nonstop_tsc cpuid aperfmperf tsc_known_freq pni pclmulqdq dtes64 monitor ds_cpl vmx smx est tm2 ssse3 sdbg fma cx16 xtpr pdcm pcid sse4_1 sse4_2 x2apic movbe popcnt tsc_deadline_timer aes xsave avx f16c rdrand lahf_lm abm 3dnowprefetch cpuid_fault epb invpcid_single pti ssbd ibrs ibpb stibp tpr_shadow vnmi flexpriority ept vpid fsgsbase tsc_adjust bmi1 hle avx2 smep bmi2 erms invpcid rtm mpx rdseed adx smap clflushopt intel_pt xsaveopt xsavec xgetbv1 xsaves dtherm ida arat pln pts hwp hwp_notify hwp_act_window hwp_epp md_clear flush_l1d
bugs		: cpu_meltdown spectre_v1 spectre_v2 spec_store_bypass l1tf mds
bogomips	: 7200.00
clflush size	: 64
cache_alignment	: 64
address sizes	: 39 bits physical, 48 bits virtual
power management:

processor	: 2
vendor_id	: GenuineIntel
cpu family	: 6
model		: 158
model name	: Intel(R) Core(TM) i7-7700 CPU @ 3.60GHz
stepping	: 9
microcode	: 0xb4
cpu MHz		: 1400.010
cache size	: 8192 KB
physical id	: 0
siblings	: 8
core id		: 2
cpu cores	: 4
apicid		: 4
initial apicid	: 4
fpu		: yes
fpu_exception	: yes
cpuid level	: 22
wp		: yes
flags		: fpu vme de pse tsc msr pae mce cx8 apic sep mtrr pge mca cmov pat pse36 clflush dts acpi mmx fxsr sse sse2 ss ht tm pbe syscall nx pdpe1gb rdtscp lm constant_tsc art arch_perfmon pebs bts rep_good nopl xtopology nonstop_tsc cpuid aperfmperf tsc_known_freq pni pclmulqdq dtes64 monitor ds_cpl vmx smx est tm2 ssse3 sdbg fma cx16 xtpr pdcm pcid sse4_1 sse4_2 x2apic movbe popcnt tsc_deadline_timer aes xsave avx f16c rdrand lahf_lm abm 3dnowprefetch cpuid_fault epb invpcid_single pti ssbd ibrs ibpb stibp tpr_shadow vnmi flexpriority ept vpid fsgsbase tsc_adjust bmi1 hle avx2 smep bmi2 erms invpcid rtm mpx rdseed adx smap clflushopt intel_pt xsaveopt xsavec xgetbv1 xsaves dtherm ida arat pln pts hwp hwp_notify hwp_act_window hwp_epp md_clear flush_l1d
bugs		: cpu_meltdown spectre_v1 spectre_v2 spec_store_bypass l1tf mds
bogomips	: 7200.00
clflush size	: 64
cache_alignment	: 64
address sizes	: 39 bits physical, 48 bits virtual
power management:

processor	: 3
vendor_id	: GenuineIntel
cpu family	: 6
model		: 158
model name	: Intel(R) Core(TM) i7-7700 CPU @ 3.60GHz
stepping	: 9
microcode	: 0xb4
cpu MHz		: 1400.090
cache size	: 8192 KB
physical id	: 0
siblings	: 8
core id		: 3
cpu cores	: 4
apicid		: 6
initial apicid	: 6
fpu		: yes
fpu_exception	: yes
cpuid level	: 22
wp		: yes
flags		: fpu vme de pse tsc msr pae mce cx8 apic sep mtrr pge mca cmov pat pse36 clflush dts acpi mmx fxsr sse sse2 ss ht tm pbe syscall nx pdpe1gb rdtscp lm constant_tsc art arch_perfmon pebs bts rep_good nopl xtopology nonstop_tsc cpuid aperfmperf tsc_known_freq pni pclmulqdq dtes64 monitor ds_cpl vmx smx est tm2 ssse3 sdbg fma cx16 xtpr pdcm pcid sse4_1 sse4_2 x2apic movbe popcnt tsc_deadline_timer aes xsave avx f16c rdrand lahf_lm abm 3dnowprefetch cpuid_fault epb invpcid_single pti ssbd ibrs ibpb stibp tpr_shadow vnmi flexpriority ept vpid fsgsbase tsc_adjust bmi1 hle avx2 smep bmi2 erms invpcid rtm mpx rdseed adx smap clflushopt intel_pt xsaveopt xsavec xgetbv1 xsaves dtherm ida arat pln pts hwp hwp_notify hwp_act_window hwp_epp md_clear flush_l1d
bugs		: cpu_meltdown spectre_v1 spectre_v2 spec_store_bypass l1tf mds
bogomips	: 7200.00
clflush size	: 64
cache_alignment	: 64
address sizes	: 39 bits physical, 48 bits virtual
power management:

processor	: 4
vendor_id	: GenuineIntel
cpu family	: 6
model		: 158
model name	: Intel(R) Core(TM) i7-7700 CPU @ 3.60GHz
stepping	: 9
microcode	: 0xb4
cpu MHz		: 1400.027
cache size	: 8192 KB
physical id	: 0
siblings	: 8
core id		: 0
cpu cores	: 4
apicid		: 1
initial apicid	: 1
fpu		: yes
fpu_exception	: yes
cpuid level	: 22
wp		: yes
flags		: fpu vme de pse tsc msr pae mce cx8 apic sep mtrr pge mca cmov pat pse36 clflush dts acpi mmx fxsr sse sse2 ss ht tm pbe syscall nx pdpe1gb rdtscp lm constant_tsc art arch_perfmon pebs bts rep_good nopl xtopology nonstop_tsc cpuid aperfmperf tsc_known_freq pni pclmulqdq dtes64 monitor ds_cpl vmx smx est tm2 ssse3 sdbg fma cx16 xtpr pdcm pcid sse4_1 sse4_2 x2apic movbe popcnt tsc_deadline_timer aes xsave avx f16c rdrand lahf_lm abm 3dnowprefetch cpuid_fault epb invpcid_single pti ssbd ibrs ibpb stibp tpr_shadow vnmi flexpriority ept vpid fsgsbase tsc_adjust bmi1 hle avx2 smep bmi2 erms invpcid rtm mpx rdseed adx smap clflushopt intel_pt xsaveopt xsavec xgetbv1 xsaves dtherm ida arat pln pts hwp hwp_notify hwp_act_window hwp_epp md_clear flush_l1d
bugs		: cpu_meltdown spectre_v1 spectre_v2 spec_store_bypass l1tf mds
bogomips	: 7200.00
clflush size	: 64
cache_alignment	: 64
address sizes	: 39 bits physical, 48 bits virtual
power management:

processor	: 5
vendor_id	: GenuineIntel
cpu family	: 6
model		: 158
model name	: Intel(R) Core(TM) i7-7700 CPU @ 3.60GHz
stepping	: 9
microcode	: 0xb4
cpu MHz		: 1400.196
cache size	: 8192 KB
physical id	: 0
siblings	: 8
core id		: 1
cpu cores	: 4
apicid		: 3
initial apicid	: 3
fpu		: yes
fpu_exception	: yes
cpuid level	: 22
wp		: yes
flags		: fpu vme de pse tsc msr pae mce cx8 apic sep mtrr pge mca cmov pat pse36 clflush dts acpi mmx fxsr sse sse2 ss ht tm pbe syscall nx pdpe1gb rdtscp lm constant_tsc art arch_perfmon pebs bts rep_good nopl xtopology nonstop_tsc cpuid aperfmperf tsc_known_freq pni pclmulqdq dtes64 monitor ds_cpl vmx smx est tm2 ssse3 sdbg fma cx16 xtpr pdcm pcid sse4_1 sse4_2 x2apic movbe popcnt tsc_deadline_timer aes xsave avx f16c rdrand lahf_lm abm 3dnowprefetch cpuid_fault epb invpcid_single pti ssbd ibrs ibpb stibp tpr_shadow vnmi flexpriority ept vpid fsgsbase tsc_adjust bmi1 hle avx2 smep bmi2 erms invpcid rtm mpx rdseed adx smap clflushopt intel_pt xsaveopt xsavec xgetbv1 xsaves dtherm ida arat pln pts hwp hwp_notify hwp_act_window hwp_epp md_clear flush_l1d
bugs		: cpu_meltdown spectre_v1 spectre_v2 spec_store_bypass l1tf mds
bogomips	: 7200.00
clflush size	: 64
cache_alignment	: 64
address sizes	: 39 bits physical, 48 bits virtual
power management:

processor	: 6
vendor_id	: GenuineIntel
cpu family	: 6
model		: 158
model name	: Intel(R) Core(TM) i7-7700 CPU @ 3.60GHz
stepping	: 9
microcode	: 0xb4
cpu MHz		: 1399.996
cache size	: 8192 KB
physical id	: 0
siblings	: 8
core id		: 2
cpu cores	: 4
apicid		: 5
initial apicid	: 5
fpu		: yes
fpu_exception	: yes
cpuid level	: 22
wp		: yes
flags		: fpu vme de pse tsc msr pae mce cx8 apic sep mtrr pge mca cmov pat pse36 clflush dts acpi mmx fxsr sse sse2 ss ht tm pbe syscall nx pdpe1gb rdtscp lm constant_tsc art arch_perfmon pebs bts rep_good nopl xtopology nonstop_tsc cpuid aperfmperf tsc_known_freq pni pclmulqdq dtes64 monitor ds_cpl vmx smx est tm2 ssse3 sdbg fma cx16 xtpr pdcm pcid sse4_1 sse4_2 x2apic movbe popcnt tsc_deadline_timer aes xsave avx f16c rdrand lahf_lm abm 3dnowprefetch cpuid_fault epb invpcid_single pti ssbd ibrs ibpb stibp tpr_shadow vnmi flexpriority ept vpid fsgsbase tsc_adjust bmi1 hle avx2 smep bmi2 erms invpcid rtm mpx rdseed adx smap clflushopt intel_pt xsaveopt xsavec xgetbv1 xsaves dtherm ida arat pln pts hwp hwp_notify hwp_act_window hwp_epp md_clear flush_l1d
bugs		: cpu_meltdown spectre_v1 spectre_v2 spec_store_bypass l1tf mds
bogomips	: 7200.00
clflush size	: 64
cache_alignment	: 64
address sizes	: 39 bits physical, 48 bits virtual
power management:

processor	: 7
vendor_id	: GenuineIntel
cpu family	: 6
model		: 158
model name	: Intel(R) Core(TM) i7-7700 CPU @ 3.60GHz
stepping	: 9
microcode	: 0xb4
cpu MHz		: 1400.110
cache size	: 8192 KB
physical id	: 0
siblings	: 8
core id		: 3
cpu cores	: 4
apicid		: 7
initial apicid	: 7
fpu		: yes
fpu_exception	: yes
cpuid level	: 22
wp		: yes
flags		: fpu vme de pse tsc msr pae mce cx8 apic sep mtrr pge mca cmov pat pse36 clflush dts acpi mmx fxsr sse sse2 ss ht tm pbe syscall nx pdpe1gb rdtscp lm constant_tsc art arch_perfmon pebs bts rep_good nopl xtopology nonstop_tsc cpuid aperfmperf tsc_known_freq pni pclmulqdq dtes64 monitor ds_cpl vmx smx est tm2 ssse3 sdbg fma cx16 xtpr pdcm pcid sse4_1 sse4_2 x2apic movbe popcnt tsc_deadline_timer aes xsave avx f16c rdrand lahf_lm abm 3dnowprefetch cpuid_fault epb invpcid_single pti ssbd ibrs ibpb stibp tpr_shadow vnmi flexpriority ept vpid fsgsbase tsc_adjust bmi1 hle avx2 smep bmi2 erms invpcid rtm mpx rdseed adx smap clflushopt intel_pt xsaveopt xsavec xgetbv1 xsaves dtherm ida arat pln pts hwp hwp_notify hwp_act_window hwp_epp md_clear flush_l1d
bugs		: cpu_meltdown spectre_v1 spectre_v2 spec_store_bypass l1tf mds
bogomips	: 7200.00
clflush size	: 64
cache_alignment	: 64
address sizes	: 39 bits physical, 48 bits virtual
power management:



Memory: 4k page, physical 32841980k(4282480k free), swap 33455612k(33454320k free)

vm_info: OpenJDK 64-Bit Server VM (25.212-b03) for linux-amd64 JRE (1.8.0_212-8u212-b03-0ubuntu1.18.04.1-b03), built on Apr 26 2019 01:04:36 by "buildd" with gcc 7.3.0

time: Wed Jul 10 20:51:41 2019
timezone: CDT
elapsed time: 30 seconds (0d 0h 0m 30s)

